# JRE version: OpenJDK Runtime Environment Temurin-17.0.12+7 (17.0.12+7) (build 17.0.12+7)
# Java VM: OpenJDK 64-Bit Server VM Temurin-17.0.12+7 (17.0.12+7, mixed mode, tiered, compressed oops, compressed class ptrs, parallel gc, windows-amd64)
GC Precious Log:
 CPUs: 12 total, 12 available
 Memory: 16328M
 Large Page Support: Disabled
 NUMA Support: Disabled
 Compressed Oops: Enabled (Zero based)
 Alignments: Space 512K, Generation 512K, Heap 2M
 Heap Min Capacity: 100M
 Heap Initial Capacity: 100M
 Heap Max Capacity: 4G
 Pre-touch: Disabled
 Parallel Workers: 10
Heap:
 PSYoungGen      total 13312K, used 11015K [0x00000007aab00000, 0x00000007abb80000, 0x0000000800000000)
  eden space 9728K, 76% used [0x00000007aab00000,0x00000007ab243570,0x00000007ab480000)
  from space 3584K, 99% used [0x00000007ab480000,0x00000007ab7fe790,0x00000007ab800000)
  to   space 2560K, 0% used [0x00000007ab800000,0x00000007ab800000,0x00000007aba80000)
 ParOldGen       total 163328K, used 141324K [0x0000000700000000, 0x0000000709f80000, 0x00000007aab00000)
  object space 163328K, 86% used [0x0000000700000000,0x0000000708a03380,0x0000000709f80000)
 Metaspace       used 59425K, committed 60544K, reserved 1114112K
  class space    used 6422K, committed 6912K, reserved 1048576K
GC Heap History (20 events):
Event: 7.155 GC heap before
{Heap before GC invocations=69 (full 5):
 PSYoungGen      total 12288K, used 12197K [0x00000007aab00000, 0x00000007abc00000, 0x0000000800000000)
  eden space 9728K, 100% used [0x00000007aab00000,0x00000007ab480000,0x00000007ab480000)
  from space 2560K, 96% used [0x00000007ab980000,0x00000007abbe94b8,0x00000007abc00000)
  to   space 3584K, 0% used [0x00000007ab500000,0x00000007ab500000,0x00000007ab880000)
 ParOldGen       total 138240K, used 122495K [0x0000000700000000, 0x0000000708700000, 0x00000007aab00000)
  object space 138240K, 88% used [0x0000000700000000,0x000000070779fd70,0x0000000708700000)
 Metaspace       used 59420K, committed 60544K, reserved 1114112K
  class space    used 6422K, committed 6912K, reserved 1048576K
}
Event: 7.157 GC heap after
{Heap after GC invocations=69 (full 5):
 PSYoungGen      total 13312K, used 3581K [0x00000007aab00000, 0x00000007abe80000, 0x0000000800000000)
  eden space 9728K, 0% used [0x00000007aab00000,0x00000007aab00000,0x00000007ab480000)
  from space 3584K, 99% used [0x00000007ab500000,0x00000007ab87f578,0x00000007ab880000)
  to   space 5120K, 0% used [0x00000007ab980000,0x00000007ab980000,0x00000007abe80000)
 ParOldGen       total 138240K, used 123427K [0x0000000700000000, 0x0000000708700000, 0x00000007aab00000)
  object space 138240K, 89% used [0x0000000700000000,0x0000000707888f98,0x0000000708700000)
 Metaspace       used 59420K, committed 60544K, reserved 1114112K
  class space    used 6422K, committed 6912K, reserved 1048576K
}
Event: 7.183 GC heap before
{Heap before GC invocations=70 (full 5):
 PSYoungGen      total 13312K, used 13309K [0x00000007aab00000, 0x00000007abe80000, 0x0000000800000000)
  eden space 9728K, 100% used [0x00000007aab00000,0x00000007ab480000,0x00000007ab480000)
  from space 3584K, 99% used [0x00000007ab500000,0x00000007ab87f578,0x00000007ab880000)
  to   space 5120K, 0% used [0x00000007ab980000,0x00000007ab980000,0x00000007abe80000)
 ParOldGen       total 138240K, used 123427K [0x0000000700000000, 0x0000000708700000, 0x00000007aab00000)
  object space 138240K, 89% used [0x0000000700000000,0x0000000707888f98,0x0000000708700000)
 Metaspace       used 59425K, committed 60544K, reserved 1114112K
  class space    used 6422K, committed 6912K, reserved 1048576K
}
Event: 7.184 GC heap after
{Heap after GC invocations=70 (full 5):
 PSYoungGen      total 12288K, used 2378K [0x00000007aab00000, 0x00000007abc00000, 0x0000000800000000)
  eden space 9728K, 0% used [0x00000007aab00000,0x00000007aab00000,0x00000007ab480000)
  from space 2560K, 92% used [0x00000007ab980000,0x00000007abbd2880,0x00000007abc00000)
  to   space 3584K, 0% used [0x00000007ab500000,0x00000007ab500000,0x00000007ab880000)
 ParOldGen       total 138240K, used 126940K [0x0000000700000000, 0x0000000708700000, 0x00000007aab00000)
  object space 138240K, 91% used [0x0000000700000000,0x0000000707bf7140,0x0000000708700000)
 Metaspace       used 59425K, committed 60544K, reserved 1114112K
  class space    used 6422K, committed 6912K, reserved 1048576K
}
Event: 7.210 GC heap before
{Heap before GC invocations=71 (full 5):
 PSYoungGen      total 12288K, used 12106K [0x00000007aab00000, 0x00000007abc00000, 0x0000000800000000)
  eden space 9728K, 100% used [0x00000007aab00000,0x00000007ab480000,0x00000007ab480000)
  from space 2560K, 92% used [0x00000007ab980000,0x00000007abbd2880,0x00000007abc00000)
  to   space 3584K, 0% used [0x00000007ab500000,0x00000007ab500000,0x00000007ab880000)
 ParOldGen       total 138240K, used 126940K [0x0000000700000000, 0x0000000708700000, 0x00000007aab00000)
  object space 138240K, 91% used [0x0000000700000000,0x0000000707bf7140,0x0000000708700000)
 Metaspace       used 59425K, committed 60544K, reserved 1114112K
  class space    used 6422K, committed 6912K, reserved 1048576K
}
Event: 7.211 GC heap after
{Heap after GC invocations=71 (full 5):
 PSYoungGen      total 13312K, used 3580K [0x00000007aab00000, 0x00000007abe80000, 0x0000000800000000)
  eden space 9728K, 0% used [0x00000007aab00000,0x00000007aab00000,0x00000007ab480000)
  from space 3584K, 99% used [0x00000007ab500000,0x00000007ab87f0b0,0x00000007ab880000)
  to   space 5120K, 0% used [0x00000007ab980000,0x00000007ab980000,0x00000007abe80000)
 ParOldGen       total 138240K, used 127947K [0x0000000700000000, 0x0000000708700000, 0x00000007aab00000)
  object space 138240K, 92% used [0x0000000700000000,0x0000000707cf2f50,0x0000000708700000)
 Metaspace       used 59425K, committed 60544K, reserved 1114112K
  class space    used 6422K, committed 6912K, reserved 1048576K
}
Event: 7.242 GC heap before
{Heap before GC invocations=72 (full 5):
 PSYoungGen      total 13312K, used 13308K [0x00000007aab00000, 0x00000007abe80000, 0x0000000800000000)
  eden space 9728K, 100% used [0x00000007aab00000,0x00000007ab480000,0x00000007ab480000)
  from space 3584K, 99% used [0x00000007ab500000,0x00000007ab87f0b0,0x00000007ab880000)
  to   space 5120K, 0% used [0x00000007ab980000,0x00000007ab980000,0x00000007abe80000)
 ParOldGen       total 138240K, used 127947K [0x0000000700000000, 0x0000000708700000, 0x00000007aab00000)
  object space 138240K, 92% used [0x0000000700000000,0x0000000707cf2f50,0x0000000708700000)
 Metaspace       used 59425K, committed 60544K, reserved 1114112K
  class space    used 6422K, committed 6912K, reserved 1048576K
}
Event: 7.244 GC heap after
{Heap after GC invocations=72 (full 5):
 PSYoungGen      total 12288K, used 2421K [0x00000007aab00000, 0x00000007abc00000, 0x0000000800000000)
  eden space 9728K, 0% used [0x00000007aab00000,0x00000007aab00000,0x00000007ab480000)
  from space 2560K, 94% used [0x00000007ab980000,0x00000007abbdd4e0,0x00000007abc00000)
  to   space 3584K, 0% used [0x00000007ab500000,0x00000007ab500000,0x00000007ab880000)
 ParOldGen       total 138240K, used 131377K [0x0000000700000000, 0x0000000708700000, 0x00000007aab00000)
  object space 138240K, 95% used [0x0000000700000000,0x000000070804c760,0x0000000708700000)
 Metaspace       used 59425K, committed 60544K, reserved 1114112K
  class space    used 6422K, committed 6912K, reserved 1048576K
}
Event: 7.266 GC heap before
{Heap before GC invocations=73 (full 5):
 PSYoungGen      total 12288K, used 12149K [0x00000007aab00000, 0x00000007abc00000, 0x0000000800000000)
  eden space 9728K, 100% used [0x00000007aab00000,0x00000007ab480000,0x00000007ab480000)
  from space 2560K, 94% used [0x00000007ab980000,0x00000007abbdd4e0,0x00000007abc00000)
  to   space 3584K, 0% used [0x00000007ab500000,0x00000007ab500000,0x00000007ab880000)
 ParOldGen       total 138240K, used 131377K [0x0000000700000000, 0x0000000708700000, 0x00000007aab00000)
  object space 138240K, 95% used [0x0000000700000000,0x000000070804c760,0x0000000708700000)
 Metaspace       used 59425K, committed 60544K, reserved 1114112K
  class space    used 6422K, committed 6912K, reserved 1048576K
}
Event: 7.268 GC heap after
{Heap after GC invocations=73 (full 5):
 PSYoungGen      total 13312K, used 3572K [0x00000007aab00000, 0x00000007abe80000, 0x0000000800000000)
  eden space 9728K, 0% used [0x00000007aab00000,0x00000007aab00000,0x00000007ab480000)
  from space 3584K, 99% used [0x00000007ab500000,0x00000007ab87d200,0x00000007ab880000)
  to   space 5120K, 0% used [0x00000007ab980000,0x00000007ab980000,0x00000007abe80000)
 ParOldGen       total 138240K, used 132445K [0x0000000700000000, 0x0000000708700000, 0x00000007aab00000)
  object space 138240K, 95% used [0x0000000700000000,0x0000000708157408,0x0000000708700000)
 Metaspace       used 59425K, committed 60544K, reserved 1114112K
  class space    used 6422K, committed 6912K, reserved 1048576K
}
Event: 7.287 GC heap before
{Heap before GC invocations=74 (full 5):
 PSYoungGen      total 13312K, used 13300K [0x00000007aab00000, 0x00000007abe80000, 0x0000000800000000)
  eden space 9728K, 100% used [0x00000007aab00000,0x00000007ab480000,0x00000007ab480000)
  from space 3584K, 99% used [0x00000007ab500000,0x00000007ab87d200,0x00000007ab880000)
  to   space 5120K, 0% used [0x00000007ab980000,0x00000007ab980000,0x00000007abe80000)
 ParOldGen       total 138240K, used 132445K [0x0000000700000000, 0x0000000708700000, 0x00000007aab00000)
  object space 138240K, 95% used [0x0000000700000000,0x0000000708157408,0x0000000708700000)
 Metaspace       used 59425K, committed 60544K, reserved 1114112K
  class space    used 6422K, committed 6912K, reserved 1048576K
}
Event: 7.291 GC heap after
{Heap after GC invocations=74 (full 5):
 PSYoungGen      total 12288K, used 2468K [0x00000007aab00000, 0x00000007abc00000, 0x0000000800000000)
  eden space 9728K, 0% used [0x00000007aab00000,0x00000007aab00000,0x00000007ab480000)
  from space 2560K, 96% used [0x00000007ab980000,0x00000007abbe93c8,0x00000007abc00000)
  to   space 3584K, 0% used [0x00000007ab500000,0x00000007ab500000,0x00000007ab880000)
 ParOldGen       total 138240K, used 135962K [0x0000000700000000, 0x0000000708700000, 0x00000007aab00000)
  object space 138240K, 98% used [0x0000000700000000,0x00000007084c6ad8,0x0000000708700000)
 Metaspace       used 59425K, committed 60544K, reserved 1114112K
  class space    used 6422K, committed 6912K, reserved 1048576K
}
Event: 7.291 GC heap before
{Heap before GC invocations=75 (full 6):
 PSYoungGen      total 12288K, used 2468K [0x00000007aab00000, 0x00000007abc00000, 0x0000000800000000)
  eden space 9728K, 0% used [0x00000007aab00000,0x00000007aab00000,0x00000007ab480000)
  from space 2560K, 96% used [0x00000007ab980000,0x00000007abbe93c8,0x00000007abc00000)
  to   space 3584K, 0% used [0x00000007ab500000,0x00000007ab500000,0x00000007ab880000)
 ParOldGen       total 138240K, used 135962K [0x0000000700000000, 0x0000000708700000, 0x00000007aab00000)
  object space 138240K, 98% used [0x0000000700000000,0x00000007084c6ad8,0x0000000708700000)
 Metaspace       used 59425K, committed 60544K, reserved 1114112K
  class space    used 6422K, committed 6912K, reserved 1048576K
}
Event: 7.346 GC heap after
{Heap after GC invocations=75 (full 6):
 PSYoungGen      total 10240K, used 0K [0x00000007aab00000, 0x00000007abb80000, 0x0000000800000000)
  eden space 9728K, 0% used [0x00000007aab00000,0x00000007aab00000,0x00000007ab480000)
  from space 512K, 0% used [0x00000007ab500000,0x00000007ab500000,0x00000007ab580000)
  to   space 3584K, 0% used [0x00000007ab800000,0x00000007ab800000,0x00000007abb80000)
 ParOldGen       total 163328K, used 135723K [0x0000000700000000, 0x0000000709f80000, 0x00000007aab00000)
  object space 163328K, 83% used [0x0000000700000000,0x000000070848ac98,0x0000000709f80000)
 Metaspace       used 59425K, committed 60544K, reserved 1114112K
  class space    used 6422K, committed 6912K, reserved 1048576K
}
Event: 7.368 GC heap before
{Heap before GC invocations=76 (full 6):
 PSYoungGen      total 10240K, used 9728K [0x00000007aab00000, 0x00000007abb80000, 0x0000000800000000)
  eden space 9728K, 100% used [0x00000007aab00000,0x00000007ab480000,0x00000007ab480000)
  from space 512K, 0% used [0x00000007ab500000,0x00000007ab500000,0x00000007ab580000)
  to   space 3584K, 0% used [0x00000007ab800000,0x00000007ab800000,0x00000007abb80000)
 ParOldGen       total 163328K, used 135723K [0x0000000700000000, 0x0000000709f80000, 0x00000007aab00000)
  object space 163328K, 83% used [0x0000000700000000,0x000000070848ac98,0x0000000709f80000)
 Metaspace       used 59425K, committed 60544K, reserved 1114112K
  class space    used 6422K, committed 6912K, reserved 1048576K
}
Event: 7.368 GC heap after
{Heap after GC invocations=76 (full 6):
 PSYoungGen      total 12288K, used 2427K [0x00000007aab00000, 0x00000007aba80000, 0x0000000800000000)
  eden space 9728K, 0% used [0x00000007aab00000,0x00000007aab00000,0x00000007ab480000)
  from space 2560K, 94% used [0x00000007ab800000,0x00000007aba5ed58,0x00000007aba80000)
  to   space 3072K, 0% used [0x00000007ab480000,0x00000007ab480000,0x00000007ab780000)
 ParOldGen       total 163328K, used 135723K [0x0000000700000000, 0x0000000709f80000, 0x00000007aab00000)
  object space 163328K, 83% used [0x0000000700000000,0x000000070848ac98,0x0000000709f80000)
 Metaspace       used 59425K, committed 60544K, reserved 1114112K
  class space    used 6422K, committed 6912K, reserved 1048576K
}
Event: 7.394 GC heap before
{Heap before GC invocations=77 (full 6):
 PSYoungGen      total 12288K, used 12155K [0x00000007aab00000, 0x00000007aba80000, 0x0000000800000000)
  eden space 9728K, 100% used [0x00000007aab00000,0x00000007ab480000,0x00000007ab480000)
  from space 2560K, 94% used [0x00000007ab800000,0x00000007aba5ed58,0x00000007aba80000)
  to   space 3072K, 0% used [0x00000007ab480000,0x00000007ab480000,0x00000007ab780000)
 ParOldGen       total 163328K, used 135723K [0x0000000700000000, 0x0000000709f80000, 0x00000007aab00000)
  object space 163328K, 83% used [0x0000000700000000,0x000000070848ac98,0x0000000709f80000)
 Metaspace       used 59425K, committed 60544K, reserved 1114112K
  class space    used 6422K, committed 6912K, reserved 1048576K
}
Event: 7.395 GC heap after
{Heap after GC invocations=77 (full 6):
 PSYoungGen      total 12800K, used 3044K [0x00000007aab00000, 0x00000007aba80000, 0x0000000800000000)
  eden space 9728K, 0% used [0x00000007aab00000,0x00000007aab00000,0x00000007ab480000)
  from space 3072K, 99% used [0x00000007ab480000,0x00000007ab7793d0,0x00000007ab780000)
  to   space 2560K, 0% used [0x00000007ab800000,0x00000007ab800000,0x00000007aba80000)
 ParOldGen       total 163328K, used 137252K [0x0000000700000000, 0x0000000709f80000, 0x00000007aab00000)
  object space 163328K, 84% used [0x0000000700000000,0x00000007086092c8,0x0000000709f80000)
 Metaspace       used 59425K, committed 60544K, reserved 1114112K
  class space    used 6422K, committed 6912K, reserved 1048576K
}
Event: 7.421 GC heap before
{Heap before GC invocations=78 (full 6):
 PSYoungGen      total 12800K, used 12772K [0x00000007aab00000, 0x00000007aba80000, 0x0000000800000000)
  eden space 9728K, 100% used [0x00000007aab00000,0x00000007ab480000,0x00000007ab480000)
  from space 3072K, 99% used [0x00000007ab480000,0x00000007ab7793d0,0x00000007ab780000)
  to   space 2560K, 0% used [0x00000007ab800000,0x00000007ab800000,0x00000007aba80000)
 ParOldGen       total 163328K, used 137252K [0x0000000700000000, 0x0000000709f80000, 0x00000007aab00000)
  object space 163328K, 84% used [0x0000000700000000,0x00000007086092c8,0x0000000709f80000)
 Metaspace       used 59425K, committed 60544K, reserved 1114112K
  class space    used 6422K, committed 6912K, reserved 1048576K
}
Event: 7.423 GC heap after
{Heap after GC invocations=78 (full 6):
 PSYoungGen      total 12288K, used 2432K [0x00000007aab00000, 0x00000007abb80000, 0x0000000800000000)
  eden space 9728K, 0% used [0x00000007aab00000,0x00000007aab00000,0x00000007ab480000)
  from space 2560K, 95% used [0x00000007ab800000,0x00000007aba600f0,0x00000007aba80000)
  to   space 3584K, 0% used [0x00000007ab480000,0x00000007ab480000,0x00000007ab800000)
 ParOldGen       total 163328K, used 140212K [0x0000000700000000, 0x0000000709f80000, 0x00000007aab00000)
  object space 163328K, 85% used [0x0000000700000000,0x00000007088ed2c0,0x0000000709f80000)
 Metaspace       used 59425K, committed 60544K, reserved 1114112K
  class space    used 6422K, committed 6912K, reserved 1048576K
}

