# JRE version: OpenJDK Runtime Environment Temurin-17.0.12+7 (17.0.12+7) (build 17.0.12+7)
# Java VM: OpenJDK 64-Bit Server VM Temurin-17.0.12+7 (17.0.12+7, mixed mode, tiered, compressed oops, compressed class ptrs, parallel gc, windows-amd64)
GC Precious Log:
 CPUs: 12 total, 12 available
 Memory: 16328M
 Large Page Support: Disabled
 NUMA Support: Disabled
 Compressed Oops: Enabled (Zero based)
 Alignments: Space 512K, Generation 512K, Heap 2M
 Heap Min Capacity: 100M
 Heap Initial Capacity: 100M
 Heap Max Capacity: 4G
 Pre-touch: Disabled
 Parallel Workers: 10
Heap:
 PSYoungGen      total 18944K, used 6217K [0x00000007aab00000, 0x00000007ac080000, 0x0000000800000000)
  eden space 17920K, 30% used [0x00000007aab00000,0x00000007ab052548,0x00000007abc80000)
  from space 1024K, 75% used [0x00000007abf80000,0x00000007ac040020,0x00000007ac080000)
  to   space 1024K, 0% used [0x00000007abc80000,0x00000007abc80000,0x00000007abd80000)
 ParOldGen       total 68608K, used 32932K [0x0000000700000000, 0x0000000704300000, 0x00000007aab00000)
  object space 68608K, 48% used [0x0000000700000000,0x00000007020292e8,0x0000000704300000)
 Metaspace       used 48202K, committed 48960K, reserved 1114112K
  class space    used 4880K, committed 5184K, reserved 1048576K
GC Heap History (20 events):
Event: 3.283 GC heap before
{Heap before GC invocations=17 (full 2):
 PSYoungGen      total 24064K, used 23872K [0x00000007aab00000, 0x00000007ac580000, 0x0000000800000000)
  eden space 22016K, 100% used [0x00000007aab00000,0x00000007ac080000,0x00000007ac080000)
  from space 2048K, 90% used [0x00000007ac380000,0x00000007ac550010,0x00000007ac580000)
  to   space 2048K, 0% used [0x00000007ac080000,0x00000007ac080000,0x00000007ac280000)
 ParOldGen       total 68608K, used 19976K [0x0000000700000000, 0x0000000704300000, 0x00000007aab00000)
  object space 68608K, 29% used [0x0000000700000000,0x0000000701382090,0x0000000704300000)
 Metaspace       used 39918K, committed 40704K, reserved 1114112K
  class space    used 4084K, committed 4416K, reserved 1048576K
}
Event: 3.284 GC heap after
{Heap after GC invocations=17 (full 2):
 PSYoungGen      total 24064K, used 1677K [0x00000007aab00000, 0x00000007ac480000, 0x0000000800000000)
  eden space 22016K, 0% used [0x00000007aab00000,0x00000007aab00000,0x00000007ac080000)
  from space 2048K, 81% used [0x00000007ac080000,0x00000007ac2237a8,0x00000007ac280000)
  to   space 2048K, 0% used [0x00000007ac280000,0x00000007ac280000,0x00000007ac480000)
 ParOldGen       total 68608K, used 21760K [0x0000000700000000, 0x0000000704300000, 0x00000007aab00000)
  object space 68608K, 31% used [0x0000000700000000,0x00000007015400a0,0x0000000704300000)
 Metaspace       used 39918K, committed 40704K, reserved 1114112K
  class space    used 4084K, committed 4416K, reserved 1048576K
}
Event: 3.643 GC heap before
{Heap before GC invocations=18 (full 2):
 PSYoungGen      total 24064K, used 23693K [0x00000007aab00000, 0x00000007ac480000, 0x0000000800000000)
  eden space 22016K, 100% used [0x00000007aab00000,0x00000007ac080000,0x00000007ac080000)
  from space 2048K, 81% used [0x00000007ac080000,0x00000007ac2237a8,0x00000007ac280000)
  to   space 2048K, 0% used [0x00000007ac280000,0x00000007ac280000,0x00000007ac480000)
 ParOldGen       total 68608K, used 21891K [0x0000000700000000, 0x0000000704300000, 0x00000007aab00000)
  object space 68608K, 31% used [0x0000000700000000,0x0000000701560c18,0x0000000704300000)
 Metaspace       used 41535K, committed 42368K, reserved 1114112K
  class space    used 4242K, committed 4608K, reserved 1048576K
}
Event: 3.644 GC heap after
{Heap after GC invocations=18 (full 2):
 PSYoungGen      total 22528K, used 480K [0x00000007aab00000, 0x00000007ac300000, 0x0000000800000000)
  eden space 22016K, 0% used [0x00000007aab00000,0x00000007aab00000,0x00000007ac080000)
  from space 512K, 93% used [0x00000007ac280000,0x00000007ac2f8000,0x00000007ac300000)
  to   space 1024K, 0% used [0x00000007ac100000,0x00000007ac100000,0x00000007ac200000)
 ParOldGen       total 68608K, used 23098K [0x0000000700000000, 0x0000000704300000, 0x00000007aab00000)
  object space 68608K, 33% used [0x0000000700000000,0x000000070168ead0,0x0000000704300000)
 Metaspace       used 41535K, committed 42368K, reserved 1114112K
  class space    used 4242K, committed 4608K, reserved 1048576K
}
Event: 4.002 GC heap before
{Heap before GC invocations=19 (full 2):
 PSYoungGen      total 22528K, used 22496K [0x00000007aab00000, 0x00000007ac300000, 0x0000000800000000)
  eden space 22016K, 100% used [0x00000007aab00000,0x00000007ac080000,0x00000007ac080000)
  from space 512K, 93% used [0x00000007ac280000,0x00000007ac2f8000,0x00000007ac300000)
  to   space 1024K, 0% used [0x00000007ac100000,0x00000007ac100000,0x00000007ac200000)
 ParOldGen       total 68608K, used 23098K [0x0000000700000000, 0x0000000704300000, 0x00000007aab00000)
  object space 68608K, 33% used [0x0000000700000000,0x000000070168ead0,0x0000000704300000)
 Metaspace       used 43410K, committed 44160K, reserved 1114112K
  class space    used 4417K, committed 4736K, reserved 1048576K
}
Event: 4.003 GC heap after
{Heap after GC invocations=19 (full 2):
 PSYoungGen      total 23040K, used 608K [0x00000007aab00000, 0x00000007ac300000, 0x0000000800000000)
  eden space 22016K, 0% used [0x00000007aab00000,0x00000007aab00000,0x00000007ac080000)
  from space 1024K, 59% used [0x00000007ac100000,0x00000007ac198000,0x00000007ac200000)
  to   space 1024K, 0% used [0x00000007ac200000,0x00000007ac200000,0x00000007ac300000)
 ParOldGen       total 68608K, used 23418K [0x0000000700000000, 0x0000000704300000, 0x00000007aab00000)
  object space 68608K, 34% used [0x0000000700000000,0x00000007016dead0,0x0000000704300000)
 Metaspace       used 43410K, committed 44160K, reserved 1114112K
  class space    used 4417K, committed 4736K, reserved 1048576K
}
Event: 4.449 GC heap before
{Heap before GC invocations=20 (full 2):
 PSYoungGen      total 23040K, used 22624K [0x00000007aab00000, 0x00000007ac300000, 0x0000000800000000)
  eden space 22016K, 100% used [0x00000007aab00000,0x00000007ac080000,0x00000007ac080000)
  from space 1024K, 59% used [0x00000007ac100000,0x00000007ac198000,0x00000007ac200000)
  to   space 1024K, 0% used [0x00000007ac200000,0x00000007ac200000,0x00000007ac300000)
 ParOldGen       total 68608K, used 23418K [0x0000000700000000, 0x0000000704300000, 0x00000007aab00000)
  object space 68608K, 34% used [0x0000000700000000,0x00000007016dead0,0x0000000704300000)
 Metaspace       used 44283K, committed 45056K, reserved 1114112K
  class space    used 4480K, committed 4800K, reserved 1048576K
}
Event: 4.452 GC heap after
{Heap after GC invocations=20 (full 2):
 PSYoungGen      total 21504K, used 992K [0x00000007aab00000, 0x00000007ac680000, 0x0000000800000000)
  eden space 20480K, 0% used [0x00000007aab00000,0x00000007aab00000,0x00000007abf00000)
  from space 1024K, 96% used [0x00000007ac200000,0x00000007ac2f8020,0x00000007ac300000)
  to   space 3072K, 0% used [0x00000007abf00000,0x00000007abf00000,0x00000007ac200000)
 ParOldGen       total 68608K, used 24867K [0x0000000700000000, 0x0000000704300000, 0x00000007aab00000)
  object space 68608K, 36% used [0x0000000700000000,0x0000000701848d70,0x0000000704300000)
 Metaspace       used 44283K, committed 45056K, reserved 1114112K
  class space    used 4480K, committed 4800K, reserved 1048576K
}
Event: 4.490 GC heap before
{Heap before GC invocations=21 (full 2):
 PSYoungGen      total 21504K, used 21472K [0x00000007aab00000, 0x00000007ac680000, 0x0000000800000000)
  eden space 20480K, 100% used [0x00000007aab00000,0x00000007abf00000,0x00000007abf00000)
  from space 1024K, 96% used [0x00000007ac200000,0x00000007ac2f8020,0x00000007ac300000)
  to   space 3072K, 0% used [0x00000007abf00000,0x00000007abf00000,0x00000007ac200000)
 ParOldGen       total 68608K, used 24867K [0x0000000700000000, 0x0000000704300000, 0x00000007aab00000)
  object space 68608K, 36% used [0x0000000700000000,0x0000000701848d70,0x0000000704300000)
 Metaspace       used 44283K, committed 45056K, reserved 1114112K
  class space    used 4480K, committed 4800K, reserved 1048576K
}
Event: 4.495 GC heap after
{Heap after GC invocations=21 (full 2):
 PSYoungGen      total 23040K, used 2368K [0x00000007aab00000, 0x00000007ac400000, 0x0000000800000000)
  eden space 20480K, 0% used [0x00000007aab00000,0x00000007aab00000,0x00000007abf00000)
  from space 2560K, 92% used [0x00000007abf00000,0x00000007ac150000,0x00000007ac180000)
  to   space 2560K, 0% used [0x00000007ac180000,0x00000007ac180000,0x00000007ac400000)
 ParOldGen       total 68608K, used 25880K [0x0000000700000000, 0x0000000704300000, 0x00000007aab00000)
  object space 68608K, 37% used [0x0000000700000000,0x00000007019462b0,0x0000000704300000)
 Metaspace       used 44283K, committed 45056K, reserved 1114112K
  class space    used 4480K, committed 4800K, reserved 1048576K
}
Event: 4.531 GC heap before
{Heap before GC invocations=22 (full 2):
 PSYoungGen      total 23040K, used 22848K [0x00000007aab00000, 0x00000007ac400000, 0x0000000800000000)
  eden space 20480K, 100% used [0x00000007aab00000,0x00000007abf00000,0x00000007abf00000)
  from space 2560K, 92% used [0x00000007abf00000,0x00000007ac150000,0x00000007ac180000)
  to   space 2560K, 0% used [0x00000007ac180000,0x00000007ac180000,0x00000007ac400000)
 ParOldGen       total 68608K, used 25880K [0x0000000700000000, 0x0000000704300000, 0x00000007aab00000)
  object space 68608K, 37% used [0x0000000700000000,0x00000007019462b0,0x0000000704300000)
 Metaspace       used 44283K, committed 45056K, reserved 1114112K
  class space    used 4480K, committed 4800K, reserved 1048576K
}
Event: 4.536 GC heap after
{Heap after GC invocations=22 (full 2):
 PSYoungGen      total 23040K, used 2048K [0x00000007aab00000, 0x00000007ac400000, 0x0000000800000000)
  eden space 20480K, 0% used [0x00000007aab00000,0x00000007aab00000,0x00000007abf00000)
  from space 2560K, 80% used [0x00000007ac180000,0x00000007ac380010,0x00000007ac400000)
  to   space 2560K, 0% used [0x00000007abf00000,0x00000007abf00000,0x00000007ac180000)
 ParOldGen       total 68608K, used 27838K [0x0000000700000000, 0x0000000704300000, 0x00000007aab00000)
  object space 68608K, 40% used [0x0000000700000000,0x0000000701b2fb30,0x0000000704300000)
 Metaspace       used 44283K, committed 45056K, reserved 1114112K
  class space    used 4480K, committed 4800K, reserved 1048576K
}
Event: 4.587 GC heap before
{Heap before GC invocations=23 (full 2):
 PSYoungGen      total 23040K, used 22528K [0x00000007aab00000, 0x00000007ac400000, 0x0000000800000000)
  eden space 20480K, 100% used [0x00000007aab00000,0x00000007abf00000,0x00000007abf00000)
  from space 2560K, 80% used [0x00000007ac180000,0x00000007ac380010,0x00000007ac400000)
  to   space 2560K, 0% used [0x00000007abf00000,0x00000007abf00000,0x00000007ac180000)
 ParOldGen       total 68608K, used 27838K [0x0000000700000000, 0x0000000704300000, 0x00000007aab00000)
  object space 68608K, 40% used [0x0000000700000000,0x0000000701b2fb30,0x0000000704300000)
 Metaspace       used 44328K, committed 45056K, reserved 1114112K
  class space    used 4487K, committed 4800K, reserved 1048576K
}
Event: 4.593 GC heap after
{Heap after GC invocations=23 (full 2):
 PSYoungGen      total 22528K, used 1696K [0x00000007aab00000, 0x00000007ac300000, 0x0000000800000000)
  eden space 20480K, 0% used [0x00000007aab00000,0x00000007aab00000,0x00000007abf00000)
  from space 2048K, 82% used [0x00000007abf00000,0x00000007ac0a8000,0x00000007ac100000)
  to   space 2048K, 0% used [0x00000007ac100000,0x00000007ac100000,0x00000007ac300000)
 ParOldGen       total 68608K, used 29718K [0x0000000700000000, 0x0000000704300000, 0x00000007aab00000)
  object space 68608K, 43% used [0x0000000700000000,0x0000000701d05b40,0x0000000704300000)
 Metaspace       used 44328K, committed 45056K, reserved 1114112K
  class space    used 4487K, committed 4800K, reserved 1048576K
}
Event: 4.838 GC heap before
{Heap before GC invocations=24 (full 2):
 PSYoungGen      total 22528K, used 22176K [0x00000007aab00000, 0x00000007ac300000, 0x0000000800000000)
  eden space 20480K, 100% used [0x00000007aab00000,0x00000007abf00000,0x00000007abf00000)
  from space 2048K, 82% used [0x00000007abf00000,0x00000007ac0a8000,0x00000007ac100000)
  to   space 2048K, 0% used [0x00000007ac100000,0x00000007ac100000,0x00000007ac300000)
 ParOldGen       total 68608K, used 29718K [0x0000000700000000, 0x0000000704300000, 0x00000007aab00000)
  object space 68608K, 43% used [0x0000000700000000,0x0000000701d05b40,0x0000000704300000)
 Metaspace       used 45911K, committed 46720K, reserved 1114112K
  class space    used 4654K, committed 4992K, reserved 1048576K
}
Event: 4.840 GC heap after
{Heap after GC invocations=24 (full 2):
 PSYoungGen      total 19968K, used 2037K [0x00000007aab00000, 0x00000007ac800000, 0x0000000800000000)
  eden space 17920K, 0% used [0x00000007aab00000,0x00000007aab00000,0x00000007abc80000)
  from space 2048K, 99% used [0x00000007ac100000,0x00000007ac2fd6d8,0x00000007ac300000)
  to   space 4608K, 0% used [0x00000007abc80000,0x00000007abc80000,0x00000007ac100000)
 ParOldGen       total 68608K, used 31444K [0x0000000700000000, 0x0000000704300000, 0x00000007aab00000)
  object space 68608K, 45% used [0x0000000700000000,0x0000000701eb5158,0x0000000704300000)
 Metaspace       used 45911K, committed 46720K, reserved 1114112K
  class space    used 4654K, committed 4992K, reserved 1048576K
}
Event: 4.894 GC heap before
{Heap before GC invocations=25 (full 2):
 PSYoungGen      total 19968K, used 19957K [0x00000007aab00000, 0x00000007ac800000, 0x0000000800000000)
  eden space 17920K, 100% used [0x00000007aab00000,0x00000007abc80000,0x00000007abc80000)
  from space 2048K, 99% used [0x00000007ac100000,0x00000007ac2fd6d8,0x00000007ac300000)
  to   space 4608K, 0% used [0x00000007abc80000,0x00000007abc80000,0x00000007ac100000)
 ParOldGen       total 68608K, used 31444K [0x0000000700000000, 0x0000000704300000, 0x00000007aab00000)
  object space 68608K, 45% used [0x0000000700000000,0x0000000701eb5158,0x0000000704300000)
 Metaspace       used 45924K, committed 46720K, reserved 1114112K
  class space    used 4654K, committed 4992K, reserved 1048576K
}
Event: 4.895 GC heap after
{Heap after GC invocations=25 (full 2):
 PSYoungGen      total 18944K, used 571K [0x00000007aab00000, 0x00000007ac180000, 0x0000000800000000)
  eden space 17920K, 0% used [0x00000007aab00000,0x00000007aab00000,0x00000007abc80000)
  from space 1024K, 55% used [0x00000007abc80000,0x00000007abd0ecc0,0x00000007abd80000)
  to   space 2048K, 0% used [0x00000007abf80000,0x00000007abf80000,0x00000007ac180000)
 ParOldGen       total 68608K, used 32916K [0x0000000700000000, 0x0000000704300000, 0x00000007aab00000)
  object space 68608K, 47% used [0x0000000700000000,0x00000007020252e8,0x0000000704300000)
 Metaspace       used 45924K, committed 46720K, reserved 1114112K
  class space    used 4654K, committed 4992K, reserved 1048576K
}
Event: 5.057 GC heap before
{Heap before GC invocations=26 (full 2):
 PSYoungGen      total 18944K, used 18491K [0x00000007aab00000, 0x00000007ac180000, 0x0000000800000000)
  eden space 17920K, 100% used [0x00000007aab00000,0x00000007abc80000,0x00000007abc80000)
  from space 1024K, 55% used [0x00000007abc80000,0x00000007abd0ecc0,0x00000007abd80000)
  to   space 2048K, 0% used [0x00000007abf80000,0x00000007abf80000,0x00000007ac180000)
 ParOldGen       total 68608K, used 32916K [0x0000000700000000, 0x0000000704300000, 0x00000007aab00000)
  object space 68608K, 47% used [0x0000000700000000,0x00000007020252e8,0x0000000704300000)
 Metaspace       used 47736K, committed 48448K, reserved 1114112K
  class space    used 4826K, committed 5120K, reserved 1048576K
}
Event: 5.059 GC heap after
{Heap after GC invocations=26 (full 2):
 PSYoungGen      total 18944K, used 768K [0x00000007aab00000, 0x00000007ac080000, 0x0000000800000000)
  eden space 17920K, 0% used [0x00000007aab00000,0x00000007aab00000,0x00000007abc80000)
  from space 1024K, 75% used [0x00000007abf80000,0x00000007ac040020,0x00000007ac080000)
  to   space 1024K, 0% used [0x00000007abc80000,0x00000007abc80000,0x00000007abd80000)
 ParOldGen       total 68608K, used 32932K [0x0000000700000000, 0x0000000704300000, 0x00000007aab00000)
  object space 68608K, 48% used [0x0000000700000000,0x00000007020292e8,0x0000000704300000)
 Metaspace       used 47736K, committed 48448K, reserved 1114112K
  class space    used 4826K, committed 5120K, reserved 1048576K
}

