# JRE version: OpenJDK Runtime Environment Temurin-17.0.12+7 (17.0.12+7) (build 17.0.12+7)
# Java VM: OpenJDK 64-Bit Server VM Temurin-17.0.12+7 (17.0.12+7, mixed mode, tiered, compressed oops, compressed class ptrs, parallel gc, windows-amd64)
GC Precious Log:
 CPUs: 12 total, 12 available
 Memory: 16328M
 Large Page Support: Disabled
 NUMA Support: Disabled
 Compressed Oops: Enabled (Zero based)
 Alignments: Space 512K, Generation 512K, Heap 2M
 Heap Min Capacity: 100M
 Heap Initial Capacity: 100M
 Heap Max Capacity: 4G
 Pre-touch: Disabled
 Parallel Workers: 10
Heap:
 PSYoungGen      total 50176K, used 35890K [0x00000007aab00000, 0x00000007af080000, 0x0000000800000000)
  eden space 35328K, 59% used [0x00000007aab00000,0x00000007abf91fc0,0x00000007acd80000)
  from space 14848K, 99% used [0x00000007ade00000,0x00000007aec7ab98,0x00000007aec80000)
  to   space 16896K, 0% used [0x00000007acd80000,0x00000007acd80000,0x00000007ade00000)
 ParOldGen       total 291840K, used 245332K [0x0000000700000000, 0x0000000711d00000, 0x00000007aab00000)
  object space 291840K, 84% used [0x0000000700000000,0x000000070ef953a0,0x0000000711d00000)
 Metaspace       used 73638K, committed 74944K, reserved 1179648K
  class space    used 7576K, committed 8128K, reserved 1048576K
GC Heap History (20 events):
Event: 12.263 GC heap before
{Heap before GC invocations=241 (full 13):
 PSYoungGen      total 57856K, used 57847K [0x00000007aab00000, 0x00000007b0200000, 0x0000000800000000)
  eden space 31232K, 100% used [0x00000007aab00000,0x00000007ac980000,0x00000007ac980000)
  from space 26624K, 99% used [0x00000007ae500000,0x00000007afefde60,0x00000007aff00000)
  to   space 28160K, 0% used [0x00000007ac980000,0x00000007ac980000,0x00000007ae500000)
 ParOldGen       total 256512K, used 245128K [0x0000000700000000, 0x000000070fa80000, 0x00000007aab00000)
  object space 256512K, 95% used [0x0000000700000000,0x000000070ef62280,0x000000070fa80000)
 Metaspace       used 72777K, committed 74112K, reserved 1179648K
  class space    used 7550K, committed 8128K, reserved 1048576K
}
Event: 12.274 GC heap after
{Heap after GC invocations=241 (full 13):
 PSYoungGen      total 59392K, used 26301K [0x00000007aab00000, 0x00000007b0100000, 0x0000000800000000)
  eden space 31232K, 0% used [0x00000007aab00000,0x00000007aab00000,0x00000007ac980000)
  from space 28160K, 93% used [0x00000007ac980000,0x00000007ae32f530,0x00000007ae500000)
  to   space 27136K, 0% used [0x00000007ae680000,0x00000007ae680000,0x00000007b0100000)
 ParOldGen       total 256512K, used 248722K [0x0000000700000000, 0x000000070fa80000, 0x00000007aab00000)
  object space 256512K, 96% used [0x0000000700000000,0x000000070f2e4800,0x000000070fa80000)
 Metaspace       used 72777K, committed 74112K, reserved 1179648K
  class space    used 7550K, committed 8128K, reserved 1048576K
}
Event: 12.367 GC heap before
{Heap before GC invocations=242 (full 13):
 PSYoungGen      total 59392K, used 57533K [0x00000007aab00000, 0x00000007b0100000, 0x0000000800000000)
  eden space 31232K, 100% used [0x00000007aab00000,0x00000007ac980000,0x00000007ac980000)
  from space 28160K, 93% used [0x00000007ac980000,0x00000007ae32f530,0x00000007ae500000)
  to   space 27136K, 0% used [0x00000007ae680000,0x00000007ae680000,0x00000007b0100000)
 ParOldGen       total 256512K, used 248722K [0x0000000700000000, 0x000000070fa80000, 0x00000007aab00000)
  object space 256512K, 96% used [0x0000000700000000,0x000000070f2e4800,0x000000070fa80000)
 Metaspace       used 72853K, committed 74176K, reserved 1179648K
  class space    used 7550K, committed 8128K, reserved 1048576K
}
Event: 12.376 GC heap after
{Heap after GC invocations=242 (full 13):
 PSYoungGen      total 57344K, used 27112K [0x00000007aab00000, 0x00000007b0800000, 0x0000000800000000)
  eden space 30208K, 0% used [0x00000007aab00000,0x00000007aab00000,0x00000007ac880000)
  from space 27136K, 99% used [0x00000007ae680000,0x00000007b00fa0d8,0x00000007b0100000)
  to   space 30720K, 0% used [0x00000007ac880000,0x00000007ac880000,0x00000007ae680000)
 ParOldGen       total 256512K, used 251328K [0x0000000700000000, 0x000000070fa80000, 0x00000007aab00000)
  object space 256512K, 97% used [0x0000000700000000,0x000000070f570228,0x000000070fa80000)
 Metaspace       used 72853K, committed 74176K, reserved 1179648K
  class space    used 7550K, committed 8128K, reserved 1048576K
}
Event: 12.478 GC heap before
{Heap before GC invocations=243 (full 13):
 PSYoungGen      total 57344K, used 57320K [0x00000007aab00000, 0x00000007b0800000, 0x0000000800000000)
  eden space 30208K, 100% used [0x00000007aab00000,0x00000007ac880000,0x00000007ac880000)
  from space 27136K, 99% used [0x00000007ae680000,0x00000007b00fa0d8,0x00000007b0100000)
  to   space 30720K, 0% used [0x00000007ac880000,0x00000007ac880000,0x00000007ae680000)
 ParOldGen       total 256512K, used 251328K [0x0000000700000000, 0x000000070fa80000, 0x00000007aab00000)
  object space 256512K, 97% used [0x0000000700000000,0x000000070f570228,0x000000070fa80000)
 Metaspace       used 72995K, committed 74304K, reserved 1179648K
  class space    used 7551K, committed 8128K, reserved 1048576K
}
Event: 12.486 GC heap after
{Heap after GC invocations=243 (full 13):
 PSYoungGen      total 60928K, used 27141K [0x00000007aab00000, 0x00000007b0200000, 0x0000000800000000)
  eden space 30208K, 0% used [0x00000007aab00000,0x00000007aab00000,0x00000007ac880000)
  from space 30720K, 88% used [0x00000007ac880000,0x00000007ae301780,0x00000007ae680000)
  to   space 28160K, 0% used [0x00000007ae680000,0x00000007ae680000,0x00000007b0200000)
 ParOldGen       total 256512K, used 254591K [0x0000000700000000, 0x000000070fa80000, 0x00000007aab00000)
  object space 256512K, 99% used [0x0000000700000000,0x000000070f89ff78,0x000000070fa80000)
 Metaspace       used 72995K, committed 74304K, reserved 1179648K
  class space    used 7551K, committed 8128K, reserved 1048576K
}
Event: 12.486 GC heap before
{Heap before GC invocations=244 (full 14):
 PSYoungGen      total 60928K, used 27141K [0x00000007aab00000, 0x00000007b0200000, 0x0000000800000000)
  eden space 30208K, 0% used [0x00000007aab00000,0x00000007aab00000,0x00000007ac880000)
  from space 30720K, 88% used [0x00000007ac880000,0x00000007ae301780,0x00000007ae680000)
  to   space 28160K, 0% used [0x00000007ae680000,0x00000007ae680000,0x00000007b0200000)
 ParOldGen       total 256512K, used 254591K [0x0000000700000000, 0x000000070fa80000, 0x00000007aab00000)
  object space 256512K, 99% used [0x0000000700000000,0x000000070f89ff78,0x000000070fa80000)
 Metaspace       used 72995K, committed 74304K, reserved 1179648K
  class space    used 7551K, committed 8128K, reserved 1048576K
}
Event: 12.570 GC heap after
{Heap after GC invocations=244 (full 14):
 PSYoungGen      total 60928K, used 0K [0x00000007aab00000, 0x00000007b0200000, 0x0000000800000000)
  eden space 32768K, 0% used [0x00000007aab00000,0x00000007aab00000,0x00000007acb00000)
  from space 28160K, 0% used [0x00000007ae680000,0x00000007ae680000,0x00000007b0200000)
  to   space 28160K, 0% used [0x00000007acb00000,0x00000007acb00000,0x00000007ae680000)
 ParOldGen       total 291840K, used 239225K [0x0000000700000000, 0x0000000711d00000, 0x00000007aab00000)
  object space 291840K, 81% used [0x0000000700000000,0x000000070e99e6f0,0x0000000711d00000)
 Metaspace       used 72995K, committed 74304K, reserved 1179648K
  class space    used 7551K, committed 8128K, reserved 1048576K
}
Event: 12.632 GC heap before
{Heap before GC invocations=245 (full 14):
 PSYoungGen      total 60928K, used 32768K [0x00000007aab00000, 0x00000007b0200000, 0x0000000800000000)
  eden space 32768K, 100% used [0x00000007aab00000,0x00000007acb00000,0x00000007acb00000)
  from space 28160K, 0% used [0x00000007ae680000,0x00000007ae680000,0x00000007b0200000)
  to   space 28160K, 0% used [0x00000007acb00000,0x00000007acb00000,0x00000007ae680000)
 ParOldGen       total 291840K, used 239225K [0x0000000700000000, 0x0000000711d00000, 0x00000007aab00000)
  object space 291840K, 81% used [0x0000000700000000,0x000000070e99e6f0,0x0000000711d00000)
 Metaspace       used 73142K, committed 74432K, reserved 1179648K
  class space    used 7551K, committed 8128K, reserved 1048576K
}
Event: 12.637 GC heap after
{Heap after GC invocations=245 (full 14):
 PSYoungGen      total 37376K, used 4116K [0x00000007aab00000, 0x00000007ae700000, 0x0000000800000000)
  eden space 32768K, 0% used [0x00000007aab00000,0x00000007aab00000,0x00000007acb00000)
  from space 4608K, 89% used [0x00000007acb00000,0x00000007acf05220,0x00000007acf80000)
  to   space 12800K, 0% used [0x00000007ada80000,0x00000007ada80000,0x00000007ae700000)
 ParOldGen       total 291840K, used 239225K [0x0000000700000000, 0x0000000711d00000, 0x00000007aab00000)
  object space 291840K, 81% used [0x0000000700000000,0x000000070e99e6f0,0x0000000711d00000)
 Metaspace       used 73142K, committed 74432K, reserved 1179648K
  class space    used 7551K, committed 8128K, reserved 1048576K
}
Event: 12.726 GC heap before
{Heap before GC invocations=246 (full 14):
 PSYoungGen      total 37376K, used 36884K [0x00000007aab00000, 0x00000007ae700000, 0x0000000800000000)
  eden space 32768K, 100% used [0x00000007aab00000,0x00000007acb00000,0x00000007acb00000)
  from space 4608K, 89% used [0x00000007acb00000,0x00000007acf05220,0x00000007acf80000)
  to   space 12800K, 0% used [0x00000007ada80000,0x00000007ada80000,0x00000007ae700000)
 ParOldGen       total 291840K, used 239225K [0x0000000700000000, 0x0000000711d00000, 0x00000007aab00000)
  object space 291840K, 81% used [0x0000000700000000,0x000000070e99e6f0,0x0000000711d00000)
 Metaspace       used 73359K, committed 74752K, reserved 1179648K
  class space    used 7563K, committed 8128K, reserved 1048576K
}
Event: 12.730 GC heap after
{Heap after GC invocations=246 (full 14):
 PSYoungGen      total 41984K, used 6847K [0x00000007aab00000, 0x00000007ae180000, 0x0000000800000000)
  eden space 34816K, 0% used [0x00000007aab00000,0x00000007aab00000,0x00000007acd00000)
  from space 7168K, 95% used [0x00000007ada80000,0x00000007ae12fed0,0x00000007ae180000)
  to   space 7680K, 0% used [0x00000007ad280000,0x00000007ad280000,0x00000007ada00000)
 ParOldGen       total 291840K, used 239225K [0x0000000700000000, 0x0000000711d00000, 0x00000007aab00000)
  object space 291840K, 81% used [0x0000000700000000,0x000000070e99e6f0,0x0000000711d00000)
 Metaspace       used 73359K, committed 74752K, reserved 1179648K
  class space    used 7563K, committed 8128K, reserved 1048576K
}
Event: 12.810 GC heap before
{Heap before GC invocations=247 (full 14):
 PSYoungGen      total 41984K, used 41663K [0x00000007aab00000, 0x00000007ae180000, 0x0000000800000000)
  eden space 34816K, 100% used [0x00000007aab00000,0x00000007acd00000,0x00000007acd00000)
  from space 7168K, 95% used [0x00000007ada80000,0x00000007ae12fed0,0x00000007ae180000)
  to   space 7680K, 0% used [0x00000007ad280000,0x00000007ad280000,0x00000007ada00000)
 ParOldGen       total 291840K, used 239225K [0x0000000700000000, 0x0000000711d00000, 0x00000007aab00000)
  object space 291840K, 81% used [0x0000000700000000,0x000000070e99e6f0,0x0000000711d00000)
 Metaspace       used 73449K, committed 74816K, reserved 1179648K
  class space    used 7563K, committed 8128K, reserved 1048576K
}
Event: 12.814 GC heap after
{Heap after GC invocations=247 (full 14):
 PSYoungGen      total 45056K, used 7651K [0x00000007aab00000, 0x00000007ae480000, 0x0000000800000000)
  eden space 37376K, 0% used [0x00000007aab00000,0x00000007aab00000,0x00000007acf80000)
  from space 7680K, 99% used [0x00000007ad280000,0x00000007ad9f8d98,0x00000007ada00000)
  to   space 10752K, 0% used [0x00000007ada00000,0x00000007ada00000,0x00000007ae480000)
 ParOldGen       total 291840K, used 241544K [0x0000000700000000, 0x0000000711d00000, 0x00000007aab00000)
  object space 291840K, 82% used [0x0000000700000000,0x000000070ebe2110,0x0000000711d00000)
 Metaspace       used 73449K, committed 74816K, reserved 1179648K
  class space    used 7563K, committed 8128K, reserved 1048576K
}
Event: 12.939 GC heap before
{Heap before GC invocations=248 (full 14):
 PSYoungGen      total 45056K, used 45027K [0x00000007aab00000, 0x00000007ae480000, 0x0000000800000000)
  eden space 37376K, 100% used [0x00000007aab00000,0x00000007acf80000,0x00000007acf80000)
  from space 7680K, 99% used [0x00000007ad280000,0x00000007ad9f8d98,0x00000007ada00000)
  to   space 10752K, 0% used [0x00000007ada00000,0x00000007ada00000,0x00000007ae480000)
 ParOldGen       total 291840K, used 241544K [0x0000000700000000, 0x0000000711d00000, 0x00000007aab00000)
  object space 291840K, 82% used [0x0000000700000000,0x000000070ebe2110,0x0000000711d00000)
 Metaspace       used 73541K, committed 74880K, reserved 1179648K
  class space    used 7563K, committed 8128K, reserved 1048576K
}
Event: 12.946 GC heap after
{Heap after GC invocations=248 (full 14):
 PSYoungGen      total 46080K, used 10720K [0x00000007aab00000, 0x00000007aeb00000, 0x0000000800000000)
  eden space 35328K, 0% used [0x00000007aab00000,0x00000007aab00000,0x00000007acd80000)
  from space 10752K, 99% used [0x00000007ada00000,0x00000007ae478020,0x00000007ae480000)
  to   space 12800K, 0% used [0x00000007acd80000,0x00000007acd80000,0x00000007ada00000)
 ParOldGen       total 291840K, used 242827K [0x0000000700000000, 0x0000000711d00000, 0x00000007aab00000)
  object space 291840K, 83% used [0x0000000700000000,0x000000070ed22d58,0x0000000711d00000)
 Metaspace       used 73541K, committed 74880K, reserved 1179648K
  class space    used 7563K, committed 8128K, reserved 1048576K
}
Event: 13.080 GC heap before
{Heap before GC invocations=249 (full 14):
 PSYoungGen      total 46080K, used 46048K [0x00000007aab00000, 0x00000007aeb00000, 0x0000000800000000)
  eden space 35328K, 100% used [0x00000007aab00000,0x00000007acd80000,0x00000007acd80000)
  from space 10752K, 99% used [0x00000007ada00000,0x00000007ae478020,0x00000007ae480000)
  to   space 12800K, 0% used [0x00000007acd80000,0x00000007acd80000,0x00000007ada00000)
 ParOldGen       total 291840K, used 242827K [0x0000000700000000, 0x0000000711d00000, 0x00000007aab00000)
  object space 291840K, 83% used [0x0000000700000000,0x000000070ed22d58,0x0000000711d00000)
 Metaspace       used 73638K, committed 74944K, reserved 1179648K
  class space    used 7576K, committed 8128K, reserved 1048576K
}
Event: 13.085 GC heap after
{Heap after GC invocations=249 (full 14):
 PSYoungGen      total 48128K, used 12768K [0x00000007aab00000, 0x00000007aec80000, 0x0000000800000000)
  eden space 35328K, 0% used [0x00000007aab00000,0x00000007aab00000,0x00000007acd80000)
  from space 12800K, 99% used [0x00000007acd80000,0x00000007ad9f8020,0x00000007ada00000)
  to   space 14848K, 0% used [0x00000007ade00000,0x00000007ade00000,0x00000007aec80000)
 ParOldGen       total 291840K, used 244076K [0x0000000700000000, 0x0000000711d00000, 0x00000007aab00000)
  object space 291840K, 83% used [0x0000000700000000,0x000000070ee5b3a0,0x0000000711d00000)
 Metaspace       used 73638K, committed 74944K, reserved 1179648K
  class space    used 7576K, committed 8128K, reserved 1048576K
}
Event: 13.195 GC heap before
{Heap before GC invocations=250 (full 14):
 PSYoungGen      total 48128K, used 48096K [0x00000007aab00000, 0x00000007aec80000, 0x0000000800000000)
  eden space 35328K, 100% used [0x00000007aab00000,0x00000007acd80000,0x00000007acd80000)
  from space 12800K, 99% used [0x00000007acd80000,0x00000007ad9f8020,0x00000007ada00000)
  to   space 14848K, 0% used [0x00000007ade00000,0x00000007ade00000,0x00000007aec80000)
 ParOldGen       total 291840K, used 244076K [0x0000000700000000, 0x0000000711d00000, 0x00000007aab00000)
  object space 291840K, 83% used [0x0000000700000000,0x000000070ee5b3a0,0x0000000711d00000)
 Metaspace       used 73638K, committed 74944K, reserved 1179648K
  class space    used 7576K, committed 8128K, reserved 1048576K
}
Event: 13.204 GC heap after
{Heap after GC invocations=250 (full 14):
 PSYoungGen      total 50176K, used 14826K [0x00000007aab00000, 0x00000007af080000, 0x0000000800000000)
  eden space 35328K, 0% used [0x00000007aab00000,0x00000007aab00000,0x00000007acd80000)
  from space 14848K, 99% used [0x00000007ade00000,0x00000007aec7ab98,0x00000007aec80000)
  to   space 16896K, 0% used [0x00000007acd80000,0x00000007acd80000,0x00000007ade00000)
 ParOldGen       total 291840K, used 245332K [0x0000000700000000, 0x0000000711d00000, 0x00000007aab00000)
  object space 291840K, 84% used [0x0000000700000000,0x000000070ef953a0,0x0000000711d00000)
 Metaspace       used 73638K, committed 74944K, reserved 1179648K
  class space    used 7576K, committed 8128K, reserved 1048576K
}

