# JRE version: OpenJDK Runtime Environment Temurin-17.0.12+7 (17.0.12+7) (build 17.0.12+7)
# Java VM: OpenJDK 64-Bit Server VM Temurin-17.0.12+7 (17.0.12+7, mixed mode, tiered, compressed oops, compressed class ptrs, parallel gc, windows-amd64)
GC Precious Log:
 CPUs: 12 total, 12 available
 Memory: 16328M
 Large Page Support: Disabled
 NUMA Support: Disabled
 Compressed Oops: Enabled (Zero based)
 Alignments: Space 512K, Generation 512K, Heap 2M
 Heap Min Capacity: 100M
 Heap Initial Capacity: 100M
 Heap Max Capacity: 4G
 Pre-touch: Disabled
 Parallel Workers: 10
Heap:
 PSYoungGen      total 20992K, used 8983K [0x00000007aab00000, 0x00000007ac180000, 0x0000000800000000)
  eden space 20480K, 41% used [0x00000007aab00000,0x00000007ab355fa8,0x00000007abf00000)
  from space 512K, 87% used [0x00000007ac100000,0x00000007ac170000,0x00000007ac180000)
  to   space 1024K, 0% used [0x00000007abf80000,0x00000007abf80000,0x00000007ac080000)
 ParOldGen       total 68608K, used 31052K [0x0000000700000000, 0x0000000704300000, 0x00000007aab00000)
  object space 68608K, 45% used [0x0000000700000000,0x0000000701e530d8,0x0000000704300000)
 Metaspace       used 48860K, committed 49664K, reserved 1114112K
  class space    used 4942K, committed 5312K, reserved 1048576K
GC Heap History (20 events):
Event: 5.189 GC heap before
{Heap before GC invocations=15 (full 2):
 PSYoungGen      total 23552K, used 23520K [0x00000007aab00000, 0x00000007ac980000, 0x0000000800000000)
  eden space 22016K, 100% used [0x00000007aab00000,0x00000007ac080000,0x00000007ac080000)
  from space 1536K, 97% used [0x00000007ac580000,0x00000007ac6f8010,0x00000007ac700000)
  to   space 4608K, 0% used [0x00000007ac080000,0x00000007ac080000,0x00000007ac500000)
 ParOldGen       total 68608K, used 17302K [0x0000000700000000, 0x0000000704300000, 0x00000007aab00000)
  object space 68608K, 25% used [0x0000000700000000,0x00000007010e5ad8,0x0000000704300000)
 Metaspace       used 40592K, committed 41280K, reserved 1114112K
  class space    used 4153K, committed 4416K, reserved 1048576K
}
Event: 5.190 GC heap after
{Heap after GC invocations=15 (full 2):
 PSYoungGen      total 25088K, used 2853K [0x00000007aab00000, 0x00000007ac780000, 0x0000000800000000)
  eden space 22016K, 0% used [0x00000007aab00000,0x00000007aab00000,0x00000007ac080000)
  from space 3072K, 92% used [0x00000007ac080000,0x00000007ac3497f0,0x00000007ac380000)
  to   space 3584K, 0% used [0x00000007ac400000,0x00000007ac400000,0x00000007ac780000)
 ParOldGen       total 68608K, used 18814K [0x0000000700000000, 0x0000000704300000, 0x00000007aab00000)
  object space 68608K, 27% used [0x0000000700000000,0x000000070125fb10,0x0000000704300000)
 Metaspace       used 40592K, committed 41280K, reserved 1114112K
  class space    used 4153K, committed 4416K, reserved 1048576K
}
Event: 5.207 GC heap before
{Heap before GC invocations=16 (full 2):
 PSYoungGen      total 25088K, used 24869K [0x00000007aab00000, 0x00000007ac780000, 0x0000000800000000)
  eden space 22016K, 100% used [0x00000007aab00000,0x00000007ac080000,0x00000007ac080000)
  from space 3072K, 92% used [0x00000007ac080000,0x00000007ac3497f0,0x00000007ac380000)
  to   space 3584K, 0% used [0x00000007ac400000,0x00000007ac400000,0x00000007ac780000)
 ParOldGen       total 68608K, used 18817K [0x0000000700000000, 0x0000000704300000, 0x00000007aab00000)
  object space 68608K, 27% used [0x0000000700000000,0x00000007012604e0,0x0000000704300000)
 Metaspace       used 40952K, committed 41728K, reserved 1114112K
  class space    used 4165K, committed 4480K, reserved 1048576K
}
Event: 5.210 GC heap after
{Heap after GC invocations=16 (full 2):
 PSYoungGen      total 24576K, used 2304K [0x00000007aab00000, 0x00000007ac680000, 0x0000000800000000)
  eden space 22016K, 0% used [0x00000007aab00000,0x00000007aab00000,0x00000007ac080000)
  from space 2560K, 90% used [0x00000007ac400000,0x00000007ac640000,0x00000007ac680000)
  to   space 3072K, 0% used [0x00000007ac080000,0x00000007ac080000,0x00000007ac380000)
 ParOldGen       total 68608K, used 21530K [0x0000000700000000, 0x0000000704300000, 0x00000007aab00000)
  object space 68608K, 31% used [0x0000000700000000,0x0000000701506848,0x0000000704300000)
 Metaspace       used 40952K, committed 41728K, reserved 1114112K
  class space    used 4165K, committed 4480K, reserved 1048576K
}
Event: 5.232 GC heap before
{Heap before GC invocations=17 (full 2):
 PSYoungGen      total 24576K, used 24320K [0x00000007aab00000, 0x00000007ac680000, 0x0000000800000000)
  eden space 22016K, 100% used [0x00000007aab00000,0x00000007ac080000,0x00000007ac080000)
  from space 2560K, 90% used [0x00000007ac400000,0x00000007ac640000,0x00000007ac680000)
  to   space 3072K, 0% used [0x00000007ac080000,0x00000007ac080000,0x00000007ac380000)
 ParOldGen       total 68608K, used 21530K [0x0000000700000000, 0x0000000704300000, 0x00000007aab00000)
  object space 68608K, 31% used [0x0000000700000000,0x0000000701506848,0x0000000704300000)
 Metaspace       used 41041K, committed 41792K, reserved 1114112K
  class space    used 4168K, committed 4480K, reserved 1048576K
}
Event: 5.234 GC heap after
{Heap after GC invocations=17 (full 2):
 PSYoungGen      total 24576K, used 2272K [0x00000007aab00000, 0x00000007ac580000, 0x0000000800000000)
  eden space 22016K, 0% used [0x00000007aab00000,0x00000007aab00000,0x00000007ac080000)
  from space 2560K, 88% used [0x00000007ac080000,0x00000007ac2b8010,0x00000007ac300000)
  to   space 2560K, 0% used [0x00000007ac300000,0x00000007ac300000,0x00000007ac580000)
 ParOldGen       total 68608K, used 23698K [0x0000000700000000, 0x0000000704300000, 0x00000007aab00000)
  object space 68608K, 34% used [0x0000000700000000,0x0000000701724848,0x0000000704300000)
 Metaspace       used 41041K, committed 41792K, reserved 1114112K
  class space    used 4168K, committed 4480K, reserved 1048576K
}
Event: 5.334 GC heap before
{Heap before GC invocations=18 (full 2):
 PSYoungGen      total 24576K, used 24253K [0x00000007aab00000, 0x00000007ac580000, 0x0000000800000000)
  eden space 22016K, 99% used [0x00000007aab00000,0x00000007ac077648,0x00000007ac080000)
  from space 2560K, 88% used [0x00000007ac080000,0x00000007ac2b8010,0x00000007ac300000)
  to   space 2560K, 0% used [0x00000007ac300000,0x00000007ac300000,0x00000007ac580000)
 ParOldGen       total 68608K, used 23698K [0x0000000700000000, 0x0000000704300000, 0x00000007aab00000)
  object space 68608K, 34% used [0x0000000700000000,0x0000000701724848,0x0000000704300000)
 Metaspace       used 42063K, committed 42880K, reserved 1114112K
  class space    used 4283K, committed 4608K, reserved 1048576K
}
Event: 5.336 GC heap after
{Heap after GC invocations=18 (full 2):
 PSYoungGen      total 23040K, used 784K [0x00000007aab00000, 0x00000007ac400000, 0x0000000800000000)
  eden space 22016K, 0% used [0x00000007aab00000,0x00000007aab00000,0x00000007ac080000)
  from space 1024K, 76% used [0x00000007ac300000,0x00000007ac3c4010,0x00000007ac400000)
  to   space 1536K, 0% used [0x00000007ac100000,0x00000007ac100000,0x00000007ac280000)
 ParOldGen       total 68608K, used 25834K [0x0000000700000000, 0x0000000704300000, 0x00000007aab00000)
  object space 68608K, 37% used [0x0000000700000000,0x000000070193a858,0x0000000704300000)
 Metaspace       used 42063K, committed 42880K, reserved 1114112K
  class space    used 4283K, committed 4608K, reserved 1048576K
}
Event: 5.575 GC heap before
{Heap before GC invocations=19 (full 2):
 PSYoungGen      total 23040K, used 22800K [0x00000007aab00000, 0x00000007ac400000, 0x0000000800000000)
  eden space 22016K, 100% used [0x00000007aab00000,0x00000007ac080000,0x00000007ac080000)
  from space 1024K, 76% used [0x00000007ac300000,0x00000007ac3c4010,0x00000007ac400000)
  to   space 1536K, 0% used [0x00000007ac100000,0x00000007ac100000,0x00000007ac280000)
 ParOldGen       total 68608K, used 25834K [0x0000000700000000, 0x0000000704300000, 0x00000007aab00000)
  object space 68608K, 37% used [0x0000000700000000,0x000000070193a858,0x0000000704300000)
 Metaspace       used 43614K, committed 44416K, reserved 1114112K
  class space    used 4420K, committed 4736K, reserved 1048576K
}
Event: 5.576 GC heap after
{Heap after GC invocations=19 (full 2):
 PSYoungGen      total 23552K, used 512K [0x00000007aab00000, 0x00000007ac380000, 0x0000000800000000)
  eden space 22016K, 0% used [0x00000007aab00000,0x00000007aab00000,0x00000007ac080000)
  from space 1536K, 33% used [0x00000007ac100000,0x00000007ac180000,0x00000007ac280000)
  to   space 1024K, 0% used [0x00000007ac280000,0x00000007ac280000,0x00000007ac380000)
 ParOldGen       total 68608K, used 26490K [0x0000000700000000, 0x0000000704300000, 0x00000007aab00000)
  object space 68608K, 38% used [0x0000000700000000,0x00000007019de878,0x0000000704300000)
 Metaspace       used 43614K, committed 44416K, reserved 1114112K
  class space    used 4420K, committed 4736K, reserved 1048576K
}
Event: 6.181 GC heap before
{Heap before GC invocations=20 (full 2):
 PSYoungGen      total 23552K, used 22528K [0x00000007aab00000, 0x00000007ac380000, 0x0000000800000000)
  eden space 22016K, 100% used [0x00000007aab00000,0x00000007ac080000,0x00000007ac080000)
  from space 1536K, 33% used [0x00000007ac100000,0x00000007ac180000,0x00000007ac280000)
  to   space 1024K, 0% used [0x00000007ac280000,0x00000007ac280000,0x00000007ac380000)
 ParOldGen       total 68608K, used 26490K [0x0000000700000000, 0x0000000704300000, 0x00000007aab00000)
  object space 68608K, 38% used [0x0000000700000000,0x00000007019de878,0x0000000704300000)
 Metaspace       used 46019K, committed 46848K, reserved 1114112K
  class space    used 4671K, committed 5056K, reserved 1048576K
}
Event: 6.183 GC heap after
{Heap after GC invocations=20 (full 2):
 PSYoungGen      total 23040K, used 1006K [0x00000007aab00000, 0x00000007ac480000, 0x0000000800000000)
  eden space 22016K, 0% used [0x00000007aab00000,0x00000007aab00000,0x00000007ac080000)
  from space 1024K, 98% used [0x00000007ac280000,0x00000007ac37ba98,0x00000007ac380000)
  to   space 2048K, 0% used [0x00000007ac080000,0x00000007ac080000,0x00000007ac280000)
 ParOldGen       total 68608K, used 27218K [0x0000000700000000, 0x0000000704300000, 0x00000007aab00000)
  object space 68608K, 39% used [0x0000000700000000,0x0000000701a94898,0x0000000704300000)
 Metaspace       used 46019K, committed 46848K, reserved 1114112K
  class space    used 4671K, committed 5056K, reserved 1048576K
}
Event: 6.246 GC heap before
{Heap before GC invocations=21 (full 2):
 PSYoungGen      total 23040K, used 23022K [0x00000007aab00000, 0x00000007ac480000, 0x0000000800000000)
  eden space 22016K, 100% used [0x00000007aab00000,0x00000007ac080000,0x00000007ac080000)
  from space 1024K, 98% used [0x00000007ac280000,0x00000007ac37ba98,0x00000007ac380000)
  to   space 2048K, 0% used [0x00000007ac080000,0x00000007ac080000,0x00000007ac280000)
 ParOldGen       total 68608K, used 27218K [0x0000000700000000, 0x0000000704300000, 0x00000007aab00000)
  object space 68608K, 39% used [0x0000000700000000,0x0000000701a94898,0x0000000704300000)
 Metaspace       used 46047K, committed 46848K, reserved 1114112K
  class space    used 4673K, committed 5056K, reserved 1048576K
}
Event: 6.249 GC heap after
{Heap after GC invocations=21 (full 2):
 PSYoungGen      total 22528K, used 480K [0x00000007aab00000, 0x00000007ac300000, 0x0000000800000000)
  eden space 22016K, 0% used [0x00000007aab00000,0x00000007aab00000,0x00000007ac080000)
  from space 512K, 93% used [0x00000007ac080000,0x00000007ac0f8000,0x00000007ac100000)
  to   space 1024K, 0% used [0x00000007ac200000,0x00000007ac200000,0x00000007ac300000)
 ParOldGen       total 68608K, used 28218K [0x0000000700000000, 0x0000000704300000, 0x00000007aab00000)
  object space 68608K, 41% used [0x0000000700000000,0x0000000701b8e858,0x0000000704300000)
 Metaspace       used 46047K, committed 46848K, reserved 1114112K
  class space    used 4673K, committed 5056K, reserved 1048576K
}
Event: 6.339 GC heap before
{Heap before GC invocations=22 (full 2):
 PSYoungGen      total 22528K, used 22464K [0x00000007aab00000, 0x00000007ac300000, 0x0000000800000000)
  eden space 22016K, 99% used [0x00000007aab00000,0x00000007ac0780f0,0x00000007ac080000)
  from space 512K, 93% used [0x00000007ac080000,0x00000007ac0f8000,0x00000007ac100000)
  to   space 1024K, 0% used [0x00000007ac200000,0x00000007ac200000,0x00000007ac300000)
 ParOldGen       total 68608K, used 28218K [0x0000000700000000, 0x0000000704300000, 0x00000007aab00000)
  object space 68608K, 41% used [0x0000000700000000,0x0000000701b8e858,0x0000000704300000)
 Metaspace       used 46534K, committed 47296K, reserved 1114112K
  class space    used 4723K, committed 5056K, reserved 1048576K
}
Event: 6.341 GC heap after
{Heap after GC invocations=22 (full 2):
 PSYoungGen      total 21504K, used 1023K [0x00000007aab00000, 0x00000007ac680000, 0x0000000800000000)
  eden space 20480K, 0% used [0x00000007aab00000,0x00000007aab00000,0x00000007abf00000)
  from space 1024K, 99% used [0x00000007ac200000,0x00000007ac2fffb8,0x00000007ac300000)
  to   space 3072K, 0% used [0x00000007abf00000,0x00000007abf00000,0x00000007ac200000)
 ParOldGen       total 68608K, used 29834K [0x0000000700000000, 0x0000000704300000, 0x00000007aab00000)
  object space 68608K, 43% used [0x0000000700000000,0x0000000701d22898,0x0000000704300000)
 Metaspace       used 46534K, committed 47296K, reserved 1114112K
  class space    used 4723K, committed 5056K, reserved 1048576K
}
Event: 6.400 GC heap before
{Heap before GC invocations=23 (full 2):
 PSYoungGen      total 21504K, used 21503K [0x00000007aab00000, 0x00000007ac680000, 0x0000000800000000)
  eden space 20480K, 100% used [0x00000007aab00000,0x00000007abf00000,0x00000007abf00000)
  from space 1024K, 99% used [0x00000007ac200000,0x00000007ac2fffb8,0x00000007ac300000)
  to   space 3072K, 0% used [0x00000007abf00000,0x00000007abf00000,0x00000007ac200000)
 ParOldGen       total 68608K, used 29834K [0x0000000700000000, 0x0000000704300000, 0x00000007aab00000)
  object space 68608K, 43% used [0x0000000700000000,0x0000000701d22898,0x0000000704300000)
 Metaspace       used 46563K, committed 47360K, reserved 1114112K
  class space    used 4723K, committed 5056K, reserved 1048576K
}
Event: 6.401 GC heap after
{Heap after GC invocations=23 (full 2):
 PSYoungGen      total 22016K, used 1225K [0x00000007aab00000, 0x00000007ac300000, 0x0000000800000000)
  eden space 20480K, 0% used [0x00000007aab00000,0x00000007aab00000,0x00000007abf00000)
  from space 1536K, 79% used [0x00000007abf00000,0x00000007ac032548,0x00000007ac080000)
  to   space 2048K, 0% used [0x00000007ac100000,0x00000007ac100000,0x00000007ac300000)
 ParOldGen       total 68608K, used 30876K [0x0000000700000000, 0x0000000704300000, 0x00000007aab00000)
  object space 68608K, 45% used [0x0000000700000000,0x0000000701e27040,0x0000000704300000)
 Metaspace       used 46563K, committed 47360K, reserved 1114112K
  class space    used 4723K, committed 5056K, reserved 1048576K
}
Event: 6.786 GC heap before
{Heap before GC invocations=24 (full 2):
 PSYoungGen      total 22016K, used 21705K [0x00000007aab00000, 0x00000007ac300000, 0x0000000800000000)
  eden space 20480K, 100% used [0x00000007aab00000,0x00000007abf00000,0x00000007abf00000)
  from space 1536K, 79% used [0x00000007abf00000,0x00000007ac032548,0x00000007ac080000)
  to   space 2048K, 0% used [0x00000007ac100000,0x00000007ac100000,0x00000007ac300000)
 ParOldGen       total 68608K, used 30876K [0x0000000700000000, 0x0000000704300000, 0x00000007aab00000)
  object space 68608K, 45% used [0x0000000700000000,0x0000000701e270d8,0x0000000704300000)
 Metaspace       used 48333K, committed 49088K, reserved 1114112K
  class space    used 4889K, committed 5248K, reserved 1048576K
}
Event: 6.787 GC heap after
{Heap after GC invocations=24 (full 2):
 PSYoungGen      total 20992K, used 448K [0x00000007aab00000, 0x00000007ac180000, 0x0000000800000000)
  eden space 20480K, 0% used [0x00000007aab00000,0x00000007aab00000,0x00000007abf00000)
  from space 512K, 87% used [0x00000007ac100000,0x00000007ac170000,0x00000007ac180000)
  to   space 1024K, 0% used [0x00000007abf80000,0x00000007abf80000,0x00000007ac080000)
 ParOldGen       total 68608K, used 31052K [0x0000000700000000, 0x0000000704300000, 0x00000007aab00000)
  object space 68608K, 45% used [0x0000000700000000,0x0000000701e530d8,0x0000000704300000)
 Metaspace       used 48333K, committed 49088K, reserved 1114112K
  class space    used 4889K, committed 5248K, reserved 1048576K
}

