# JRE version: OpenJDK Runtime Environment Temurin-17.0.12+7 (17.0.12+7) (build 17.0.12+7)
# Java VM: OpenJDK 64-Bit Server VM Temurin-17.0.12+7 (17.0.12+7, mixed mode, tiered, compressed oops, compressed class ptrs, parallel gc, windows-amd64)
GC Precious Log:
 CPUs: 12 total, 12 available
 Memory: 16328M
 Large Page Support: Disabled
 NUMA Support: Disabled
 Compressed Oops: Enabled (Zero based)
 Alignments: Space 512K, Generation 512K, Heap 2M
 Heap Min Capacity: 100M
 Heap Initial Capacity: 100M
 Heap Max Capacity: 4G
 Pre-touch: Disabled
 Parallel Workers: 10
Heap:
 PSYoungGen      total 22528K, used 16429K [0x00000007aab00000, 0x00000007ac480000, 0x0000000800000000)
  eden space 20992K, 71% used [0x00000007aab00000,0x00000007ab99af08,0x00000007abf80000)
  from space 1536K, 98% used [0x00000007ac300000,0x00000007ac4791a0,0x00000007ac480000)
  to   space 2560K, 0% used [0x00000007ac080000,0x00000007ac080000,0x00000007ac300000)
 ParOldGen       total 68608K, used 31655K [0x0000000700000000, 0x0000000704300000, 0x00000007aab00000)
  object space 68608K, 46% used [0x0000000700000000,0x0000000701ee9ce0,0x0000000704300000)
 Metaspace       used 46019K, committed 46976K, reserved 1114112K
  class space    used 4780K, committed 5184K, reserved 1048576K
GC Heap History (20 events):
Event: 2.999 GC heap after
{Heap after GC invocations=12 (full 1):
 PSYoungGen      total 24064K, used 518K [0x00000007aab00000, 0x00000007ac680000, 0x0000000800000000)
  eden space 23040K, 0% used [0x00000007aab00000,0x00000007aab00000,0x00000007ac180000)
  from space 1024K, 50% used [0x00000007ac180000,0x00000007ac201978,0x00000007ac280000)
  to   space 2048K, 0% used [0x00000007ac480000,0x00000007ac480000,0x00000007ac680000)
 ParOldGen       total 68608K, used 16828K [0x0000000700000000, 0x0000000704300000, 0x00000007aab00000)
  object space 68608K, 24% used [0x0000000700000000,0x000000070106f300,0x0000000704300000)
 Metaspace       used 35183K, committed 35840K, reserved 1114112K
  class space    used 3437K, committed 3712K, reserved 1048576K
}
Event: 2.999 GC heap before
{Heap before GC invocations=13 (full 2):
 PSYoungGen      total 24064K, used 518K [0x00000007aab00000, 0x00000007ac680000, 0x0000000800000000)
  eden space 23040K, 0% used [0x00000007aab00000,0x00000007aab00000,0x00000007ac180000)
  from space 1024K, 50% used [0x00000007ac180000,0x00000007ac201978,0x00000007ac280000)
  to   space 2048K, 0% used [0x00000007ac480000,0x00000007ac480000,0x00000007ac680000)
 ParOldGen       total 68608K, used 16828K [0x0000000700000000, 0x0000000704300000, 0x00000007aab00000)
  object space 68608K, 24% used [0x0000000700000000,0x000000070106f300,0x0000000704300000)
 Metaspace       used 35183K, committed 35840K, reserved 1114112K
  class space    used 3437K, committed 3712K, reserved 1048576K
}
Event: 3.028 GC heap after
{Heap after GC invocations=13 (full 2):
 PSYoungGen      total 24064K, used 0K [0x00000007aab00000, 0x00000007ac680000, 0x0000000800000000)
  eden space 23040K, 0% used [0x00000007aab00000,0x00000007aab00000,0x00000007ac180000)
  from space 1024K, 0% used [0x00000007ac180000,0x00000007ac180000,0x00000007ac280000)
  to   space 2048K, 0% used [0x00000007ac480000,0x00000007ac480000,0x00000007ac680000)
 ParOldGen       total 68608K, used 15387K [0x0000000700000000, 0x0000000704300000, 0x00000007aab00000)
  object space 68608K, 22% used [0x0000000700000000,0x0000000700f06d28,0x0000000704300000)
 Metaspace       used 35170K, committed 35840K, reserved 1114112K
  class space    used 3433K, committed 3712K, reserved 1048576K
}
Event: 3.269 GC heap before
{Heap before GC invocations=14 (full 2):
 PSYoungGen      total 24064K, used 23039K [0x00000007aab00000, 0x00000007ac680000, 0x0000000800000000)
  eden space 23040K, 99% used [0x00000007aab00000,0x00000007ac17fff8,0x00000007ac180000)
  from space 1024K, 0% used [0x00000007ac180000,0x00000007ac180000,0x00000007ac280000)
  to   space 2048K, 0% used [0x00000007ac480000,0x00000007ac480000,0x00000007ac680000)
 ParOldGen       total 68608K, used 15387K [0x0000000700000000, 0x0000000704300000, 0x00000007aab00000)
  object space 68608K, 22% used [0x0000000700000000,0x0000000700f06d60,0x0000000704300000)
 Metaspace       used 38179K, committed 38976K, reserved 1114112K
  class space    used 3768K, committed 4032K, reserved 1048576K
}
Event: 3.270 GC heap after
{Heap after GC invocations=14 (full 2):
 PSYoungGen      total 25088K, used 2023K [0x00000007aab00000, 0x00000007ac680000, 0x0000000800000000)
  eden space 23040K, 0% used [0x00000007aab00000,0x00000007aab00000,0x00000007ac180000)
  from space 2048K, 98% used [0x00000007ac480000,0x00000007ac679e30,0x00000007ac680000)
  to   space 2560K, 0% used [0x00000007ac180000,0x00000007ac180000,0x00000007ac400000)
 ParOldGen       total 68608K, used 15403K [0x0000000700000000, 0x0000000704300000, 0x00000007aab00000)
  object space 68608K, 22% used [0x0000000700000000,0x0000000700f0ad60,0x0000000704300000)
 Metaspace       used 38179K, committed 38976K, reserved 1114112K
  class space    used 3768K, committed 4032K, reserved 1048576K
}
Event: 3.388 GC heap before
{Heap before GC invocations=15 (full 2):
 PSYoungGen      total 25088K, used 25063K [0x00000007aab00000, 0x00000007ac680000, 0x0000000800000000)
  eden space 23040K, 100% used [0x00000007aab00000,0x00000007ac180000,0x00000007ac180000)
  from space 2048K, 98% used [0x00000007ac480000,0x00000007ac679e30,0x00000007ac680000)
  to   space 2560K, 0% used [0x00000007ac180000,0x00000007ac180000,0x00000007ac400000)
 ParOldGen       total 68608K, used 15405K [0x0000000700000000, 0x0000000704300000, 0x00000007aab00000)
  object space 68608K, 22% used [0x0000000700000000,0x0000000700f0b690,0x0000000704300000)
 Metaspace       used 39404K, committed 40192K, reserved 1114112K
  class space    used 3934K, committed 4224K, reserved 1048576K
}
Event: 3.389 GC heap after
{Heap after GC invocations=15 (full 2):
 PSYoungGen      total 24576K, used 1910K [0x00000007aab00000, 0x00000007ac500000, 0x0000000800000000)
  eden space 22528K, 0% used [0x00000007aab00000,0x00000007aab00000,0x00000007ac100000)
  from space 2048K, 93% used [0x00000007ac180000,0x00000007ac35d8b8,0x00000007ac380000)
  to   space 1536K, 0% used [0x00000007ac380000,0x00000007ac380000,0x00000007ac500000)
 ParOldGen       total 68608K, used 17204K [0x0000000700000000, 0x0000000704300000, 0x00000007aab00000)
  object space 68608K, 25% used [0x0000000700000000,0x00000007010cd1c0,0x0000000704300000)
 Metaspace       used 39404K, committed 40192K, reserved 1114112K
  class space    used 3934K, committed 4224K, reserved 1048576K
}
Event: 3.459 GC heap before
{Heap before GC invocations=16 (full 2):
 PSYoungGen      total 24576K, used 24438K [0x00000007aab00000, 0x00000007ac500000, 0x0000000800000000)
  eden space 22528K, 100% used [0x00000007aab00000,0x00000007ac100000,0x00000007ac100000)
  from space 2048K, 93% used [0x00000007ac180000,0x00000007ac35d8b8,0x00000007ac380000)
  to   space 1536K, 0% used [0x00000007ac380000,0x00000007ac380000,0x00000007ac500000)
 ParOldGen       total 68608K, used 17204K [0x0000000700000000, 0x0000000704300000, 0x00000007aab00000)
  object space 68608K, 25% used [0x0000000700000000,0x00000007010cd1c0,0x0000000704300000)
 Metaspace       used 40308K, committed 41216K, reserved 1114112K
  class space    used 4055K, committed 4416K, reserved 1048576K
}
Event: 3.461 GC heap after
{Heap after GC invocations=16 (full 2):
 PSYoungGen      total 22528K, used 1520K [0x00000007aab00000, 0x00000007ac880000, 0x0000000800000000)
  eden space 20992K, 0% used [0x00000007aab00000,0x00000007aab00000,0x00000007abf80000)
  from space 1536K, 98% used [0x00000007ac380000,0x00000007ac4fc010,0x00000007ac500000)
  to   space 4096K, 0% used [0x00000007abf80000,0x00000007abf80000,0x00000007ac380000)
 ParOldGen       total 68608K, used 19350K [0x0000000700000000, 0x0000000704300000, 0x00000007aab00000)
  object space 68608K, 28% used [0x0000000700000000,0x00000007012e5aa8,0x0000000704300000)
 Metaspace       used 40308K, committed 41216K, reserved 1114112K
  class space    used 4055K, committed 4416K, reserved 1048576K
}
Event: 3.525 GC heap before
{Heap before GC invocations=17 (full 2):
 PSYoungGen      total 22528K, used 22512K [0x00000007aab00000, 0x00000007ac880000, 0x0000000800000000)
  eden space 20992K, 100% used [0x00000007aab00000,0x00000007abf80000,0x00000007abf80000)
  from space 1536K, 98% used [0x00000007ac380000,0x00000007ac4fc010,0x00000007ac500000)
  to   space 4096K, 0% used [0x00000007abf80000,0x00000007abf80000,0x00000007ac380000)
 ParOldGen       total 68608K, used 19350K [0x0000000700000000, 0x0000000704300000, 0x00000007aab00000)
  object space 68608K, 28% used [0x0000000700000000,0x00000007012e5aa8,0x0000000704300000)
 Metaspace       used 41335K, committed 42240K, reserved 1114112K
  class space    used 4192K, committed 4544K, reserved 1048576K
}
Event: 3.527 GC heap after
{Heap after GC invocations=17 (full 2):
 PSYoungGen      total 23040K, used 1712K [0x00000007aab00000, 0x00000007ac480000, 0x0000000800000000)
  eden space 20992K, 0% used [0x00000007aab00000,0x00000007aab00000,0x00000007abf80000)
  from space 2048K, 83% used [0x00000007abf80000,0x00000007ac12c020,0x00000007ac180000)
  to   space 2560K, 0% used [0x00000007ac200000,0x00000007ac200000,0x00000007ac480000)
 ParOldGen       total 68608K, used 20798K [0x0000000700000000, 0x0000000704300000, 0x00000007aab00000)
  object space 68608K, 30% used [0x0000000700000000,0x000000070144faa8,0x0000000704300000)
 Metaspace       used 41335K, committed 42240K, reserved 1114112K
  class space    used 4192K, committed 4544K, reserved 1048576K
}
Event: 3.643 GC heap before
{Heap before GC invocations=18 (full 2):
 PSYoungGen      total 23040K, used 22704K [0x00000007aab00000, 0x00000007ac480000, 0x0000000800000000)
  eden space 20992K, 100% used [0x00000007aab00000,0x00000007abf80000,0x00000007abf80000)
  from space 2048K, 83% used [0x00000007abf80000,0x00000007ac12c020,0x00000007ac180000)
  to   space 2560K, 0% used [0x00000007ac200000,0x00000007ac200000,0x00000007ac480000)
 ParOldGen       total 68608K, used 20798K [0x0000000700000000, 0x0000000704300000, 0x00000007aab00000)
  object space 68608K, 30% used [0x0000000700000000,0x000000070144faa8,0x0000000704300000)
 Metaspace       used 43944K, committed 44864K, reserved 1114112K
  class space    used 4503K, committed 4864K, reserved 1048576K
}
Event: 3.644 GC heap after
{Heap after GC invocations=18 (full 2):
 PSYoungGen      total 23040K, used 1917K [0x00000007aab00000, 0x00000007ac400000, 0x0000000800000000)
  eden space 20992K, 0% used [0x00000007aab00000,0x00000007aab00000,0x00000007abf80000)
  from space 2048K, 93% used [0x00000007ac200000,0x00000007ac3df540,0x00000007ac400000)
  to   space 2048K, 0% used [0x00000007abf80000,0x00000007abf80000,0x00000007ac180000)
 ParOldGen       total 68608K, used 22322K [0x0000000700000000, 0x0000000704300000, 0x00000007aab00000)
  object space 68608K, 32% used [0x0000000700000000,0x00000007015cc9b8,0x0000000704300000)
 Metaspace       used 43944K, committed 44864K, reserved 1114112K
  class space    used 4503K, committed 4864K, reserved 1048576K
}
Event: 3.752 GC heap before
{Heap before GC invocations=19 (full 2):
 PSYoungGen      total 23040K, used 22909K [0x00000007aab00000, 0x00000007ac400000, 0x0000000800000000)
  eden space 20992K, 100% used [0x00000007aab00000,0x00000007abf80000,0x00000007abf80000)
  from space 2048K, 93% used [0x00000007ac200000,0x00000007ac3df540,0x00000007ac400000)
  to   space 2048K, 0% used [0x00000007abf80000,0x00000007abf80000,0x00000007ac180000)
 ParOldGen       total 68608K, used 22322K [0x0000000700000000, 0x0000000704300000, 0x00000007aab00000)
  object space 68608K, 32% used [0x0000000700000000,0x00000007015cc9b8,0x0000000704300000)
 Metaspace       used 45248K, committed 46208K, reserved 1114112K
  class space    used 4676K, committed 5056K, reserved 1048576K
}
Event: 3.754 GC heap after
{Heap after GC invocations=19 (full 2):
 PSYoungGen      total 23040K, used 2043K [0x00000007aab00000, 0x00000007ac880000, 0x0000000800000000)
  eden space 20992K, 0% used [0x00000007aab00000,0x00000007aab00000,0x00000007abf80000)
  from space 2048K, 99% used [0x00000007abf80000,0x00000007ac17ec08,0x00000007ac180000)
  to   space 4608K, 0% used [0x00000007ac400000,0x00000007ac400000,0x00000007ac880000)
 ParOldGen       total 68608K, used 24273K [0x0000000700000000, 0x0000000704300000, 0x00000007aab00000)
  object space 68608K, 35% used [0x0000000700000000,0x00000007017b4650,0x0000000704300000)
 Metaspace       used 45248K, committed 46208K, reserved 1114112K
  class space    used 4676K, committed 5056K, reserved 1048576K
}
Event: 3.793 GC heap before
{Heap before GC invocations=20 (full 2):
 PSYoungGen      total 23040K, used 23035K [0x00000007aab00000, 0x00000007ac880000, 0x0000000800000000)
  eden space 20992K, 99% used [0x00000007aab00000,0x00000007abf7fff8,0x00000007abf80000)
  from space 2048K, 99% used [0x00000007abf80000,0x00000007ac17ec08,0x00000007ac180000)
  to   space 4608K, 0% used [0x00000007ac400000,0x00000007ac400000,0x00000007ac880000)
 ParOldGen       total 68608K, used 24273K [0x0000000700000000, 0x0000000704300000, 0x00000007aab00000)
  object space 68608K, 35% used [0x0000000700000000,0x00000007017b4650,0x0000000704300000)
 Metaspace       used 45559K, committed 46528K, reserved 1114112K
  class space    used 4711K, committed 5120K, reserved 1048576K
}
Event: 3.799 GC heap after
{Heap after GC invocations=20 (full 2):
 PSYoungGen      total 23552K, used 2466K [0x00000007aab00000, 0x00000007ac680000, 0x0000000800000000)
  eden space 20992K, 0% used [0x00000007aab00000,0x00000007aab00000,0x00000007abf80000)
  from space 2560K, 96% used [0x00000007ac400000,0x00000007ac668b60,0x00000007ac680000)
  to   space 3072K, 0% used [0x00000007ac080000,0x00000007ac080000,0x00000007ac380000)
 ParOldGen       total 68608K, used 26282K [0x0000000700000000, 0x0000000704300000, 0x00000007aab00000)
  object space 68608K, 38% used [0x0000000700000000,0x00000007019aaa30,0x0000000704300000)
 Metaspace       used 45559K, committed 46528K, reserved 1114112K
  class space    used 4711K, committed 5120K, reserved 1048576K
}
Event: 3.825 GC heap before
{Heap before GC invocations=21 (full 2):
 PSYoungGen      total 23552K, used 23458K [0x00000007aab00000, 0x00000007ac680000, 0x0000000800000000)
  eden space 20992K, 100% used [0x00000007aab00000,0x00000007abf80000,0x00000007abf80000)
  from space 2560K, 96% used [0x00000007ac400000,0x00000007ac668b60,0x00000007ac680000)
  to   space 3072K, 0% used [0x00000007ac080000,0x00000007ac080000,0x00000007ac380000)
 ParOldGen       total 68608K, used 26282K [0x0000000700000000, 0x0000000704300000, 0x00000007aab00000)
  object space 68608K, 38% used [0x0000000700000000,0x00000007019aaa30,0x0000000704300000)
 Metaspace       used 45741K, committed 46720K, reserved 1114112K
  class space    used 4734K, committed 5120K, reserved 1048576K
}
Event: 3.827 GC heap after
{Heap after GC invocations=21 (full 2):
 PSYoungGen      total 23552K, used 2332K [0x00000007aab00000, 0x00000007ac480000, 0x0000000800000000)
  eden space 20992K, 0% used [0x00000007aab00000,0x00000007aab00000,0x00000007abf80000)
  from space 2560K, 91% used [0x00000007ac080000,0x00000007ac2c7350,0x00000007ac300000)
  to   space 1536K, 0% used [0x00000007ac300000,0x00000007ac300000,0x00000007ac480000)
 ParOldGen       total 68608K, used 28621K [0x0000000700000000, 0x0000000704300000, 0x00000007aab00000)
  object space 68608K, 41% used [0x0000000700000000,0x0000000701bf35a8,0x0000000704300000)
 Metaspace       used 45741K, committed 46720K, reserved 1114112K
  class space    used 4734K, committed 5120K, reserved 1048576K
}
Event: 3.873 GC heap before
{Heap before GC invocations=22 (full 2):
 PSYoungGen      total 23552K, used 23324K [0x00000007aab00000, 0x00000007ac480000, 0x0000000800000000)
  eden space 20992K, 100% used [0x00000007aab00000,0x00000007abf80000,0x00000007abf80000)
  from space 2560K, 91% used [0x00000007ac080000,0x00000007ac2c7350,0x00000007ac300000)
  to   space 1536K, 0% used [0x00000007ac300000,0x00000007ac300000,0x00000007ac480000)
 ParOldGen       total 68608K, used 28621K [0x0000000700000000, 0x0000000704300000, 0x00000007aab00000)
  object space 68608K, 41% used [0x0000000700000000,0x0000000701bf35a8,0x0000000704300000)
 Metaspace       used 45839K, committed 46784K, reserved 1114112K
  class space    used 4751K, committed 5120K, reserved 1048576K
}

