# JRE version: OpenJDK Runtime Environment Temurin-17.0.12+7 (17.0.12+7) (build 17.0.12+7)
# Java VM: OpenJDK 64-Bit Server VM Temurin-17.0.12+7 (17.0.12+7, mixed mode, tiered, compressed oops, compressed class ptrs, parallel gc, windows-amd64)
GC Precious Log:
 CPUs: 12 total, 12 available
 Memory: 16328M
 Large Page Support: Disabled
 NUMA Support: Disabled
 Compressed Oops: Enabled (Zero based)
 Alignments: Space 512K, Generation 512K, Heap 2M
 Heap Min Capacity: 100M
 Heap Initial Capacity: 100M
 Heap Max Capacity: 4G
 Pre-touch: Disabled
 Parallel Workers: 10
Heap:
 PSYoungGen      total 15360K, used 1634K [0x00000007aab00000, 0x00000007abc80000, 0x0000000800000000)
  eden space 12288K, 3% used [0x00000007aab00000,0x00000007aab77d50,0x00000007ab700000)
  from space 3072K, 39% used [0x00000007ab700000,0x00000007ab833180,0x00000007aba00000)
  to   space 2560K, 0% used [0x00000007aba00000,0x00000007aba00000,0x00000007abc80000)
 ParOldGen       total 91648K, used 66354K [0x0000000700000000, 0x0000000705980000, 0x00000007aab00000)
  object space 91648K, 72% used [0x0000000700000000,0x00000007040cc8a8,0x0000000705980000)
 Metaspace       used 60909K, committed 61952K, reserved 1114112K
  class space    used 6540K, committed 6912K, reserved 1048576K
GC Heap History (20 events):
Event: 28.416 GC heap before
{Heap before GC invocations=49 (full 3):
 PSYoungGen      total 17920K, used 17515K [0x00000007aab00000, 0x00000007abe80000, 0x0000000800000000)
  eden space 15872K, 100% used [0x00000007aab00000,0x00000007aba80000,0x00000007aba80000)
  from space 2048K, 80% used [0x00000007aba80000,0x00000007abc1ad98,0x00000007abc80000)
  to   space 2048K, 0% used [0x00000007abc80000,0x00000007abc80000,0x00000007abe80000)
 ParOldGen       total 68608K, used 56350K [0x0000000700000000, 0x0000000704300000, 0x00000007aab00000)
  object space 68608K, 82% used [0x0000000700000000,0x0000000703707ad8,0x0000000704300000)
 Metaspace       used 59560K, committed 60672K, reserved 1114112K
  class space    used 6422K, committed 6848K, reserved 1048576K
}
Event: 28.417 GC heap after
{Heap after GC invocations=49 (full 3):
 PSYoungGen      total 17408K, used 1403K [0x00000007aab00000, 0x00000007abe00000, 0x0000000800000000)
  eden space 15872K, 0% used [0x00000007aab00000,0x00000007aab00000,0x00000007aba80000)
  from space 1536K, 91% used [0x00000007abc80000,0x00000007abddee70,0x00000007abe00000)
  to   space 1536K, 0% used [0x00000007abb00000,0x00000007abb00000,0x00000007abc80000)
 ParOldGen       total 68608K, used 57629K [0x0000000700000000, 0x0000000704300000, 0x00000007aab00000)
  object space 68608K, 83% used [0x0000000700000000,0x00000007038474e0,0x0000000704300000)
 Metaspace       used 59560K, committed 60672K, reserved 1114112K
  class space    used 6422K, committed 6848K, reserved 1048576K
}
Event: 28.438 GC heap before
{Heap before GC invocations=50 (full 3):
 PSYoungGen      total 17408K, used 16812K [0x00000007aab00000, 0x00000007abe00000, 0x0000000800000000)
  eden space 15872K, 97% used [0x00000007aab00000,0x00000007aba0c2d8,0x00000007aba80000)
  from space 1536K, 91% used [0x00000007abc80000,0x00000007abddee70,0x00000007abe00000)
  to   space 1536K, 0% used [0x00000007abb00000,0x00000007abb00000,0x00000007abc80000)
 ParOldGen       total 68608K, used 57629K [0x0000000700000000, 0x0000000704300000, 0x00000007aab00000)
  object space 68608K, 83% used [0x0000000700000000,0x00000007038474e0,0x0000000704300000)
 Metaspace       used 59749K, committed 60864K, reserved 1114112K
  class space    used 6426K, committed 6848K, reserved 1048576K
}
Event: 28.439 GC heap after
{Heap after GC invocations=50 (full 3):
 PSYoungGen      total 17408K, used 1305K [0x00000007aab00000, 0x00000007abd80000, 0x0000000800000000)
  eden space 15872K, 0% used [0x00000007aab00000,0x00000007aab00000,0x00000007aba80000)
  from space 1536K, 84% used [0x00000007abb00000,0x00000007abc46588,0x00000007abc80000)
  to   space 1024K, 0% used [0x00000007abc80000,0x00000007abc80000,0x00000007abd80000)
 ParOldGen       total 68608K, used 58778K [0x0000000700000000, 0x0000000704300000, 0x00000007aab00000)
  object space 68608K, 85% used [0x0000000700000000,0x0000000703966818,0x0000000704300000)
 Metaspace       used 59749K, committed 60864K, reserved 1114112K
  class space    used 6426K, committed 6848K, reserved 1048576K
}
Event: 28.449 GC heap before
{Heap before GC invocations=51 (full 3):
 PSYoungGen      total 17408K, used 17177K [0x00000007aab00000, 0x00000007abd80000, 0x0000000800000000)
  eden space 15872K, 100% used [0x00000007aab00000,0x00000007aba80000,0x00000007aba80000)
  from space 1536K, 84% used [0x00000007abb00000,0x00000007abc46588,0x00000007abc80000)
  to   space 1024K, 0% used [0x00000007abc80000,0x00000007abc80000,0x00000007abd80000)
 ParOldGen       total 68608K, used 58778K [0x0000000700000000, 0x0000000704300000, 0x00000007aab00000)
  object space 68608K, 85% used [0x0000000700000000,0x0000000703966818,0x0000000704300000)
 Metaspace       used 59773K, committed 60864K, reserved 1114112K
  class space    used 6435K, committed 6848K, reserved 1048576K
}
Event: 28.450 GC heap after
{Heap after GC invocations=51 (full 3):
 PSYoungGen      total 15872K, used 1015K [0x00000007aab00000, 0x00000007ac080000, 0x0000000800000000)
  eden space 14848K, 0% used [0x00000007aab00000,0x00000007aab00000,0x00000007ab980000)
  from space 1024K, 99% used [0x00000007abc80000,0x00000007abd7de78,0x00000007abd80000)
  to   space 3072K, 0% used [0x00000007ab980000,0x00000007ab980000,0x00000007abc80000)
 ParOldGen       total 68608K, used 60556K [0x0000000700000000, 0x0000000704300000, 0x00000007aab00000)
  object space 68608K, 88% used [0x0000000700000000,0x0000000703b23338,0x0000000704300000)
 Metaspace       used 59773K, committed 60864K, reserved 1114112K
  class space    used 6435K, committed 6848K, reserved 1048576K
}
Event: 28.462 GC heap before
{Heap before GC invocations=52 (full 3):
 PSYoungGen      total 15872K, used 15863K [0x00000007aab00000, 0x00000007ac080000, 0x0000000800000000)
  eden space 14848K, 100% used [0x00000007aab00000,0x00000007ab980000,0x00000007ab980000)
  from space 1024K, 99% used [0x00000007abc80000,0x00000007abd7de78,0x00000007abd80000)
  to   space 3072K, 0% used [0x00000007ab980000,0x00000007ab980000,0x00000007abc80000)
 ParOldGen       total 68608K, used 60556K [0x0000000700000000, 0x0000000704300000, 0x00000007aab00000)
  object space 68608K, 88% used [0x0000000700000000,0x0000000703b23338,0x0000000704300000)
 Metaspace       used 59863K, committed 60928K, reserved 1114112K
  class space    used 6447K, committed 6848K, reserved 1048576K
}
Event: 28.462 GC heap after
{Heap after GC invocations=52 (full 3):
 PSYoungGen      total 16384K, used 1092K [0x00000007aab00000, 0x00000007abd80000, 0x0000000800000000)
  eden space 14848K, 0% used [0x00000007aab00000,0x00000007aab00000,0x00000007ab980000)
  from space 1536K, 71% used [0x00000007ab980000,0x00000007aba91020,0x00000007abb00000)
  to   space 2048K, 0% used [0x00000007abb80000,0x00000007abb80000,0x00000007abd80000)
 ParOldGen       total 68608K, used 61563K [0x0000000700000000, 0x0000000704300000, 0x00000007aab00000)
  object space 68608K, 89% used [0x0000000700000000,0x0000000703c1ec60,0x0000000704300000)
 Metaspace       used 59863K, committed 60928K, reserved 1114112K
  class space    used 6447K, committed 6848K, reserved 1048576K
}
Event: 28.475 GC heap before
{Heap before GC invocations=53 (full 3):
 PSYoungGen      total 16384K, used 15940K [0x00000007aab00000, 0x00000007abd80000, 0x0000000800000000)
  eden space 14848K, 100% used [0x00000007aab00000,0x00000007ab980000,0x00000007ab980000)
  from space 1536K, 71% used [0x00000007ab980000,0x00000007aba91020,0x00000007abb00000)
  to   space 2048K, 0% used [0x00000007abb80000,0x00000007abb80000,0x00000007abd80000)
 ParOldGen       total 68608K, used 61563K [0x0000000700000000, 0x0000000704300000, 0x00000007aab00000)
  object space 68608K, 89% used [0x0000000700000000,0x0000000703c1ec60,0x0000000704300000)
 Metaspace       used 60162K, committed 61248K, reserved 1114112K
  class space    used 6475K, committed 6912K, reserved 1048576K
}
Event: 28.476 GC heap after
{Heap after GC invocations=53 (full 3):
 PSYoungGen      total 16896K, used 1641K [0x00000007aab00000, 0x00000007abd80000, 0x0000000800000000)
  eden space 14848K, 0% used [0x00000007aab00000,0x00000007aab00000,0x00000007ab980000)
  from space 2048K, 80% used [0x00000007abb80000,0x00000007abd1a438,0x00000007abd80000)
  to   space 2048K, 0% used [0x00000007ab980000,0x00000007ab980000,0x00000007abb80000)
 ParOldGen       total 68608K, used 62536K [0x0000000700000000, 0x0000000704300000, 0x00000007aab00000)
  object space 68608K, 91% used [0x0000000700000000,0x0000000703d12210,0x0000000704300000)
 Metaspace       used 60162K, committed 61248K, reserved 1114112K
  class space    used 6475K, committed 6912K, reserved 1048576K
}
Event: 28.484 GC heap before
{Heap before GC invocations=54 (full 3):
 PSYoungGen      total 16896K, used 16489K [0x00000007aab00000, 0x00000007abd80000, 0x0000000800000000)
  eden space 14848K, 100% used [0x00000007aab00000,0x00000007ab980000,0x00000007ab980000)
  from space 2048K, 80% used [0x00000007abb80000,0x00000007abd1a438,0x00000007abd80000)
  to   space 2048K, 0% used [0x00000007ab980000,0x00000007ab980000,0x00000007abb80000)
 ParOldGen       total 68608K, used 62536K [0x0000000700000000, 0x0000000704300000, 0x00000007aab00000)
  object space 68608K, 91% used [0x0000000700000000,0x0000000703d12210,0x0000000704300000)
 Metaspace       used 60265K, committed 61376K, reserved 1114112K
  class space    used 6487K, committed 6912K, reserved 1048576K
}
Event: 28.485 GC heap after
{Heap after GC invocations=54 (full 3):
 PSYoungGen      total 16384K, used 1042K [0x00000007aab00000, 0x00000007abc80000, 0x0000000800000000)
  eden space 14848K, 0% used [0x00000007aab00000,0x00000007aab00000,0x00000007ab980000)
  from space 1536K, 67% used [0x00000007ab980000,0x00000007aba848b8,0x00000007abb00000)
  to   space 1536K, 0% used [0x00000007abb00000,0x00000007abb00000,0x00000007abc80000)
 ParOldGen       total 68608K, used 63715K [0x0000000700000000, 0x0000000704300000, 0x00000007aab00000)
  object space 68608K, 92% used [0x0000000700000000,0x0000000703e38c70,0x0000000704300000)
 Metaspace       used 60265K, committed 61376K, reserved 1114112K
  class space    used 6487K, committed 6912K, reserved 1048576K
}
Event: 28.494 GC heap before
{Heap before GC invocations=55 (full 3):
 PSYoungGen      total 16384K, used 15890K [0x00000007aab00000, 0x00000007abc80000, 0x0000000800000000)
  eden space 14848K, 100% used [0x00000007aab00000,0x00000007ab980000,0x00000007ab980000)
  from space 1536K, 67% used [0x00000007ab980000,0x00000007aba848b8,0x00000007abb00000)
  to   space 1536K, 0% used [0x00000007abb00000,0x00000007abb00000,0x00000007abc80000)
 ParOldGen       total 68608K, used 63715K [0x0000000700000000, 0x0000000704300000, 0x00000007aab00000)
  object space 68608K, 92% used [0x0000000700000000,0x0000000703e38c70,0x0000000704300000)
 Metaspace       used 60336K, committed 61440K, reserved 1114112K
  class space    used 6492K, committed 6912K, reserved 1048576K
}
Event: 28.495 GC heap after
{Heap after GC invocations=55 (full 3):
 PSYoungGen      total 16384K, used 1050K [0x00000007aab00000, 0x00000007abc80000, 0x0000000800000000)
  eden space 14848K, 0% used [0x00000007aab00000,0x00000007aab00000,0x00000007ab980000)
  from space 1536K, 68% used [0x00000007abb00000,0x00000007abc06908,0x00000007abc80000)
  to   space 1536K, 0% used [0x00000007ab980000,0x00000007ab980000,0x00000007abb00000)
 ParOldGen       total 68608K, used 64554K [0x0000000700000000, 0x0000000704300000, 0x00000007aab00000)
  object space 68608K, 94% used [0x0000000700000000,0x0000000703f0aa88,0x0000000704300000)
 Metaspace       used 60336K, committed 61440K, reserved 1114112K
  class space    used 6492K, committed 6912K, reserved 1048576K
}
Event: 28.502 GC heap before
{Heap before GC invocations=56 (full 3):
 PSYoungGen      total 16384K, used 15898K [0x00000007aab00000, 0x00000007abc80000, 0x0000000800000000)
  eden space 14848K, 100% used [0x00000007aab00000,0x00000007ab980000,0x00000007ab980000)
  from space 1536K, 68% used [0x00000007abb00000,0x00000007abc06908,0x00000007abc80000)
  to   space 1536K, 0% used [0x00000007ab980000,0x00000007ab980000,0x00000007abb00000)
 ParOldGen       total 68608K, used 64554K [0x0000000700000000, 0x0000000704300000, 0x00000007aab00000)
  object space 68608K, 94% used [0x0000000700000000,0x0000000703f0aa88,0x0000000704300000)
 Metaspace       used 60346K, committed 61440K, reserved 1114112K
  class space    used 6494K, committed 6912K, reserved 1048576K
}
Event: 28.503 GC heap after
{Heap after GC invocations=56 (full 3):
 PSYoungGen      total 15872K, used 894K [0x00000007aab00000, 0x00000007abb80000, 0x0000000800000000)
  eden space 14848K, 0% used [0x00000007aab00000,0x00000007aab00000,0x00000007ab980000)
  from space 1024K, 87% used [0x00000007ab980000,0x00000007aba5f868,0x00000007aba80000)
  to   space 1024K, 0% used [0x00000007aba80000,0x00000007aba80000,0x00000007abb80000)
 ParOldGen       total 68608K, used 65443K [0x0000000700000000, 0x0000000704300000, 0x00000007aab00000)
  object space 68608K, 95% used [0x0000000700000000,0x0000000703fe8cc8,0x0000000704300000)
 Metaspace       used 60346K, committed 61440K, reserved 1114112K
  class space    used 6494K, committed 6912K, reserved 1048576K
}
Event: 28.546 GC heap before
{Heap before GC invocations=57 (full 3):
 PSYoungGen      total 15872K, used 15742K [0x00000007aab00000, 0x00000007abb80000, 0x0000000800000000)
  eden space 14848K, 100% used [0x00000007aab00000,0x00000007ab980000,0x00000007ab980000)
  from space 1024K, 87% used [0x00000007ab980000,0x00000007aba5f868,0x00000007aba80000)
  to   space 1024K, 0% used [0x00000007aba80000,0x00000007aba80000,0x00000007abb80000)
 ParOldGen       total 68608K, used 65443K [0x0000000700000000, 0x0000000704300000, 0x00000007aab00000)
  object space 68608K, 95% used [0x0000000700000000,0x0000000703fe8cc8,0x0000000704300000)
 Metaspace       used 60455K, committed 61504K, reserved 1114112K
  class space    used 6497K, committed 6912K, reserved 1048576K
}
Event: 28.548 GC heap after
{Heap after GC invocations=57 (full 3):
 PSYoungGen      total 12288K, used 1024K [0x00000007aab00000, 0x00000007ac280000, 0x0000000800000000)
  eden space 11264K, 0% used [0x00000007aab00000,0x00000007aab00000,0x00000007ab600000)
  from space 1024K, 100% used [0x00000007aba80000,0x00000007abb80000,0x00000007abb80000)
  to   space 4608K, 0% used [0x00000007ab600000,0x00000007ab600000,0x00000007aba80000)
 ParOldGen       total 68608K, used 68206K [0x0000000700000000, 0x0000000704300000, 0x00000007aab00000)
  object space 68608K, 99% used [0x0000000700000000,0x000000070429b890,0x0000000704300000)
 Metaspace       used 60455K, committed 61504K, reserved 1114112K
  class space    used 6497K, committed 6912K, reserved 1048576K
}
Event: 28.548 GC heap before
{Heap before GC invocations=58 (full 4):
 PSYoungGen      total 12288K, used 1024K [0x00000007aab00000, 0x00000007ac280000, 0x0000000800000000)
  eden space 11264K, 0% used [0x00000007aab00000,0x00000007aab00000,0x00000007ab600000)
  from space 1024K, 100% used [0x00000007aba80000,0x00000007abb80000,0x00000007abb80000)
  to   space 4608K, 0% used [0x00000007ab600000,0x00000007ab600000,0x00000007aba80000)
 ParOldGen       total 68608K, used 68206K [0x0000000700000000, 0x0000000704300000, 0x00000007aab00000)
  object space 68608K, 99% used [0x0000000700000000,0x000000070429b890,0x0000000704300000)
 Metaspace       used 60455K, committed 61504K, reserved 1114112K
  class space    used 6497K, committed 6912K, reserved 1048576K
}
Event: 28.595 GC heap after
{Heap after GC invocations=58 (full 4):
 PSYoungGen      total 15872K, used 0K [0x00000007aab00000, 0x00000007abf00000, 0x0000000800000000)
  eden space 11264K, 0% used [0x00000007aab00000,0x00000007aab00000,0x00000007ab600000)
  from space 4608K, 0% used [0x00000007ab600000,0x00000007ab600000,0x00000007aba80000)
  to   space 4608K, 0% used [0x00000007aba80000,0x00000007aba80000,0x00000007abf00000)
 ParOldGen       total 91648K, used 63221K [0x0000000700000000, 0x0000000705980000, 0x00000007aab00000)
  object space 91648K, 68% used [0x0000000700000000,0x0000000703dbd738,0x0000000705980000)
 Metaspace       used 60455K, committed 61504K, reserved 1114112K
  class space    used 6497K, committed 6912K, reserved 1048576K
}

