# JRE version: OpenJDK Runtime Environment Temurin-17.0.12+7 (17.0.12+7) (build 17.0.12+7)
# Java VM: OpenJDK 64-Bit Server VM Temurin-17.0.12+7 (17.0.12+7, mixed mode, tiered, compressed oops, compressed class ptrs, parallel gc, windows-amd64)
GC Precious Log:
 CPUs: 12 total, 12 available
 Memory: 16328M
 Large Page Support: Disabled
 NUMA Support: Disabled
 Compressed Oops: Enabled (Zero based)
 Alignments: Space 512K, Generation 512K, Heap 2M
 Heap Min Capacity: 100M
 Heap Initial Capacity: 100M
 Heap Max Capacity: 4G
 Pre-touch: Disabled
 Parallel Workers: 10
Heap:
 PSYoungGen      total 22528K, used 18884K [0x00000007aab00000, 0x00000007ac300000, 0x0000000800000000)
  eden space 22016K, 83% used [0x00000007aab00000,0x00000007abd092f0,0x00000007ac080000)
  from space 512K, 81% used [0x00000007ac280000,0x00000007ac2e8000,0x00000007ac300000)
  to   space 1024K, 0% used [0x00000007ac100000,0x00000007ac100000,0x00000007ac200000)
 ParOldGen       total 68608K, used 22632K [0x0000000700000000, 0x0000000704300000, 0x00000007aab00000)
  object space 68608K, 32% used [0x0000000700000000,0x000000070161a3f8,0x0000000704300000)
 Metaspace       used 43828K, committed 44544K, reserved 1114112K
  class space    used 4437K, committed 4736K, reserved 1048576K
GC Heap History (20 events):
Event: 3.672 GC heap before
{Heap before GC invocations=9 (full 1):
 PSYoungGen      total 26624K, used 26601K [0x00000007aab00000, 0x00000007acb80000, 0x0000000800000000)
  eden space 24064K, 100% used [0x00000007aab00000,0x00000007ac280000,0x00000007ac280000)
  from space 2560K, 99% used [0x00000007ac480000,0x00000007ac6fa570,0x00000007ac700000)
  to   space 4608K, 0% used [0x00000007ac700000,0x00000007ac700000,0x00000007acb80000)
 ParOldGen       total 68608K, used 8976K [0x0000000700000000, 0x0000000704300000, 0x00000007aab00000)
  object space 68608K, 13% used [0x0000000700000000,0x00000007008c4000,0x0000000704300000)
 Metaspace       used 33945K, committed 34624K, reserved 1114112K
  class space    used 3379K, committed 3584K, reserved 1048576K
}
Event: 3.674 GC heap after
{Heap after GC invocations=9 (full 1):
 PSYoungGen      total 27648K, used 3650K [0x00000007aab00000, 0x00000007acb00000, 0x0000000800000000)
  eden space 23552K, 0% used [0x00000007aab00000,0x00000007aab00000,0x00000007ac200000)
  from space 4096K, 89% used [0x00000007ac700000,0x00000007aca90840,0x00000007acb00000)
  to   space 4096K, 0% used [0x00000007ac300000,0x00000007ac300000,0x00000007ac700000)
 ParOldGen       total 68608K, used 8984K [0x0000000700000000, 0x0000000704300000, 0x00000007aab00000)
  object space 68608K, 13% used [0x0000000700000000,0x00000007008c6000,0x0000000704300000)
 Metaspace       used 33945K, committed 34624K, reserved 1114112K
  class space    used 3379K, committed 3584K, reserved 1048576K
}
Event: 3.837 GC heap before
{Heap before GC invocations=10 (full 1):
 PSYoungGen      total 27648K, used 12643K [0x00000007aab00000, 0x00000007acb00000, 0x0000000800000000)
  eden space 23552K, 38% used [0x00000007aab00000,0x00000007ab3c85f8,0x00000007ac200000)
  from space 4096K, 89% used [0x00000007ac700000,0x00000007aca90840,0x00000007acb00000)
  to   space 4096K, 0% used [0x00000007ac300000,0x00000007ac300000,0x00000007ac700000)
 ParOldGen       total 68608K, used 8984K [0x0000000700000000, 0x0000000704300000, 0x00000007aab00000)
  object space 68608K, 13% used [0x0000000700000000,0x00000007008c6000,0x0000000704300000)
 Metaspace       used 35189K, committed 35840K, reserved 1114112K
  class space    used 3522K, committed 3776K, reserved 1048576K
}
Event: 3.839 GC heap after
{Heap after GC invocations=10 (full 1):
 PSYoungGen      total 26624K, used 2899K [0x00000007aab00000, 0x00000007ac900000, 0x0000000800000000)
  eden space 23552K, 0% used [0x00000007aab00000,0x00000007aab00000,0x00000007ac200000)
  from space 3072K, 94% used [0x00000007ac300000,0x00000007ac5d4d48,0x00000007ac600000)
  to   space 3072K, 0% used [0x00000007ac600000,0x00000007ac600000,0x00000007ac900000)
 ParOldGen       total 68608K, used 10514K [0x0000000700000000, 0x0000000704300000, 0x00000007aab00000)
  object space 68608K, 15% used [0x0000000700000000,0x0000000700a44a50,0x0000000704300000)
 Metaspace       used 35189K, committed 35840K, reserved 1114112K
  class space    used 3522K, committed 3776K, reserved 1048576K
}
Event: 3.839 GC heap before
{Heap before GC invocations=11 (full 2):
 PSYoungGen      total 26624K, used 2899K [0x00000007aab00000, 0x00000007ac900000, 0x0000000800000000)
  eden space 23552K, 0% used [0x00000007aab00000,0x00000007aab00000,0x00000007ac200000)
  from space 3072K, 94% used [0x00000007ac300000,0x00000007ac5d4d48,0x00000007ac600000)
  to   space 3072K, 0% used [0x00000007ac600000,0x00000007ac600000,0x00000007ac900000)
 ParOldGen       total 68608K, used 10514K [0x0000000700000000, 0x0000000704300000, 0x00000007aab00000)
  object space 68608K, 15% used [0x0000000700000000,0x0000000700a44a50,0x0000000704300000)
 Metaspace       used 35189K, committed 35840K, reserved 1114112K
  class space    used 3522K, committed 3776K, reserved 1048576K
}
Event: 3.861 GC heap after
{Heap after GC invocations=11 (full 2):
 PSYoungGen      total 26624K, used 0K [0x00000007aab00000, 0x00000007ac900000, 0x0000000800000000)
  eden space 23552K, 0% used [0x00000007aab00000,0x00000007aab00000,0x00000007ac200000)
  from space 3072K, 0% used [0x00000007ac300000,0x00000007ac300000,0x00000007ac600000)
  to   space 3072K, 0% used [0x00000007ac600000,0x00000007ac600000,0x00000007ac900000)
 ParOldGen       total 68608K, used 13074K [0x0000000700000000, 0x0000000704300000, 0x00000007aab00000)
  object space 68608K, 19% used [0x0000000700000000,0x0000000700cc4858,0x0000000704300000)
 Metaspace       used 35189K, committed 35840K, reserved 1114112K
  class space    used 3522K, committed 3776K, reserved 1048576K
}
Event: 4.366 GC heap before
{Heap before GC invocations=12 (full 2):
 PSYoungGen      total 26624K, used 23552K [0x00000007aab00000, 0x00000007ac900000, 0x0000000800000000)
  eden space 23552K, 100% used [0x00000007aab00000,0x00000007ac200000,0x00000007ac200000)
  from space 3072K, 0% used [0x00000007ac300000,0x00000007ac300000,0x00000007ac600000)
  to   space 3072K, 0% used [0x00000007ac600000,0x00000007ac600000,0x00000007ac900000)
 ParOldGen       total 68608K, used 13074K [0x0000000700000000, 0x0000000704300000, 0x00000007aab00000)
  object space 68608K, 19% used [0x0000000700000000,0x0000000700cc4858,0x0000000704300000)
 Metaspace       used 37855K, committed 38656K, reserved 1114112K
  class space    used 3821K, committed 4160K, reserved 1048576K
}
Event: 4.369 GC heap after
{Heap after GC invocations=12 (full 2):
 PSYoungGen      total 25088K, used 1743K [0x00000007aab00000, 0x00000007ac800000, 0x0000000800000000)
  eden space 23040K, 0% used [0x00000007aab00000,0x00000007aab00000,0x00000007ac180000)
  from space 2048K, 85% used [0x00000007ac600000,0x00000007ac7b3c50,0x00000007ac800000)
  to   space 2560K, 0% used [0x00000007ac300000,0x00000007ac300000,0x00000007ac580000)
 ParOldGen       total 68608K, used 13082K [0x0000000700000000, 0x0000000704300000, 0x00000007aab00000)
  object space 68608K, 19% used [0x0000000700000000,0x0000000700cc6858,0x0000000704300000)
 Metaspace       used 37855K, committed 38656K, reserved 1114112K
  class space    used 3821K, committed 4160K, reserved 1048576K
}
Event: 4.503 GC heap before
{Heap before GC invocations=13 (full 2):
 PSYoungGen      total 25088K, used 24783K [0x00000007aab00000, 0x00000007ac800000, 0x0000000800000000)
  eden space 23040K, 100% used [0x00000007aab00000,0x00000007ac180000,0x00000007ac180000)
  from space 2048K, 85% used [0x00000007ac600000,0x00000007ac7b3c50,0x00000007ac800000)
  to   space 2560K, 0% used [0x00000007ac300000,0x00000007ac300000,0x00000007ac580000)
 ParOldGen       total 68608K, used 13082K [0x0000000700000000, 0x0000000704300000, 0x00000007aab00000)
  object space 68608K, 19% used [0x0000000700000000,0x0000000700cc6858,0x0000000704300000)
 Metaspace       used 38236K, committed 38912K, reserved 1114112K
  class space    used 3874K, committed 4160K, reserved 1048576K
}
Event: 4.505 GC heap after
{Heap after GC invocations=13 (full 2):
 PSYoungGen      total 25088K, used 2080K [0x00000007aab00000, 0x00000007ac680000, 0x0000000800000000)
  eden space 22528K, 0% used [0x00000007aab00000,0x00000007aab00000,0x00000007ac100000)
  from space 2560K, 81% used [0x00000007ac300000,0x00000007ac508080,0x00000007ac580000)
  to   space 1024K, 0% used [0x00000007ac580000,0x00000007ac580000,0x00000007ac680000)
 ParOldGen       total 68608K, used 14618K [0x0000000700000000, 0x0000000704300000, 0x00000007aab00000)
  object space 68608K, 21% used [0x0000000700000000,0x0000000700e46a60,0x0000000704300000)
 Metaspace       used 38236K, committed 38912K, reserved 1114112K
  class space    used 3874K, committed 4160K, reserved 1048576K
}
Event: 4.606 GC heap before
{Heap before GC invocations=14 (full 2):
 PSYoungGen      total 25088K, used 24608K [0x00000007aab00000, 0x00000007ac680000, 0x0000000800000000)
  eden space 22528K, 100% used [0x00000007aab00000,0x00000007ac100000,0x00000007ac100000)
  from space 2560K, 81% used [0x00000007ac300000,0x00000007ac508080,0x00000007ac580000)
  to   space 1024K, 0% used [0x00000007ac580000,0x00000007ac580000,0x00000007ac680000)
 ParOldGen       total 68608K, used 14618K [0x0000000700000000, 0x0000000704300000, 0x00000007aab00000)
  object space 68608K, 21% used [0x0000000700000000,0x0000000700e46a60,0x0000000704300000)
 Metaspace       used 38297K, committed 38976K, reserved 1114112K
  class space    used 3878K, committed 4160K, reserved 1048576K
}
Event: 4.608 GC heap after
{Heap after GC invocations=14 (full 2):
 PSYoungGen      total 23040K, used 1024K [0x00000007aab00000, 0x00000007ac880000, 0x0000000800000000)
  eden space 22016K, 0% used [0x00000007aab00000,0x00000007aab00000,0x00000007ac080000)
  from space 1024K, 100% used [0x00000007ac580000,0x00000007ac680000,0x00000007ac680000)
  to   space 4096K, 0% used [0x00000007ac080000,0x00000007ac080000,0x00000007ac480000)
 ParOldGen       total 68608K, used 17242K [0x0000000700000000, 0x0000000704300000, 0x00000007aab00000)
  object space 68608K, 25% used [0x0000000700000000,0x00000007010d6ae0,0x0000000704300000)
 Metaspace       used 38297K, committed 38976K, reserved 1114112K
  class space    used 3878K, committed 4160K, reserved 1048576K
}
Event: 4.691 GC heap before
{Heap before GC invocations=15 (full 2):
 PSYoungGen      total 23040K, used 23040K [0x00000007aab00000, 0x00000007ac880000, 0x0000000800000000)
  eden space 22016K, 100% used [0x00000007aab00000,0x00000007ac080000,0x00000007ac080000)
  from space 1024K, 100% used [0x00000007ac580000,0x00000007ac680000,0x00000007ac680000)
  to   space 4096K, 0% used [0x00000007ac080000,0x00000007ac080000,0x00000007ac480000)
 ParOldGen       total 68608K, used 17242K [0x0000000700000000, 0x0000000704300000, 0x00000007aab00000)
  object space 68608K, 25% used [0x0000000700000000,0x00000007010d6ae0,0x0000000704300000)
 Metaspace       used 38363K, committed 39104K, reserved 1114112K
  class space    used 3878K, committed 4160K, reserved 1048576K
}
Event: 4.694 GC heap after
{Heap after GC invocations=15 (full 2):
 PSYoungGen      total 24064K, used 1824K [0x00000007aab00000, 0x00000007ac600000, 0x0000000800000000)
  eden space 22016K, 0% used [0x00000007aab00000,0x00000007aab00000,0x00000007ac080000)
  from space 2048K, 89% used [0x00000007ac080000,0x00000007ac248000,0x00000007ac280000)
  to   space 2560K, 0% used [0x00000007ac380000,0x00000007ac380000,0x00000007ac600000)
 ParOldGen       total 68608K, used 18306K [0x0000000700000000, 0x0000000704300000, 0x00000007aab00000)
  object space 68608K, 26% used [0x0000000700000000,0x00000007011e0ae0,0x0000000704300000)
 Metaspace       used 38363K, committed 39104K, reserved 1114112K
  class space    used 3878K, committed 4160K, reserved 1048576K
}
Event: 4.761 GC heap before
{Heap before GC invocations=16 (full 2):
 PSYoungGen      total 24064K, used 23840K [0x00000007aab00000, 0x00000007ac600000, 0x0000000800000000)
  eden space 22016K, 100% used [0x00000007aab00000,0x00000007ac080000,0x00000007ac080000)
  from space 2048K, 89% used [0x00000007ac080000,0x00000007ac248000,0x00000007ac280000)
  to   space 2560K, 0% used [0x00000007ac380000,0x00000007ac380000,0x00000007ac600000)
 ParOldGen       total 68608K, used 18306K [0x0000000700000000, 0x0000000704300000, 0x00000007aab00000)
  object space 68608K, 26% used [0x0000000700000000,0x00000007011e0ae0,0x0000000704300000)
 Metaspace       used 38398K, committed 39104K, reserved 1114112K
  class space    used 3879K, committed 4160K, reserved 1048576K
}
Event: 4.765 GC heap after
{Heap after GC invocations=16 (full 2):
 PSYoungGen      total 24064K, used 1760K [0x00000007aab00000, 0x00000007ac580000, 0x0000000800000000)
  eden space 22016K, 0% used [0x00000007aab00000,0x00000007aab00000,0x00000007ac080000)
  from space 2048K, 85% used [0x00000007ac380000,0x00000007ac538010,0x00000007ac580000)
  to   space 2048K, 0% used [0x00000007ac080000,0x00000007ac080000,0x00000007ac280000)
 ParOldGen       total 68608K, used 20042K [0x0000000700000000, 0x0000000704300000, 0x00000007aab00000)
  object space 68608K, 29% used [0x0000000700000000,0x0000000701392ae0,0x0000000704300000)
 Metaspace       used 38398K, committed 39104K, reserved 1114112K
  class space    used 3879K, committed 4160K, reserved 1048576K
}
Event: 5.255 GC heap before
{Heap before GC invocations=17 (full 2):
 PSYoungGen      total 24064K, used 23776K [0x00000007aab00000, 0x00000007ac580000, 0x0000000800000000)
  eden space 22016K, 100% used [0x00000007aab00000,0x00000007ac080000,0x00000007ac080000)
  from space 2048K, 85% used [0x00000007ac380000,0x00000007ac538010,0x00000007ac580000)
  to   space 2048K, 0% used [0x00000007ac080000,0x00000007ac080000,0x00000007ac280000)
 ParOldGen       total 68608K, used 20042K [0x0000000700000000, 0x0000000704300000, 0x00000007aab00000)
  object space 68608K, 29% used [0x0000000700000000,0x0000000701392ae0,0x0000000704300000)
 Metaspace       used 40737K, committed 41472K, reserved 1114112K
  class space    used 4141K, committed 4416K, reserved 1048576K
}
Event: 5.256 GC heap after
{Heap after GC invocations=17 (full 2):
 PSYoungGen      total 24064K, used 1129K [0x00000007aab00000, 0x00000007ac400000, 0x0000000800000000)
  eden space 22016K, 0% used [0x00000007aab00000,0x00000007aab00000,0x00000007ac080000)
  from space 2048K, 55% used [0x00000007ac080000,0x00000007ac19a728,0x00000007ac280000)
  to   space 1536K, 0% used [0x00000007ac280000,0x00000007ac280000,0x00000007ac400000)
 ParOldGen       total 68608K, used 21625K [0x0000000700000000, 0x0000000704300000, 0x00000007aab00000)
  object space 68608K, 31% used [0x0000000700000000,0x000000070151e698,0x0000000704300000)
 Metaspace       used 40737K, committed 41472K, reserved 1114112K
  class space    used 4141K, committed 4416K, reserved 1048576K
}
Event: 5.683 GC heap before
{Heap before GC invocations=18 (full 2):
 PSYoungGen      total 24064K, used 23095K [0x00000007aab00000, 0x00000007ac400000, 0x0000000800000000)
  eden space 22016K, 99% used [0x00000007aab00000,0x00000007ac0738d0,0x00000007ac080000)
  from space 2048K, 55% used [0x00000007ac080000,0x00000007ac19a728,0x00000007ac280000)
  to   space 1536K, 0% used [0x00000007ac280000,0x00000007ac280000,0x00000007ac400000)
 ParOldGen       total 68608K, used 21625K [0x0000000700000000, 0x0000000704300000, 0x00000007aab00000)
  object space 68608K, 31% used [0x0000000700000000,0x000000070151e698,0x0000000704300000)
 Metaspace       used 41669K, committed 42432K, reserved 1114112K
  class space    used 4254K, committed 4544K, reserved 1048576K
}
Event: 5.688 GC heap after
{Heap after GC invocations=18 (full 2):
 PSYoungGen      total 22528K, used 416K [0x00000007aab00000, 0x00000007ac300000, 0x0000000800000000)
  eden space 22016K, 0% used [0x00000007aab00000,0x00000007aab00000,0x00000007ac080000)
  from space 512K, 81% used [0x00000007ac280000,0x00000007ac2e8000,0x00000007ac300000)
  to   space 1024K, 0% used [0x00000007ac100000,0x00000007ac100000,0x00000007ac200000)
 ParOldGen       total 68608K, used 22632K [0x0000000700000000, 0x0000000704300000, 0x00000007aab00000)
  object space 68608K, 32% used [0x0000000700000000,0x000000070161a3f8,0x0000000704300000)
 Metaspace       used 41669K, committed 42432K, reserved 1114112K
  class space    used 4254K, committed 4544K, reserved 1048576K
}

