# JRE version: OpenJDK Runtime Environment Temurin-17.0.12+7 (17.0.12+7) (build 17.0.12+7)
# Java VM: OpenJDK 64-Bit Server VM Temurin-17.0.12+7 (17.0.12+7, mixed mode, tiered, compressed oops, compressed class ptrs, parallel gc, windows-amd64)
GC Precious Log:
 CPUs: 12 total, 12 available
 Memory: 16328M
 Large Page Support: Disabled
 NUMA Support: Disabled
 Compressed Oops: Enabled (Zero based)
 Alignments: Space 512K, Generation 512K, Heap 2M
 Heap Min Capacity: 100M
 Heap Initial Capacity: 100M
 Heap Max Capacity: 4G
 Pre-touch: Disabled
 Parallel Workers: 10
Heap:
 PSYoungGen      total 14336K, used 8254K [0x00000007aab00000, 0x00000007abe00000, 0x0000000800000000)
  eden space 10752K, 43% used [0x00000007aab00000,0x00000007aaf95a90,0x00000007ab580000)
  from space 3584K, 99% used [0x00000007aba80000,0x00000007abdf9fe8,0x00000007abe00000)
  to   space 4096K, 0% used [0x00000007ab600000,0x00000007ab600000,0x00000007aba00000)
 ParOldGen       total 184320K, used 110853K [0x0000000700000000, 0x000000070b400000, 0x00000007aab00000)
  object space 184320K, 60% used [0x0000000700000000,0x0000000706c415e0,0x000000070b400000)
 Metaspace       used 65237K, committed 66368K, reserved 1114112K
  class space    used 6954K, committed 7424K, reserved 1048576K
GC Heap History (20 events):
Event: 8.828 GC heap before
{Heap before GC invocations=53 (full 4):
 PSYoungGen      total 16384K, used 15888K [0x00000007aab00000, 0x00000007ac280000, 0x0000000800000000)
  eden space 11264K, 100% used [0x00000007aab00000,0x00000007ab600000,0x00000007ab600000)
  from space 5120K, 90% used [0x00000007ab600000,0x00000007aba84160,0x00000007abb00000)
  to   space 5632K, 0% used [0x00000007abd00000,0x00000007abd00000,0x00000007ac280000)
 ParOldGen       total 117760K, used 95936K [0x0000000700000000, 0x0000000707300000, 0x00000007aab00000)
  object space 117760K, 81% used [0x0000000700000000,0x0000000705db01e0,0x0000000707300000)
 Metaspace       used 62635K, committed 63680K, reserved 1114112K
  class space    used 6671K, committed 7104K, reserved 1048576K
}
Event: 8.830 GC heap after
{Heap after GC invocations=53 (full 4):
 PSYoungGen      total 16896K, used 5617K [0x00000007aab00000, 0x00000007ac500000, 0x0000000800000000)
  eden space 11264K, 0% used [0x00000007aab00000,0x00000007aab00000,0x00000007ab600000)
  from space 5632K, 99% used [0x00000007abd00000,0x00000007ac27c420,0x00000007ac280000)
  to   space 7168K, 0% used [0x00000007ab600000,0x00000007ab600000,0x00000007abd00000)
 ParOldGen       total 117760K, used 96967K [0x0000000700000000, 0x0000000707300000, 0x00000007aab00000)
  object space 117760K, 82% used [0x0000000700000000,0x0000000705eb1c38,0x0000000707300000)
 Metaspace       used 62635K, committed 63680K, reserved 1114112K
  class space    used 6671K, committed 7104K, reserved 1048576K
}
Event: 8.852 GC heap before
{Heap before GC invocations=54 (full 4):
 PSYoungGen      total 16896K, used 16881K [0x00000007aab00000, 0x00000007ac500000, 0x0000000800000000)
  eden space 11264K, 100% used [0x00000007aab00000,0x00000007ab600000,0x00000007ab600000)
  from space 5632K, 99% used [0x00000007abd00000,0x00000007ac27c420,0x00000007ac280000)
  to   space 7168K, 0% used [0x00000007ab600000,0x00000007ab600000,0x00000007abd00000)
 ParOldGen       total 117760K, used 96967K [0x0000000700000000, 0x0000000707300000, 0x00000007aab00000)
  object space 117760K, 82% used [0x0000000700000000,0x0000000705eb1c38,0x0000000707300000)
 Metaspace       used 62821K, committed 64000K, reserved 1114112K
  class space    used 6701K, committed 7168K, reserved 1048576K
}
Event: 8.855 GC heap after
{Heap after GC invocations=54 (full 4):
 PSYoungGen      total 18432K, used 4642K [0x00000007aab00000, 0x00000007ac280000, 0x0000000800000000)
  eden space 11264K, 0% used [0x00000007aab00000,0x00000007aab00000,0x00000007ab600000)
  from space 7168K, 64% used [0x00000007ab600000,0x00000007aba88aa0,0x00000007abd00000)
  to   space 5632K, 0% used [0x00000007abd00000,0x00000007abd00000,0x00000007ac280000)
 ParOldGen       total 117760K, used 100621K [0x0000000700000000, 0x0000000707300000, 0x00000007aab00000)
  object space 117760K, 85% used [0x0000000700000000,0x00000007062434e0,0x0000000707300000)
 Metaspace       used 62821K, committed 64000K, reserved 1114112K
  class space    used 6701K, committed 7168K, reserved 1048576K
}
Event: 8.908 GC heap before
{Heap before GC invocations=55 (full 4):
 PSYoungGen      total 18432K, used 15906K [0x00000007aab00000, 0x00000007ac280000, 0x0000000800000000)
  eden space 11264K, 100% used [0x00000007aab00000,0x00000007ab600000,0x00000007ab600000)
  from space 7168K, 64% used [0x00000007ab600000,0x00000007aba88aa0,0x00000007abd00000)
  to   space 5632K, 0% used [0x00000007abd00000,0x00000007abd00000,0x00000007ac280000)
 ParOldGen       total 117760K, used 100621K [0x0000000700000000, 0x0000000707300000, 0x00000007aab00000)
  object space 117760K, 85% used [0x0000000700000000,0x00000007062434e0,0x0000000707300000)
 Metaspace       used 63288K, committed 64384K, reserved 1114112K
  class space    used 6750K, committed 7168K, reserved 1048576K
}
Event: 8.913 GC heap after
{Heap after GC invocations=55 (full 4):
 PSYoungGen      total 15360K, used 5603K [0x00000007aab00000, 0x00000007ac800000, 0x0000000800000000)
  eden space 9728K, 0% used [0x00000007aab00000,0x00000007aab00000,0x00000007ab480000)
  from space 5632K, 99% used [0x00000007abd00000,0x00000007ac278c28,0x00000007ac280000)
  to   space 8704K, 0% used [0x00000007ab480000,0x00000007ab480000,0x00000007abd00000)
 ParOldGen       total 117760K, used 102806K [0x0000000700000000, 0x0000000707300000, 0x00000007aab00000)
  object space 117760K, 87% used [0x0000000700000000,0x0000000706465bb0,0x0000000707300000)
 Metaspace       used 63288K, committed 64384K, reserved 1114112K
  class space    used 6750K, committed 7168K, reserved 1048576K
}
Event: 8.939 GC heap before
{Heap before GC invocations=56 (full 4):
 PSYoungGen      total 15360K, used 15331K [0x00000007aab00000, 0x00000007ac800000, 0x0000000800000000)
  eden space 9728K, 100% used [0x00000007aab00000,0x00000007ab480000,0x00000007ab480000)
  from space 5632K, 99% used [0x00000007abd00000,0x00000007ac278c28,0x00000007ac280000)
  to   space 8704K, 0% used [0x00000007ab480000,0x00000007ab480000,0x00000007abd00000)
 ParOldGen       total 117760K, used 102806K [0x0000000700000000, 0x0000000707300000, 0x00000007aab00000)
  object space 117760K, 87% used [0x0000000700000000,0x0000000706465bb0,0x0000000707300000)
 Metaspace       used 63355K, committed 64512K, reserved 1114112K
  class space    used 6755K, committed 7232K, reserved 1048576K
}
Event: 8.942 GC heap after
{Heap after GC invocations=56 (full 4):
 PSYoungGen      total 13824K, used 3781K [0x00000007aab00000, 0x00000007ac080000, 0x0000000800000000)
  eden space 9728K, 0% used [0x00000007aab00000,0x00000007aab00000,0x00000007ab480000)
  from space 4096K, 92% used [0x00000007ab480000,0x00000007ab8314c0,0x00000007ab880000)
  to   space 5632K, 0% used [0x00000007abb00000,0x00000007abb00000,0x00000007ac080000)
 ParOldGen       total 117760K, used 106833K [0x0000000700000000, 0x0000000707300000, 0x00000007aab00000)
  object space 117760K, 90% used [0x0000000700000000,0x00000007068546f0,0x0000000707300000)
 Metaspace       used 63355K, committed 64512K, reserved 1114112K
  class space    used 6755K, committed 7232K, reserved 1048576K
}
Event: 8.965 GC heap before
{Heap before GC invocations=57 (full 4):
 PSYoungGen      total 13824K, used 13509K [0x00000007aab00000, 0x00000007ac080000, 0x0000000800000000)
  eden space 9728K, 100% used [0x00000007aab00000,0x00000007ab480000,0x00000007ab480000)
  from space 4096K, 92% used [0x00000007ab480000,0x00000007ab8314c0,0x00000007ab880000)
  to   space 5632K, 0% used [0x00000007abb00000,0x00000007abb00000,0x00000007ac080000)
 ParOldGen       total 117760K, used 106833K [0x0000000700000000, 0x0000000707300000, 0x00000007aab00000)
  object space 117760K, 90% used [0x0000000700000000,0x00000007068546f0,0x0000000707300000)
 Metaspace       used 63481K, committed 64640K, reserved 1114112K
  class space    used 6766K, committed 7232K, reserved 1048576K
}
Event: 8.966 GC heap after
{Heap after GC invocations=57 (full 4):
 PSYoungGen      total 15872K, used 5628K [0x00000007aab00000, 0x00000007ac180000, 0x0000000800000000)
  eden space 10240K, 0% used [0x00000007aab00000,0x00000007aab00000,0x00000007ab500000)
  from space 5632K, 99% used [0x00000007abb00000,0x00000007ac07f280,0x00000007ac080000)
  to   space 6144K, 0% used [0x00000007ab500000,0x00000007ab500000,0x00000007abb00000)
 ParOldGen       total 117760K, used 106875K [0x0000000700000000, 0x0000000707300000, 0x00000007aab00000)
  object space 117760K, 90% used [0x0000000700000000,0x000000070685eff0,0x0000000707300000)
 Metaspace       used 63481K, committed 64640K, reserved 1114112K
  class space    used 6766K, committed 7232K, reserved 1048576K
}
Event: 8.991 GC heap before
{Heap before GC invocations=58 (full 4):
 PSYoungGen      total 15872K, used 15868K [0x00000007aab00000, 0x00000007ac180000, 0x0000000800000000)
  eden space 10240K, 100% used [0x00000007aab00000,0x00000007ab500000,0x00000007ab500000)
  from space 5632K, 99% used [0x00000007abb00000,0x00000007ac07f280,0x00000007ac080000)
  to   space 6144K, 0% used [0x00000007ab500000,0x00000007ab500000,0x00000007abb00000)
 ParOldGen       total 117760K, used 106875K [0x0000000700000000, 0x0000000707300000, 0x00000007aab00000)
  object space 117760K, 90% used [0x0000000700000000,0x000000070685eff0,0x0000000707300000)
 Metaspace       used 63783K, committed 64896K, reserved 1114112K
  class space    used 6804K, committed 7232K, reserved 1048576K
}
Event: 8.994 GC heap after
{Heap after GC invocations=58 (full 4):
 PSYoungGen      total 16384K, used 4326K [0x00000007aab00000, 0x00000007ac000000, 0x0000000800000000)
  eden space 10240K, 0% used [0x00000007aab00000,0x00000007aab00000,0x00000007ab500000)
  from space 6144K, 70% used [0x00000007ab500000,0x00000007ab939bd8,0x00000007abb00000)
  to   space 5120K, 0% used [0x00000007abb00000,0x00000007abb00000,0x00000007ac000000)
 ParOldGen       total 117760K, used 110282K [0x0000000700000000, 0x0000000707300000, 0x00000007aab00000)
  object space 117760K, 93% used [0x0000000700000000,0x0000000706bb2a40,0x0000000707300000)
 Metaspace       used 63783K, committed 64896K, reserved 1114112K
  class space    used 6804K, committed 7232K, reserved 1048576K
}
Event: 9.018 GC heap before
{Heap before GC invocations=59 (full 4):
 PSYoungGen      total 16384K, used 14566K [0x00000007aab00000, 0x00000007ac000000, 0x0000000800000000)
  eden space 10240K, 100% used [0x00000007aab00000,0x00000007ab500000,0x00000007ab500000)
  from space 6144K, 70% used [0x00000007ab500000,0x00000007ab939bd8,0x00000007abb00000)
  to   space 5120K, 0% used [0x00000007abb00000,0x00000007abb00000,0x00000007ac000000)
 ParOldGen       total 117760K, used 110282K [0x0000000700000000, 0x0000000707300000, 0x00000007aab00000)
  object space 117760K, 93% used [0x0000000700000000,0x0000000706bb2a40,0x0000000707300000)
 Metaspace       used 64149K, committed 65280K, reserved 1114112K
  class space    used 6843K, committed 7296K, reserved 1048576K
}
Event: 9.020 GC heap after
{Heap after GC invocations=59 (full 4):
 PSYoungGen      total 14848K, used 5103K [0x00000007aab00000, 0x00000007ac300000, 0x0000000800000000)
  eden space 9728K, 0% used [0x00000007aab00000,0x00000007aab00000,0x00000007ab480000)
  from space 5120K, 99% used [0x00000007abb00000,0x00000007abffbc30,0x00000007ac000000)
  to   space 6656K, 0% used [0x00000007ab480000,0x00000007ab480000,0x00000007abb00000)
 ParOldGen       total 117760K, used 111275K [0x0000000700000000, 0x0000000707300000, 0x00000007aab00000)
  object space 117760K, 94% used [0x0000000700000000,0x0000000706caae30,0x0000000707300000)
 Metaspace       used 64149K, committed 65280K, reserved 1114112K
  class space    used 6843K, committed 7296K, reserved 1048576K
}
Event: 9.040 GC heap before
{Heap before GC invocations=60 (full 4):
 PSYoungGen      total 14848K, used 14831K [0x00000007aab00000, 0x00000007ac300000, 0x0000000800000000)
  eden space 9728K, 100% used [0x00000007aab00000,0x00000007ab480000,0x00000007ab480000)
  from space 5120K, 99% used [0x00000007abb00000,0x00000007abffbc30,0x00000007ac000000)
  to   space 6656K, 0% used [0x00000007ab480000,0x00000007ab480000,0x00000007abb00000)
 ParOldGen       total 117760K, used 111275K [0x0000000700000000, 0x0000000707300000, 0x00000007aab00000)
  object space 117760K, 94% used [0x0000000700000000,0x0000000706caae30,0x0000000707300000)
 Metaspace       used 64251K, committed 65344K, reserved 1114112K
  class space    used 6853K, committed 7296K, reserved 1048576K
}
Event: 9.043 GC heap after
{Heap after GC invocations=60 (full 4):
 PSYoungGen      total 14336K, used 4448K [0x00000007aab00000, 0x00000007abf80000, 0x0000000800000000)
  eden space 9728K, 0% used [0x00000007aab00000,0x00000007aab00000,0x00000007ab480000)
  from space 4608K, 96% used [0x00000007ab480000,0x00000007ab8d8380,0x00000007ab900000)
  to   space 5120K, 0% used [0x00000007aba80000,0x00000007aba80000,0x00000007abf80000)
 ParOldGen       total 117760K, used 114749K [0x0000000700000000, 0x0000000707300000, 0x00000007aab00000)
  object space 117760K, 97% used [0x0000000700000000,0x000000070700f470,0x0000000707300000)
 Metaspace       used 64251K, committed 65344K, reserved 1114112K
  class space    used 6853K, committed 7296K, reserved 1048576K
}
Event: 9.044 GC heap before
{Heap before GC invocations=61 (full 5):
 PSYoungGen      total 14336K, used 4448K [0x00000007aab00000, 0x00000007abf80000, 0x0000000800000000)
  eden space 9728K, 0% used [0x00000007aab00000,0x00000007aab00000,0x00000007ab480000)
  from space 4608K, 96% used [0x00000007ab480000,0x00000007ab8d8380,0x00000007ab900000)
  to   space 5120K, 0% used [0x00000007aba80000,0x00000007aba80000,0x00000007abf80000)
 ParOldGen       total 117760K, used 114749K [0x0000000700000000, 0x0000000707300000, 0x00000007aab00000)
  object space 117760K, 97% used [0x0000000700000000,0x000000070700f470,0x0000000707300000)
 Metaspace       used 64251K, committed 65344K, reserved 1114112K
  class space    used 6853K, committed 7296K, reserved 1048576K
}
Event: 9.105 GC heap after
{Heap after GC invocations=61 (full 5):
 PSYoungGen      total 15872K, used 0K [0x00000007aab00000, 0x00000007abf80000, 0x0000000800000000)
  eden space 10752K, 0% used [0x00000007aab00000,0x00000007aab00000,0x00000007ab580000)
  from space 5120K, 0% used [0x00000007aba80000,0x00000007aba80000,0x00000007abf80000)
  to   space 5120K, 0% used [0x00000007ab580000,0x00000007ab580000,0x00000007aba80000)
 ParOldGen       total 184320K, used 110733K [0x0000000700000000, 0x000000070b400000, 0x00000007aab00000)
  object space 184320K, 60% used [0x0000000700000000,0x0000000706c23490,0x000000070b400000)
 Metaspace       used 64251K, committed 65344K, reserved 1114112K
  class space    used 6853K, committed 7296K, reserved 1048576K
}
Event: 9.131 GC heap before
{Heap before GC invocations=62 (full 5):
 PSYoungGen      total 15872K, used 10752K [0x00000007aab00000, 0x00000007abf80000, 0x0000000800000000)
  eden space 10752K, 100% used [0x00000007aab00000,0x00000007ab580000,0x00000007ab580000)
  from space 5120K, 0% used [0x00000007aba80000,0x00000007aba80000,0x00000007abf80000)
  to   space 5120K, 0% used [0x00000007ab580000,0x00000007ab580000,0x00000007aba80000)
 ParOldGen       total 184320K, used 110733K [0x0000000700000000, 0x000000070b400000, 0x00000007aab00000)
  object space 184320K, 60% used [0x0000000700000000,0x0000000706c23490,0x000000070b400000)
 Metaspace       used 64566K, committed 65728K, reserved 1114112K
  class space    used 6880K, committed 7360K, reserved 1048576K
}
Event: 9.133 GC heap after
{Heap after GC invocations=62 (full 5):
 PSYoungGen      total 15872K, used 2173K [0x00000007aab00000, 0x00000007abe00000, 0x0000000800000000)
  eden space 10752K, 0% used [0x00000007aab00000,0x00000007aab00000,0x00000007ab580000)
  from space 5120K, 42% used [0x00000007ab580000,0x00000007ab79f440,0x00000007aba80000)
  to   space 3584K, 0% used [0x00000007aba80000,0x00000007aba80000,0x00000007abe00000)
 ParOldGen       total 184320K, used 110741K [0x0000000700000000, 0x000000070b400000, 0x00000007aab00000)
  object space 184320K, 60% used [0x0000000700000000,0x0000000706c25490,0x000000070b400000)
 Metaspace       used 64566K, committed 65728K, reserved 1114112K
  class space    used 6880K, committed 7360K, reserved 1048576K
}

