# JRE version: OpenJDK Runtime Environment Temurin-17.0.12+7 (17.0.12+7) (build 17.0.12+7)
# Java VM: OpenJDK 64-Bit Server VM Temurin-17.0.12+7 (17.0.12+7, mixed mode, tiered, compressed oops, compressed class ptrs, parallel gc, windows-amd64)
GC Precious Log:
 CPUs: 12 total, 12 available
 Memory: 16328M
 Large Page Support: Disabled
 NUMA Support: Disabled
 Compressed Oops: Enabled (Zero based)
 Alignments: Space 512K, Generation 512K, Heap 2M
 Heap Min Capacity: 100M
 Heap Initial Capacity: 100M
 Heap Max Capacity: 4G
 Pre-touch: Disabled
 Parallel Workers: 10
Heap:
 PSYoungGen      total 20992K, used 17407K [0x00000007aab00000, 0x00000007ac380000, 0x0000000800000000)
  eden space 17408K, 99% used [0x00000007aab00000,0x00000007abbfffe8,0x00000007abc00000)
  from space 3584K, 0% used [0x00000007abf80000,0x00000007abf80000,0x00000007ac300000)
  to   space 3584K, 0% used [0x00000007abc00000,0x00000007abc00000,0x00000007abf80000)
 ParOldGen       total 70656K, used 70533K [0x0000000700000000, 0x00000007aab00000, 0x00000007aab00000)
  object space 70656K, 99% used [0x0000000700000000,0x00000007044e14d0,0x0000000704500000)
 Metaspace       used 59099K, committed 60224K, reserved 1114112K
  class space    used 6360K, committed 6848K, reserved 1048576K
GC Heap History (20 events):
Event: 118.262 GC heap after
{Heap after GC invocations=4306 (full 4271):
 PSYoungGen      total 20992K, used 17407K [0x00000007aab00000, 0x00000007ac380000, 0x0000000800000000)
  eden space 17408K, 99% used [0x00000007aab00000,0x00000007abbfffa8,0x00000007abc00000)
  from space 3584K, 0% used [0x00000007abf80000,0x00000007abf80000,0x00000007ac300000)
  to   space 3584K, 0% used [0x00000007abc00000,0x00000007abc00000,0x00000007abf80000)
 ParOldGen       total 70656K, used 70526K [0x0000000700000000, 0x0000000704500000, 0x00000007aab00000)
  object space 70656K, 99% used [0x0000000700000000,0x00000007044df850,0x0000000704500000)
 Metaspace       used 59098K, committed 60224K, reserved 1114112K
  class space    used 6360K, committed 6848K, reserved 1048576K
}
Event: 118.262 GC heap before
{Heap before GC invocations=4307 (full 4272):
 PSYoungGen      total 20992K, used 17407K [0x00000007aab00000, 0x00000007ac380000, 0x0000000800000000)
  eden space 17408K, 99% used [0x00000007aab00000,0x00000007abbffff0,0x00000007abc00000)
  from space 3584K, 0% used [0x00000007abf80000,0x00000007abf80000,0x00000007ac300000)
  to   space 3584K, 0% used [0x00000007abc00000,0x00000007abc00000,0x00000007abf80000)
 ParOldGen       total 70656K, used 70526K [0x0000000700000000, 0x0000000704500000, 0x00000007aab00000)
  object space 70656K, 99% used [0x0000000700000000,0x00000007044df850,0x0000000704500000)
 Metaspace       used 59098K, committed 60224K, reserved 1114112K
  class space    used 6360K, committed 6848K, reserved 1048576K
}
Event: 118.289 GC heap after
{Heap after GC invocations=4307 (full 4272):
 PSYoungGen      total 20992K, used 17407K [0x00000007aab00000, 0x00000007ac380000, 0x0000000800000000)
  eden space 17408K, 99% used [0x00000007aab00000,0x00000007abbffff0,0x00000007abc00000)
  from space 3584K, 0% used [0x00000007abc00000,0x00000007abc00000,0x00000007abf80000)
  to   space 3584K, 0% used [0x00000007abf80000,0x00000007abf80000,0x00000007ac300000)
 ParOldGen       total 70656K, used 70526K [0x0000000700000000, 0x0000000704500000, 0x00000007aab00000)
  object space 70656K, 99% used [0x0000000700000000,0x00000007044df850,0x0000000704500000)
 Metaspace       used 59098K, committed 60224K, reserved 1114112K
  class space    used 6360K, committed 6848K, reserved 1048576K
}
Event: 118.289 GC heap before
{Heap before GC invocations=4308 (full 4273):
 PSYoungGen      total 20992K, used 17408K [0x00000007aab00000, 0x00000007ac380000, 0x0000000800000000)
  eden space 17408K, 100% used [0x00000007aab00000,0x00000007abc00000,0x00000007abc00000)
  from space 3584K, 0% used [0x00000007abc00000,0x00000007abc00000,0x00000007abf80000)
  to   space 3584K, 0% used [0x00000007abf80000,0x00000007abf80000,0x00000007ac300000)
 ParOldGen       total 70656K, used 70528K [0x0000000700000000, 0x0000000704500000, 0x00000007aab00000)
  object space 70656K, 99% used [0x0000000700000000,0x00000007044e02b8,0x0000000704500000)
 Metaspace       used 59099K, committed 60224K, reserved 1114112K
  class space    used 6360K, committed 6848K, reserved 1048576K
}
Event: 118.316 GC heap after
{Heap after GC invocations=4308 (full 4273):
 PSYoungGen      total 20992K, used 17407K [0x00000007aab00000, 0x00000007ac380000, 0x0000000800000000)
  eden space 17408K, 99% used [0x00000007aab00000,0x00000007abbfff48,0x00000007abc00000)
  from space 3584K, 0% used [0x00000007abf80000,0x00000007abf80000,0x00000007ac300000)
  to   space 3584K, 0% used [0x00000007abc00000,0x00000007abc00000,0x00000007abf80000)
 ParOldGen       total 70656K, used 70526K [0x0000000700000000, 0x0000000704500000, 0x00000007aab00000)
  object space 70656K, 99% used [0x0000000700000000,0x00000007044dfb28,0x0000000704500000)
 Metaspace       used 59099K, committed 60224K, reserved 1114112K
  class space    used 6360K, committed 6848K, reserved 1048576K
}
Event: 118.316 GC heap before
{Heap before GC invocations=4309 (full 4274):
 PSYoungGen      total 20992K, used 17407K [0x00000007aab00000, 0x00000007ac380000, 0x0000000800000000)
  eden space 17408K, 99% used [0x00000007aab00000,0x00000007abbffff8,0x00000007abc00000)
  from space 3584K, 0% used [0x00000007abf80000,0x00000007abf80000,0x00000007ac300000)
  to   space 3584K, 0% used [0x00000007abc00000,0x00000007abc00000,0x00000007abf80000)
 ParOldGen       total 70656K, used 70526K [0x0000000700000000, 0x0000000704500000, 0x00000007aab00000)
  object space 70656K, 99% used [0x0000000700000000,0x00000007044dfb28,0x0000000704500000)
 Metaspace       used 59099K, committed 60224K, reserved 1114112K
  class space    used 6360K, committed 6848K, reserved 1048576K
}
Event: 118.342 GC heap after
{Heap after GC invocations=4309 (full 4274):
 PSYoungGen      total 20992K, used 17407K [0x00000007aab00000, 0x00000007ac380000, 0x0000000800000000)
  eden space 17408K, 99% used [0x00000007aab00000,0x00000007abbffff8,0x00000007abc00000)
  from space 3584K, 0% used [0x00000007abc00000,0x00000007abc00000,0x00000007abf80000)
  to   space 3584K, 0% used [0x00000007abf80000,0x00000007abf80000,0x00000007ac300000)
 ParOldGen       total 70656K, used 70526K [0x0000000700000000, 0x0000000704500000, 0x00000007aab00000)
  object space 70656K, 99% used [0x0000000700000000,0x00000007044dfa90,0x0000000704500000)
 Metaspace       used 59099K, committed 60224K, reserved 1114112K
  class space    used 6360K, committed 6848K, reserved 1048576K
}
Event: 118.343 GC heap before
{Heap before GC invocations=4310 (full 4275):
 PSYoungGen      total 20992K, used 17407K [0x00000007aab00000, 0x00000007ac380000, 0x0000000800000000)
  eden space 17408K, 99% used [0x00000007aab00000,0x00000007abbffff8,0x00000007abc00000)
  from space 3584K, 0% used [0x00000007abc00000,0x00000007abc00000,0x00000007abf80000)
  to   space 3584K, 0% used [0x00000007abf80000,0x00000007abf80000,0x00000007ac300000)
 ParOldGen       total 70656K, used 70532K [0x0000000700000000, 0x0000000704500000, 0x00000007aab00000)
  object space 70656K, 99% used [0x0000000700000000,0x00000007044e1260,0x0000000704500000)
 Metaspace       used 59099K, committed 60224K, reserved 1114112K
  class space    used 6360K, committed 6848K, reserved 1048576K
}
Event: 118.371 GC heap after
{Heap after GC invocations=4310 (full 4275):
 PSYoungGen      total 20992K, used 17407K [0x00000007aab00000, 0x00000007ac380000, 0x0000000800000000)
  eden space 17408K, 99% used [0x00000007aab00000,0x00000007abbfffb0,0x00000007abc00000)
  from space 3584K, 0% used [0x00000007abf80000,0x00000007abf80000,0x00000007ac300000)
  to   space 3584K, 0% used [0x00000007abc00000,0x00000007abc00000,0x00000007abf80000)
 ParOldGen       total 70656K, used 70529K [0x0000000700000000, 0x0000000704500000, 0x00000007aab00000)
  object space 70656K, 99% used [0x0000000700000000,0x00000007044e0468,0x0000000704500000)
 Metaspace       used 59099K, committed 60224K, reserved 1114112K
  class space    used 6360K, committed 6848K, reserved 1048576K
}
Event: 118.371 GC heap before
{Heap before GC invocations=4311 (full 4276):
 PSYoungGen      total 20992K, used 17408K [0x00000007aab00000, 0x00000007ac380000, 0x0000000800000000)
  eden space 17408K, 100% used [0x00000007aab00000,0x00000007abc00000,0x00000007abc00000)
  from space 3584K, 0% used [0x00000007abf80000,0x00000007abf80000,0x00000007ac300000)
  to   space 3584K, 0% used [0x00000007abc00000,0x00000007abc00000,0x00000007abf80000)
 ParOldGen       total 70656K, used 70529K [0x0000000700000000, 0x0000000704500000, 0x00000007aab00000)
  object space 70656K, 99% used [0x0000000700000000,0x00000007044e0468,0x0000000704500000)
 Metaspace       used 59099K, committed 60224K, reserved 1114112K
  class space    used 6360K, committed 6848K, reserved 1048576K
}
Event: 118.397 GC heap after
{Heap after GC invocations=4311 (full 4276):
 PSYoungGen      total 20992K, used 17408K [0x00000007aab00000, 0x00000007ac380000, 0x0000000800000000)
  eden space 17408K, 100% used [0x00000007aab00000,0x00000007abc00000,0x00000007abc00000)
  from space 3584K, 0% used [0x00000007abc00000,0x00000007abc00000,0x00000007abf80000)
  to   space 3584K, 0% used [0x00000007abf80000,0x00000007abf80000,0x00000007ac300000)
 ParOldGen       total 70656K, used 70529K [0x0000000700000000, 0x0000000704500000, 0x00000007aab00000)
  object space 70656K, 99% used [0x0000000700000000,0x00000007044e0440,0x0000000704500000)
 Metaspace       used 59099K, committed 60224K, reserved 1114112K
  class space    used 6360K, committed 6848K, reserved 1048576K
}
Event: 118.398 GC heap before
{Heap before GC invocations=4312 (full 4277):
 PSYoungGen      total 20992K, used 17408K [0x00000007aab00000, 0x00000007ac380000, 0x0000000800000000)
  eden space 17408K, 100% used [0x00000007aab00000,0x00000007abc00000,0x00000007abc00000)
  from space 3584K, 0% used [0x00000007abc00000,0x00000007abc00000,0x00000007abf80000)
  to   space 3584K, 0% used [0x00000007abf80000,0x00000007abf80000,0x00000007ac300000)
 ParOldGen       total 70656K, used 70532K [0x0000000700000000, 0x0000000704500000, 0x00000007aab00000)
  object space 70656K, 99% used [0x0000000700000000,0x00000007044e1288,0x0000000704500000)
 Metaspace       used 59099K, committed 60224K, reserved 1114112K
  class space    used 6360K, committed 6848K, reserved 1048576K
}
Event: 118.426 GC heap after
{Heap after GC invocations=4312 (full 4277):
 PSYoungGen      total 20992K, used 17407K [0x00000007aab00000, 0x00000007ac380000, 0x0000000800000000)
  eden space 17408K, 99% used [0x00000007aab00000,0x00000007abbfff80,0x00000007abc00000)
  from space 3584K, 0% used [0x00000007abf80000,0x00000007abf80000,0x00000007ac300000)
  to   space 3584K, 0% used [0x00000007abc00000,0x00000007abc00000,0x00000007abf80000)
 ParOldGen       total 70656K, used 70529K [0x0000000700000000, 0x0000000704500000, 0x00000007aab00000)
  object space 70656K, 99% used [0x0000000700000000,0x00000007044e0700,0x0000000704500000)
 Metaspace       used 59099K, committed 60224K, reserved 1114112K
  class space    used 6360K, committed 6848K, reserved 1048576K
}
Event: 118.426 GC heap before
{Heap before GC invocations=4313 (full 4278):
 PSYoungGen      total 20992K, used 17407K [0x00000007aab00000, 0x00000007ac380000, 0x0000000800000000)
  eden space 17408K, 99% used [0x00000007aab00000,0x00000007abbfffe0,0x00000007abc00000)
  from space 3584K, 0% used [0x00000007abf80000,0x00000007abf80000,0x00000007ac300000)
  to   space 3584K, 0% used [0x00000007abc00000,0x00000007abc00000,0x00000007abf80000)
 ParOldGen       total 70656K, used 70529K [0x0000000700000000, 0x0000000704500000, 0x00000007aab00000)
  object space 70656K, 99% used [0x0000000700000000,0x00000007044e0700,0x0000000704500000)
 Metaspace       used 59099K, committed 60224K, reserved 1114112K
  class space    used 6360K, committed 6848K, reserved 1048576K
}
Event: 118.455 GC heap after
{Heap after GC invocations=4313 (full 4278):
 PSYoungGen      total 20992K, used 17407K [0x00000007aab00000, 0x00000007ac380000, 0x0000000800000000)
  eden space 17408K, 99% used [0x00000007aab00000,0x00000007abbfffb8,0x00000007abc00000)
  from space 3584K, 0% used [0x00000007abc00000,0x00000007abc00000,0x00000007abf80000)
  to   space 3584K, 0% used [0x00000007abf80000,0x00000007abf80000,0x00000007ac300000)
 ParOldGen       total 70656K, used 70529K [0x0000000700000000, 0x0000000704500000, 0x00000007aab00000)
  object space 70656K, 99% used [0x0000000700000000,0x00000007044e0700,0x0000000704500000)
 Metaspace       used 59099K, committed 60224K, reserved 1114112K
  class space    used 6360K, committed 6848K, reserved 1048576K
}
Event: 118.455 GC heap before
{Heap before GC invocations=4314 (full 4279):
 PSYoungGen      total 20992K, used 17408K [0x00000007aab00000, 0x00000007ac380000, 0x0000000800000000)
  eden space 17408K, 100% used [0x00000007aab00000,0x00000007abc00000,0x00000007abc00000)
  from space 3584K, 0% used [0x00000007abc00000,0x00000007abc00000,0x00000007abf80000)
  to   space 3584K, 0% used [0x00000007abf80000,0x00000007abf80000,0x00000007ac300000)
 ParOldGen       total 70656K, used 70537K [0x0000000700000000, 0x0000000704500000, 0x00000007aab00000)
  object space 70656K, 99% used [0x0000000700000000,0x00000007044e27f8,0x0000000704500000)
 Metaspace       used 59099K, committed 60224K, reserved 1114112K
  class space    used 6360K, committed 6848K, reserved 1048576K
}
Event: 118.482 GC heap after
{Heap after GC invocations=4314 (full 4279):
 PSYoungGen      total 20992K, used 17407K [0x00000007aab00000, 0x00000007ac380000, 0x0000000800000000)
  eden space 17408K, 99% used [0x00000007aab00000,0x00000007abbfff70,0x00000007abc00000)
  from space 3584K, 0% used [0x00000007abf80000,0x00000007abf80000,0x00000007ac300000)
  to   space 3584K, 0% used [0x00000007abc00000,0x00000007abc00000,0x00000007abf80000)
 ParOldGen       total 70656K, used 70532K [0x0000000700000000, 0x0000000704500000, 0x00000007aab00000)
  object space 70656K, 99% used [0x0000000700000000,0x00000007044e1250,0x0000000704500000)
 Metaspace       used 59099K, committed 60224K, reserved 1114112K
  class space    used 6360K, committed 6848K, reserved 1048576K
}
Event: 118.482 GC heap before
{Heap before GC invocations=4315 (full 4280):
 PSYoungGen      total 20992K, used 17407K [0x00000007aab00000, 0x00000007ac380000, 0x0000000800000000)
  eden space 17408K, 99% used [0x00000007aab00000,0x00000007abbffff0,0x00000007abc00000)
  from space 3584K, 0% used [0x00000007abf80000,0x00000007abf80000,0x00000007ac300000)
  to   space 3584K, 0% used [0x00000007abc00000,0x00000007abc00000,0x00000007abf80000)
 ParOldGen       total 70656K, used 70532K [0x0000000700000000, 0x0000000704500000, 0x00000007aab00000)
  object space 70656K, 99% used [0x0000000700000000,0x00000007044e1250,0x0000000704500000)
 Metaspace       used 59099K, committed 60224K, reserved 1114112K
  class space    used 6360K, committed 6848K, reserved 1048576K
}
Event: 118.509 GC heap after
{Heap after GC invocations=4315 (full 4280):
 PSYoungGen      total 20992K, used 17407K [0x00000007aab00000, 0x00000007ac380000, 0x0000000800000000)
  eden space 17408K, 99% used [0x00000007aab00000,0x00000007abbffff0,0x00000007abc00000)
  from space 3584K, 0% used [0x00000007abc00000,0x00000007abc00000,0x00000007abf80000)
  to   space 3584K, 0% used [0x00000007abf80000,0x00000007abf80000,0x00000007ac300000)
 ParOldGen       total 70656K, used 70532K [0x0000000700000000, 0x0000000704500000, 0x00000007aab00000)
  object space 70656K, 99% used [0x0000000700000000,0x00000007044e1250,0x0000000704500000)
 Metaspace       used 59099K, committed 60224K, reserved 1114112K
  class space    used 6360K, committed 6848K, reserved 1048576K
}
Event: 118.509 GC heap before
{Heap before GC invocations=4316 (full 4281):
 PSYoungGen      total 20992K, used 17408K [0x00000007aab00000, 0x00000007ac380000, 0x0000000800000000)
  eden space 17408K, 100% used [0x00000007aab00000,0x00000007abc00000,0x00000007abc00000)
  from space 3584K, 0% used [0x00000007abc00000,0x00000007abc00000,0x00000007abf80000)
  to   space 3584K, 0% used [0x00000007abf80000,0x00000007abf80000,0x00000007ac300000)
 ParOldGen       total 70656K, used 70535K [0x0000000700000000, 0x0000000704500000, 0x00000007aab00000)
  object space 70656K, 99% used [0x0000000700000000,0x00000007044e1fc0,0x0000000704500000)
 Metaspace       used 59099K, committed 60224K, reserved 1114112K
  class space    used 6360K, committed 6848K, reserved 1048576K
}

