# JRE version: OpenJDK Runtime Environment Temurin-17.0.12+7 (17.0.12+7) (build 17.0.12+7)
# Java VM: OpenJDK 64-Bit Server VM Temurin-17.0.12+7 (17.0.12+7, mixed mode, emulated-client, tiered, compressed oops, compressed class ptrs, g1 gc, windows-amd64)
GC Precious Log:
 CPUs: 12 total, 12 available
 Memory: 16328M
 Large Page Support: Disabled
 NUMA Support: Disabled
 Compressed Oops: Enabled (32-bit)
 Heap Region Size: 1M
 Heap Min Capacity: 8M
 Heap Initial Capacity: 256M
 Heap Max Capacity: 1G
 Pre-touch: Disabled
 Parallel Workers: 10
 Concurrent Workers: 3
 Concurrent Refinement Workers: 10
 Periodic GC: Disabled
Heap:
 garbage-first heap   total 99328K, used 72305K [0x00000000c0000000, 0x0000000100000000)
  region size 1024K, 30 young (30720K), 2 survivors (2048K)
 Metaspace       used 60196K, committed 60672K, reserved 1114112K
  class space    used 7569K, committed 7808K, reserved 1048576K
GC Heap History (20 events):
Event: 1.132 GC heap before
{Heap before GC invocations=1 (full 0):
 garbage-first heap   total 262144K, used 37545K [0x00000000c0000000, 0x0000000100000000)
  region size 1024K, 24 young (24576K), 3 survivors (3072K)
 Metaspace       used 15060K, committed 15232K, reserved 1114112K
  class space    used 1915K, committed 1984K, reserved 1048576K
}
Event: 1.135 GC heap after
{Heap after GC invocations=2 (full 0):
 garbage-first heap   total 262144K, used 18239K [0x00000000c0000000, 0x0000000100000000)
  region size 1024K, 3 young (3072K), 3 survivors (3072K)
 Metaspace       used 15060K, committed 15232K, reserved 1114112K
  class space    used 1915K, committed 1984K, reserved 1048576K
}
Event: 1.477 GC heap before
{Heap before GC invocations=2 (full 0):
 garbage-first heap   total 262144K, used 38719K [0x00000000c0000000, 0x0000000100000000)
  region size 1024K, 24 young (24576K), 3 survivors (3072K)
 Metaspace       used 21225K, committed 21504K, reserved 1114112K
  class space    used 2643K, committed 2816K, reserved 1048576K
}
Event: 1.481 GC heap after
{Heap after GC invocations=3 (full 0):
 garbage-first heap   total 262144K, used 20775K [0x00000000c0000000, 0x0000000100000000)
  region size 1024K, 5 young (5120K), 5 survivors (5120K)
 Metaspace       used 21225K, committed 21504K, reserved 1114112K
  class space    used 2643K, committed 2816K, reserved 1048576K
}
Event: 2.034 GC heap before
{Heap before GC invocations=4 (full 0):
 garbage-first heap   total 78848K, used 56615K [0x00000000c0000000, 0x0000000100000000)
  region size 1024K, 42 young (43008K), 5 survivors (5120K)
 Metaspace       used 28103K, committed 28352K, reserved 1114112K
  class space    used 3507K, committed 3648K, reserved 1048576K
}
Event: 2.041 GC heap after
{Heap after GC invocations=5 (full 0):
 garbage-first heap   total 78848K, used 23989K [0x00000000c0000000, 0x0000000100000000)
  region size 1024K, 6 young (6144K), 6 survivors (6144K)
 Metaspace       used 28103K, committed 28352K, reserved 1114112K
  class space    used 3507K, committed 3648K, reserved 1048576K
}
Event: 2.111 GC heap before
{Heap before GC invocations=5 (full 0):
 garbage-first heap   total 78848K, used 25013K [0x00000000c0000000, 0x0000000100000000)
  region size 1024K, 7 young (7168K), 6 survivors (6144K)
 Metaspace       used 28266K, committed 28544K, reserved 1114112K
  class space    used 3524K, committed 3648K, reserved 1048576K
}
Event: 2.118 GC heap after
{Heap after GC invocations=6 (full 0):
 garbage-first heap   total 78848K, used 24675K [0x00000000c0000000, 0x0000000100000000)
  region size 1024K, 1 young (1024K), 1 survivors (1024K)
 Metaspace       used 28266K, committed 28544K, reserved 1114112K
  class space    used 3524K, committed 3648K, reserved 1048576K
}
Event: 2.857 GC heap before
{Heap before GC invocations=6 (full 0):
 garbage-first heap   total 78848K, used 51299K [0x00000000c0000000, 0x0000000100000000)
  region size 1024K, 28 young (28672K), 1 survivors (1024K)
 Metaspace       used 32869K, committed 33216K, reserved 1114112K
  class space    used 4197K, committed 4352K, reserved 1048576K
}
Event: 2.863 GC heap after
{Heap after GC invocations=7 (full 0):
 garbage-first heap   total 78848K, used 27324K [0x00000000c0000000, 0x0000000100000000)
  region size 1024K, 4 young (4096K), 4 survivors (4096K)
 Metaspace       used 32869K, committed 33216K, reserved 1114112K
  class space    used 4197K, committed 4352K, reserved 1048576K
}
Event: 3.380 GC heap before
{Heap before GC invocations=8 (full 0):
 garbage-first heap   total 78848K, used 54972K [0x00000000c0000000, 0x0000000100000000)
  region size 1024K, 30 young (30720K), 4 survivors (4096K)
 Metaspace       used 37858K, committed 38208K, reserved 1114112K
  class space    used 4723K, committed 4864K, reserved 1048576K
}
Event: 3.388 GC heap after
{Heap after GC invocations=9 (full 0):
 garbage-first heap   total 78848K, used 29157K [0x00000000c0000000, 0x0000000100000000)
  region size 1024K, 3 young (3072K), 3 survivors (3072K)
 Metaspace       used 37858K, committed 38208K, reserved 1114112K
  class space    used 4723K, committed 4864K, reserved 1048576K
}
Event: 4.120 GC heap before
{Heap before GC invocations=9 (full 0):
 garbage-first heap   total 78848K, used 56805K [0x00000000c0000000, 0x0000000100000000)
  region size 1024K, 30 young (30720K), 3 survivors (3072K)
 Metaspace       used 42849K, committed 43264K, reserved 1114112K
  class space    used 5502K, committed 5696K, reserved 1048576K
}
Event: 4.124 GC heap after
{Heap after GC invocations=10 (full 0):
 garbage-first heap   total 99328K, used 32068K [0x00000000c0000000, 0x0000000100000000)
  region size 1024K, 3 young (3072K), 3 survivors (3072K)
 Metaspace       used 42849K, committed 43264K, reserved 1114112K
  class space    used 5502K, committed 5696K, reserved 1048576K
}
Event: 4.584 GC heap before
{Heap before GC invocations=10 (full 0):
 garbage-first heap   total 99328K, used 72004K [0x00000000c0000000, 0x0000000100000000)
  region size 1024K, 42 young (43008K), 3 survivors (3072K)
 Metaspace       used 49036K, committed 49536K, reserved 1114112K
  class space    used 6094K, committed 6336K, reserved 1048576K
}
Event: 4.587 GC heap after
{Heap after GC invocations=11 (full 0):
 garbage-first heap   total 99328K, used 40579K [0x00000000c0000000, 0x0000000100000000)
  region size 1024K, 6 young (6144K), 6 survivors (6144K)
 Metaspace       used 49036K, committed 49536K, reserved 1114112K
  class space    used 6094K, committed 6336K, reserved 1048576K
}
Event: 4.755 GC heap before
{Heap before GC invocations=11 (full 0):
 garbage-first heap   total 99328K, used 71299K [0x00000000c0000000, 0x0000000100000000)
  region size 1024K, 37 young (37888K), 6 survivors (6144K)
 Metaspace       used 53494K, committed 54016K, reserved 1114112K
  class space    used 6677K, committed 6912K, reserved 1048576K
}
Event: 4.758 GC heap after
{Heap after GC invocations=12 (full 0):
 garbage-first heap   total 99328K, used 44032K [0x00000000c0000000, 0x0000000100000000)
  region size 1024K, 3 young (3072K), 3 survivors (3072K)
 Metaspace       used 53494K, committed 54016K, reserved 1114112K
  class space    used 6677K, committed 6912K, reserved 1048576K
}
Event: 4.831 GC heap before
{Heap before GC invocations=12 (full 0):
 garbage-first heap   total 99328K, used 51200K [0x00000000c0000000, 0x0000000100000000)
  region size 1024K, 12 young (12288K), 3 survivors (3072K)
 Metaspace       used 54901K, committed 55360K, reserved 1114112K
  class space    used 6905K, committed 7168K, reserved 1048576K
}
Event: 4.833 GC heap after
{Heap after GC invocations=13 (full 0):
 garbage-first heap   total 99328K, used 45681K [0x00000000c0000000, 0x0000000100000000)
  region size 1024K, 2 young (2048K), 2 survivors (2048K)
 Metaspace       used 54901K, committed 55360K, reserved 1114112K
  class space    used 6905K, committed 7168K, reserved 1048576K
}

