# JRE version: OpenJDK Runtime Environment Temurin-17.0.12+7 (17.0.12+7) (build 17.0.12+7)
# Java VM: OpenJDK 64-Bit Server VM Temurin-17.0.12+7 (17.0.12+7, mixed mode, tiered, compressed oops, compressed class ptrs, parallel gc, windows-amd64)
GC Precious Log:
 CPUs: 12 total, 12 available
 Memory: 16328M
 Large Page Support: Disabled
 NUMA Support: Disabled
 Compressed Oops: Enabled (Zero based)
 Alignments: Space 512K, Generation 512K, Heap 2M
 Heap Min Capacity: 100M
 Heap Initial Capacity: 100M
 Heap Max Capacity: 4G
 Pre-touch: Disabled
 Parallel Workers: 10
Heap:
 PSYoungGen      total 19456K, used 2645K [0x00000007aab00000, 0x00000007ac200000, 0x0000000800000000)
  eden space 16384K, 0% used [0x00000007aab00000,0x00000007aab00038,0x00000007abb00000)
  from space 3072K, 86% used [0x00000007abf00000,0x00000007ac195718,0x00000007ac200000)
  to   space 3072K, 0% used [0x00000007abb00000,0x00000007abb00000,0x00000007abe00000)
 ParOldGen       total 68608K, used 41912K [0x0000000700000000, 0x0000000704300000, 0x00000007aab00000)
  object space 68608K, 61% used [0x0000000700000000,0x00000007028ee1d8,0x0000000704300000)
 Metaspace       used 52480K, committed 53568K, reserved 1114112K
  class space    used 5556K, committed 6016K, reserved 1048576K
GC Heap History (20 events):
Event: 5.392 GC heap before
{Heap before GC invocations=18 (full 2):
 PSYoungGen      total 24064K, used 23709K [0x00000007aab00000, 0x00000007ac500000, 0x0000000800000000)
  eden space 22016K, 100% used [0x00000007aab00000,0x00000007ac080000,0x00000007ac080000)
  from space 2048K, 82% used [0x00000007ac180000,0x00000007ac327678,0x00000007ac380000)
  to   space 1536K, 0% used [0x00000007ac380000,0x00000007ac380000,0x00000007ac500000)
 ParOldGen       total 68608K, used 19543K [0x0000000700000000, 0x0000000704300000, 0x00000007aab00000)
  object space 68608K, 28% used [0x0000000700000000,0x0000000701315c90,0x0000000704300000)
 Metaspace       used 43374K, committed 44416K, reserved 1114112K
  class space    used 4474K, committed 4928K, reserved 1048576K
}
Event: 5.394 GC heap after
{Heap after GC invocations=18 (full 2):
 PSYoungGen      total 23040K, used 1504K [0x00000007aab00000, 0x00000007ac780000, 0x0000000800000000)
  eden space 21504K, 0% used [0x00000007aab00000,0x00000007aab00000,0x00000007ac000000)
  from space 1536K, 97% used [0x00000007ac380000,0x00000007ac4f8010,0x00000007ac500000)
  to   space 3584K, 0% used [0x00000007ac000000,0x00000007ac000000,0x00000007ac380000)
 ParOldGen       total 68608K, used 21252K [0x0000000700000000, 0x0000000704300000, 0x00000007aab00000)
  object space 68608K, 30% used [0x0000000700000000,0x00000007014c1120,0x0000000704300000)
 Metaspace       used 43374K, committed 44416K, reserved 1114112K
  class space    used 4474K, committed 4928K, reserved 1048576K
}
Event: 5.504 GC heap before
{Heap before GC invocations=19 (full 2):
 PSYoungGen      total 23040K, used 23008K [0x00000007aab00000, 0x00000007ac780000, 0x0000000800000000)
  eden space 21504K, 100% used [0x00000007aab00000,0x00000007ac000000,0x00000007ac000000)
  from space 1536K, 97% used [0x00000007ac380000,0x00000007ac4f8010,0x00000007ac500000)
  to   space 3584K, 0% used [0x00000007ac000000,0x00000007ac000000,0x00000007ac380000)
 ParOldGen       total 68608K, used 21252K [0x0000000700000000, 0x0000000704300000, 0x00000007aab00000)
  object space 68608K, 30% used [0x0000000700000000,0x00000007014c1120,0x0000000704300000)
 Metaspace       used 45381K, committed 46464K, reserved 1114112K
  class space    used 4729K, committed 5184K, reserved 1048576K
}
Event: 5.505 GC heap after
{Heap after GC invocations=19 (full 2):
 PSYoungGen      total 23552K, used 1773K [0x00000007aab00000, 0x00000007ac500000, 0x0000000800000000)
  eden space 21504K, 0% used [0x00000007aab00000,0x00000007aab00000,0x00000007ac000000)
  from space 2048K, 86% used [0x00000007ac000000,0x00000007ac1bb530,0x00000007ac200000)
  to   space 2560K, 0% used [0x00000007ac280000,0x00000007ac280000,0x00000007ac500000)
 ParOldGen       total 68608K, used 22750K [0x0000000700000000, 0x0000000704300000, 0x00000007aab00000)
  object space 68608K, 33% used [0x0000000700000000,0x0000000701637918,0x0000000704300000)
 Metaspace       used 45381K, committed 46464K, reserved 1114112K
  class space    used 4729K, committed 5184K, reserved 1048576K
}
Event: 5.676 GC heap before
{Heap before GC invocations=20 (full 2):
 PSYoungGen      total 23552K, used 23277K [0x00000007aab00000, 0x00000007ac500000, 0x0000000800000000)
  eden space 21504K, 100% used [0x00000007aab00000,0x00000007ac000000,0x00000007ac000000)
  from space 2048K, 86% used [0x00000007ac000000,0x00000007ac1bb530,0x00000007ac200000)
  to   space 2560K, 0% used [0x00000007ac280000,0x00000007ac280000,0x00000007ac500000)
 ParOldGen       total 68608K, used 22750K [0x0000000700000000, 0x0000000704300000, 0x00000007aab00000)
  object space 68608K, 33% used [0x0000000700000000,0x0000000701637918,0x0000000704300000)
 Metaspace       used 46721K, committed 47808K, reserved 1114112K
  class space    used 4872K, committed 5312K, reserved 1048576K
}
Event: 5.678 GC heap after
{Heap after GC invocations=20 (full 2):
 PSYoungGen      total 24064K, used 2161K [0x00000007aab00000, 0x00000007ac500000, 0x0000000800000000)
  eden space 21504K, 0% used [0x00000007aab00000,0x00000007aab00000,0x00000007ac000000)
  from space 2560K, 84% used [0x00000007ac280000,0x00000007ac49c770,0x00000007ac500000)
  to   space 2560K, 0% used [0x00000007ac000000,0x00000007ac000000,0x00000007ac280000)
 ParOldGen       total 68608K, used 24298K [0x0000000700000000, 0x0000000704300000, 0x00000007aab00000)
  object space 68608K, 35% used [0x0000000700000000,0x00000007017baa00,0x0000000704300000)
 Metaspace       used 46721K, committed 47808K, reserved 1114112K
  class space    used 4872K, committed 5312K, reserved 1048576K
}
Event: 5.738 GC heap before
{Heap before GC invocations=21 (full 2):
 PSYoungGen      total 24064K, used 23665K [0x00000007aab00000, 0x00000007ac500000, 0x0000000800000000)
  eden space 21504K, 100% used [0x00000007aab00000,0x00000007ac000000,0x00000007ac000000)
  from space 2560K, 84% used [0x00000007ac280000,0x00000007ac49c770,0x00000007ac500000)
  to   space 2560K, 0% used [0x00000007ac000000,0x00000007ac000000,0x00000007ac280000)
 ParOldGen       total 68608K, used 24298K [0x0000000700000000, 0x0000000704300000, 0x00000007aab00000)
  object space 68608K, 35% used [0x0000000700000000,0x00000007017baa00,0x0000000704300000)
 Metaspace       used 47012K, committed 48128K, reserved 1114112K
  class space    used 4913K, committed 5376K, reserved 1048576K
}
Event: 5.753 GC heap after
{Heap after GC invocations=21 (full 2):
 PSYoungGen      total 24064K, used 2304K [0x00000007aab00000, 0x00000007ac500000, 0x0000000800000000)
  eden space 21504K, 0% used [0x00000007aab00000,0x00000007aab00000,0x00000007ac000000)
  from space 2560K, 90% used [0x00000007ac000000,0x00000007ac240000,0x00000007ac280000)
  to   space 2560K, 0% used [0x00000007ac280000,0x00000007ac280000,0x00000007ac500000)
 ParOldGen       total 68608K, used 26265K [0x0000000700000000, 0x0000000704300000, 0x00000007aab00000)
  object space 68608K, 38% used [0x0000000700000000,0x00000007019a6570,0x0000000704300000)
 Metaspace       used 47012K, committed 48128K, reserved 1114112K
  class space    used 4913K, committed 5376K, reserved 1048576K
}
Event: 5.802 GC heap before
{Heap before GC invocations=22 (full 2):
 PSYoungGen      total 24064K, used 23808K [0x00000007aab00000, 0x00000007ac500000, 0x0000000800000000)
  eden space 21504K, 100% used [0x00000007aab00000,0x00000007ac000000,0x00000007ac000000)
  from space 2560K, 90% used [0x00000007ac000000,0x00000007ac240000,0x00000007ac280000)
  to   space 2560K, 0% used [0x00000007ac280000,0x00000007ac280000,0x00000007ac500000)
 ParOldGen       total 68608K, used 26265K [0x0000000700000000, 0x0000000704300000, 0x00000007aab00000)
  object space 68608K, 38% used [0x0000000700000000,0x00000007019a6570,0x0000000704300000)
 Metaspace       used 47164K, committed 48256K, reserved 1114112K
  class space    used 4931K, committed 5376K, reserved 1048576K
}
Event: 5.810 GC heap after
{Heap after GC invocations=22 (full 2):
 PSYoungGen      total 21504K, used 2532K [0x00000007aab00000, 0x00000007aca00000, 0x0000000800000000)
  eden space 18944K, 0% used [0x00000007aab00000,0x00000007aab00000,0x00000007abd80000)
  from space 2560K, 98% used [0x00000007ac280000,0x00000007ac4f9058,0x00000007ac500000)
  to   space 5120K, 0% used [0x00000007abd80000,0x00000007abd80000,0x00000007ac280000)
 ParOldGen       total 68608K, used 28400K [0x0000000700000000, 0x0000000704300000, 0x00000007aab00000)
  object space 68608K, 41% used [0x0000000700000000,0x0000000701bbc048,0x0000000704300000)
 Metaspace       used 47164K, committed 48256K, reserved 1114112K
  class space    used 4931K, committed 5376K, reserved 1048576K
}
Event: 5.872 GC heap before
{Heap before GC invocations=23 (full 2):
 PSYoungGen      total 21504K, used 21476K [0x00000007aab00000, 0x00000007aca00000, 0x0000000800000000)
  eden space 18944K, 100% used [0x00000007aab00000,0x00000007abd80000,0x00000007abd80000)
  from space 2560K, 98% used [0x00000007ac280000,0x00000007ac4f9058,0x00000007ac500000)
  to   space 5120K, 0% used [0x00000007abd80000,0x00000007abd80000,0x00000007ac280000)
 ParOldGen       total 68608K, used 28400K [0x0000000700000000, 0x0000000704300000, 0x00000007aab00000)
  object space 68608K, 41% used [0x0000000700000000,0x0000000701bbc048,0x0000000704300000)
 Metaspace       used 47635K, committed 48704K, reserved 1114112K
  class space    used 4980K, committed 5440K, reserved 1048576K
}
Event: 5.874 GC heap after
{Heap after GC invocations=23 (full 2):
 PSYoungGen      total 20992K, used 1723K [0x00000007aab00000, 0x00000007ac380000, 0x0000000800000000)
  eden space 18944K, 0% used [0x00000007aab00000,0x00000007aab00000,0x00000007abd80000)
  from space 2048K, 84% used [0x00000007abd80000,0x00000007abf2ec08,0x00000007abf80000)
  to   space 3072K, 0% used [0x00000007ac080000,0x00000007ac080000,0x00000007ac380000)
 ParOldGen       total 68608K, used 30823K [0x0000000700000000, 0x0000000704300000, 0x00000007aab00000)
  object space 68608K, 44% used [0x0000000700000000,0x0000000701e19f48,0x0000000704300000)
 Metaspace       used 47635K, committed 48704K, reserved 1114112K
  class space    used 4980K, committed 5440K, reserved 1048576K
}
Event: 6.010 GC heap before
{Heap before GC invocations=24 (full 2):
 PSYoungGen      total 20992K, used 20667K [0x00000007aab00000, 0x00000007ac380000, 0x0000000800000000)
  eden space 18944K, 100% used [0x00000007aab00000,0x00000007abd80000,0x00000007abd80000)
  from space 2048K, 84% used [0x00000007abd80000,0x00000007abf2ec08,0x00000007abf80000)
  to   space 3072K, 0% used [0x00000007ac080000,0x00000007ac080000,0x00000007ac380000)
 ParOldGen       total 68608K, used 30823K [0x0000000700000000, 0x0000000704300000, 0x00000007aab00000)
  object space 68608K, 44% used [0x0000000700000000,0x0000000701e19f48,0x0000000704300000)
 Metaspace       used 48670K, committed 49728K, reserved 1114112K
  class space    used 5090K, committed 5568K, reserved 1048576K
}
Event: 6.012 GC heap after
{Heap after GC invocations=24 (full 2):
 PSYoungGen      total 21504K, used 2245K [0x00000007aab00000, 0x00000007ac300000, 0x0000000800000000)
  eden space 18944K, 0% used [0x00000007aab00000,0x00000007aab00000,0x00000007abd80000)
  from space 2560K, 87% used [0x00000007ac080000,0x00000007ac2b1568,0x00000007ac300000)
  to   space 2560K, 0% used [0x00000007abe00000,0x00000007abe00000,0x00000007ac080000)
 ParOldGen       total 68608K, used 32372K [0x0000000700000000, 0x0000000704300000, 0x00000007aab00000)
  object space 68608K, 47% used [0x0000000700000000,0x0000000701f9d0c0,0x0000000704300000)
 Metaspace       used 48670K, committed 49728K, reserved 1114112K
  class space    used 5090K, committed 5568K, reserved 1048576K
}
Event: 6.116 GC heap before
{Heap before GC invocations=25 (full 2):
 PSYoungGen      total 21504K, used 21189K [0x00000007aab00000, 0x00000007ac300000, 0x0000000800000000)
  eden space 18944K, 100% used [0x00000007aab00000,0x00000007abd80000,0x00000007abd80000)
  from space 2560K, 87% used [0x00000007ac080000,0x00000007ac2b1568,0x00000007ac300000)
  to   space 2560K, 0% used [0x00000007abe00000,0x00000007abe00000,0x00000007ac080000)
 ParOldGen       total 68608K, used 32372K [0x0000000700000000, 0x0000000704300000, 0x00000007aab00000)
  object space 68608K, 47% used [0x0000000700000000,0x0000000701f9d0c0,0x0000000704300000)
 Metaspace       used 50429K, committed 51520K, reserved 1114112K
  class space    used 5298K, committed 5760K, reserved 1048576K
}
Event: 6.118 GC heap after
{Heap after GC invocations=25 (full 2):
 PSYoungGen      total 21504K, used 2050K [0x00000007aab00000, 0x00000007ac280000, 0x0000000800000000)
  eden space 18944K, 0% used [0x00000007aab00000,0x00000007aab00000,0x00000007abd80000)
  from space 2560K, 80% used [0x00000007abe00000,0x00000007ac000b30,0x00000007ac080000)
  to   space 2048K, 0% used [0x00000007ac080000,0x00000007ac080000,0x00000007ac280000)
 ParOldGen       total 68608K, used 34262K [0x0000000700000000, 0x0000000704300000, 0x00000007aab00000)
  object space 68608K, 49% used [0x0000000700000000,0x0000000702175bd8,0x0000000704300000)
 Metaspace       used 50429K, committed 51520K, reserved 1114112K
  class space    used 5298K, committed 5760K, reserved 1048576K
}
Event: 6.220 GC heap before
{Heap before GC invocations=26 (full 2):
 PSYoungGen      total 21504K, used 20994K [0x00000007aab00000, 0x00000007ac280000, 0x0000000800000000)
  eden space 18944K, 100% used [0x00000007aab00000,0x00000007abd80000,0x00000007abd80000)
  from space 2560K, 80% used [0x00000007abe00000,0x00000007ac000b30,0x00000007ac080000)
  to   space 2048K, 0% used [0x00000007ac080000,0x00000007ac080000,0x00000007ac280000)
 ParOldGen       total 68608K, used 34262K [0x0000000700000000, 0x0000000704300000, 0x00000007aab00000)
  object space 68608K, 49% used [0x0000000700000000,0x0000000702175bd8,0x0000000704300000)
 Metaspace       used 51203K, committed 52288K, reserved 1114112K
  class space    used 5372K, committed 5824K, reserved 1048576K
}
Event: 6.221 GC heap after
{Heap after GC invocations=26 (full 2):
 PSYoungGen      total 18432K, used 2036K [0x00000007aab00000, 0x00000007ac880000, 0x0000000800000000)
  eden space 16384K, 0% used [0x00000007aab00000,0x00000007aab00000,0x00000007abb00000)
  from space 2048K, 99% used [0x00000007ac080000,0x00000007ac27d378,0x00000007ac280000)
  to   space 5632K, 0% used [0x00000007abb00000,0x00000007abb00000,0x00000007ac080000)
 ParOldGen       total 68608K, used 37172K [0x0000000700000000, 0x0000000704300000, 0x00000007aab00000)
  object space 68608K, 54% used [0x0000000700000000,0x000000070244d230,0x0000000704300000)
 Metaspace       used 51203K, committed 52288K, reserved 1114112K
  class space    used 5372K, committed 5824K, reserved 1048576K
}
Event: 6.291 GC heap before
{Heap before GC invocations=27 (full 2):
 PSYoungGen      total 18432K, used 18420K [0x00000007aab00000, 0x00000007ac880000, 0x0000000800000000)
  eden space 16384K, 100% used [0x00000007aab00000,0x00000007abb00000,0x00000007abb00000)
  from space 2048K, 99% used [0x00000007ac080000,0x00000007ac27d378,0x00000007ac280000)
  to   space 5632K, 0% used [0x00000007abb00000,0x00000007abb00000,0x00000007ac080000)
 ParOldGen       total 68608K, used 37172K [0x0000000700000000, 0x0000000704300000, 0x00000007aab00000)
  object space 68608K, 54% used [0x0000000700000000,0x000000070244d230,0x0000000704300000)
 Metaspace       used 52009K, committed 53056K, reserved 1114112K
  class space    used 5495K, committed 5952K, reserved 1048576K
}
Event: 6.294 GC heap after
{Heap after GC invocations=27 (full 2):
 PSYoungGen      total 19456K, used 3055K [0x00000007aab00000, 0x00000007ac300000, 0x0000000800000000)
  eden space 16384K, 0% used [0x00000007aab00000,0x00000007aab00000,0x00000007abb00000)
  from space 3072K, 99% used [0x00000007abb00000,0x00000007abdfbee8,0x00000007abe00000)
  to   space 4096K, 0% used [0x00000007abf00000,0x00000007abf00000,0x00000007ac300000)
 ParOldGen       total 68608K, used 39124K [0x0000000700000000, 0x0000000704300000, 0x00000007aab00000)
  object space 68608K, 57% used [0x0000000700000000,0x0000000702635290,0x0000000704300000)
 Metaspace       used 52009K, committed 53056K, reserved 1114112K
  class space    used 5495K, committed 5952K, reserved 1048576K
}

